<?xml version="1.0" encoding="UTF-8"?>
<robot generator="Robot 7.0 (Python 3.12.3 on linux)" generated="2024-05-06T15:26:36.799147" rpa="false" schemaversion="5">
<suite id="s1" name="Generic-Automation" source="/tests/generic-automation.robot">
<test id="s1-t1" name="FUNCTIONAL TESTS SETUP : Start the Prism API Mock Server for the Go Httpstat functional tests and Vegeta Load Tests." line="22">
<kw name="Automation Section For Slack Notifications">
<kw name="Set Suite Variable" owner="BuiltIn">
<msg time="2024-05-06T15:26:36.938935" level="INFO">${AUTOMATION_SECTION_NAME} = FUNCTIONAL TESTS SETUP</msg>
<arg>${AUTOMATION_SECTION_NAME}</arg>
<arg>${AUTOMATION_SECTION}</arg>
<doc>Makes a variable available everywhere within the scope of the current suite.</doc>
<status status="PASS" start="2024-05-06T15:26:36.937629" elapsed="0.001377"/>
</kw>
<arg>FUNCTIONAL TESTS SETUP</arg>
<status status="PASS" start="2024-05-06T15:26:36.935908" elapsed="0.003195"/>
</kw>
<kw name="Log Lines To Console">
<kw name="Log To Console" owner="BuiltIn">
<arg>...\n...\n...\n...</arg>
<doc>Logs the given message to the console.</doc>
<status status="PASS" start="2024-05-06T15:26:36.939835" elapsed="0.000386"/>
</kw>
<status status="PASS" start="2024-05-06T15:26:36.939473" elapsed="0.001058"/>
</kw>
<kw name="Start Prism API Mock Server">
<kw name="Remove File" owner="OperatingSystem">
<msg time="2024-05-06T15:26:36.942500" level="INFO" html="true">Removed file '&lt;a href="file:///tests/resources/api-application.log"&gt;/tests/resources/api-application.log&lt;/a&gt;'.</msg>
<arg>${EXECDIR}/resources/api-application.log</arg>
<doc>Removes a file with the given path.</doc>
<status status="PASS" start="2024-05-06T15:26:36.941598" elapsed="0.001038"/>
</kw>
<kw name="Download And Install Prism" owner="PrismMockServerLibrary">
<doc>Downloads and installs the Prism tool.</doc>
<status status="PASS" start="2024-05-06T15:26:36.942845" elapsed="7.644121"/>
</kw>
<kw name="Start Prism Mock Server" owner="PrismMockServerLibrary">
<doc>Start the Prism tool and create a mock API server.</doc>
<status status="PASS" start="2024-05-06T15:26:44.587675" elapsed="5.012823"/>
</kw>
<kw name="Log To Console" owner="BuiltIn">
<arg>Prism Mock Server Started</arg>
<doc>Logs the given message to the console.</doc>
<status status="PASS" start="2024-05-06T15:26:49.600715" elapsed="0.001876"/>
</kw>
<kw name="Log To Console" owner="BuiltIn">
<arg>Check the Mock API log found in... ${EXECDIR}/resources/api-application.log</arg>
<doc>Logs the given message to the console.</doc>
<status status="PASS" start="2024-05-06T15:26:49.602834" elapsed="0.005067"/>
</kw>
<status status="PASS" start="2024-05-06T15:26:36.940913" elapsed="12.669093"/>
</kw>
<kw name="Log Lines To Console">
<kw name="Log To Console" owner="BuiltIn">
<arg>...\n...\n...\n...</arg>
<doc>Logs the given message to the console.</doc>
<status status="PASS" start="2024-05-06T15:26:49.613940" elapsed="0.002999"/>
</kw>
<status status="PASS" start="2024-05-06T15:26:49.610394" elapsed="0.006641"/>
</kw>
<kw name="Trigger Only After Failure" type="TEARDOWN">
<kw name="Run Keyword If Test Failed" owner="BuiltIn">
<arg>Automation Failure Detected Notify Team</arg>
<doc>Runs the given keyword with the given arguments, if the test failed.</doc>
<status status="PASS" start="2024-05-06T15:26:49.619482" elapsed="0.001116"/>
</kw>
<status status="PASS" start="2024-05-06T15:26:49.618556" elapsed="0.002125"/>
</kw>
<tag>Run_All_Tests</tag>
<tag>Tests_Setup</tag>
<status status="PASS" start="2024-05-06T15:26:36.934815" elapsed="12.686553"/>
</test>
<test id="s1-t2" name="CHAOS AND LOAD TESTS SETUP : Start the Toxiproxy TCP Chaos Proxy." line="29">
<kw name="Automation Section For Slack Notifications">
<kw name="Set Suite Variable" owner="BuiltIn">
<msg time="2024-05-06T15:26:49.625025" level="INFO">${AUTOMATION_SECTION_NAME} = CHAOS AND LOAD TESTS SETUP</msg>
<arg>${AUTOMATION_SECTION_NAME}</arg>
<arg>${AUTOMATION_SECTION}</arg>
<doc>Makes a variable available everywhere within the scope of the current suite.</doc>
<status status="PASS" start="2024-05-06T15:26:49.624110" elapsed="0.000983"/>
</kw>
<arg>CHAOS AND LOAD TESTS SETUP</arg>
<status status="PASS" start="2024-05-06T15:26:49.623147" elapsed="0.002024"/>
</kw>
<kw name="Log Lines To Console">
<kw name="Log To Console" owner="BuiltIn">
<arg>...\n...\n...\n...</arg>
<doc>Logs the given message to the console.</doc>
<status status="PASS" start="2024-05-06T15:26:49.625818" elapsed="0.000193"/>
</kw>
<status status="PASS" start="2024-05-06T15:26:49.625539" elapsed="0.000561"/>
</kw>
<kw name="Start Toxiproxy TCP Proxy">
<kw name="Remove File" owner="OperatingSystem">
<msg time="2024-05-06T15:26:49.632080" level="INFO" html="true">Removed file '&lt;a href="file:///tests/resources/toxiproxy.log"&gt;/tests/resources/toxiproxy.log&lt;/a&gt;'.</msg>
<arg>${EXECDIR}/resources/toxiproxy.log</arg>
<doc>Removes a file with the given path.</doc>
<status status="PASS" start="2024-05-06T15:26:49.626964" elapsed="0.005221"/>
</kw>
<kw name="Start Toxiproxy Server" owner="ToxiproxyChaosTestLibrary">
<doc>Start the Toxiproxy server.</doc>
<status status="PASS" start="2024-05-06T15:26:49.632506" elapsed="5.004049"/>
</kw>
<kw name="Create TCP Chaos Proxy" owner="ToxiproxyChaosTestLibrary">
<doc>Create a TCP Chaos Proxy for the Vegeta load tests.</doc>
<status status="PASS" start="2024-05-06T15:26:54.636759" elapsed="5.008788"/>
</kw>
<kw name="Add Limited Bandwidth Toxic" owner="ToxiproxyChaosTestLibrary">
<doc>Add the Limited Bandwidth Toxic to the Vegeta load tests. It will limit a connection to a maximum number of kilobytes per second.</doc>
<status status="PASS" start="2024-05-06T15:26:59.645768" elapsed="5.004189"/>
</kw>
<kw name="Add Slow Close Toxic" owner="ToxiproxyChaosTestLibrary">
<doc>Add the Slow Close Toxic to the Vegeta load tests. It will delay the TCP socket from closing until delay has elapsed.</doc>
<status status="PASS" start="2024-05-06T15:27:04.650657" elapsed="5.015811"/>
</kw>
<kw name="Add Latency Toxic" owner="ToxiproxyChaosTestLibrary">
<doc>Add the Latency Toxic to the Vegeta load tests. It will add a delay to all data going through the proxy.</doc>
<status status="PASS" start="2024-05-06T15:27:09.667031" elapsed="5.021553"/>
</kw>
<kw name="Log To Console" owner="BuiltIn">
<arg>Toxiproxy Server Started</arg>
<doc>Logs the given message to the console.</doc>
<status status="PASS" start="2024-05-06T15:27:14.692451" elapsed="0.001863"/>
</kw>
<kw name="Log To Console" owner="BuiltIn">
<arg>Check the Toxiproxy log found in... ${EXECDIR}/resources/toxiproxy.log</arg>
<doc>Logs the given message to the console.</doc>
<status status="PASS" start="2024-05-06T15:27:14.695830" elapsed="0.003814"/>
</kw>
<status status="PASS" start="2024-05-06T15:26:49.626524" elapsed="25.073300"/>
</kw>
<kw name="Log Lines To Console">
<kw name="Log To Console" owner="BuiltIn">
<arg>...\n...\n...\n...</arg>
<doc>Logs the given message to the console.</doc>
<status status="PASS" start="2024-05-06T15:27:14.705262" elapsed="0.001714"/>
</kw>
<status status="PASS" start="2024-05-06T15:27:14.702283" elapsed="0.005330"/>
</kw>
<kw name="Trigger Only After Failure" type="TEARDOWN">
<kw name="Run Keyword If Test Failed" owner="BuiltIn">
<arg>Automation Failure Detected Notify Team</arg>
<doc>Runs the given keyword with the given arguments, if the test failed.</doc>
<status status="PASS" start="2024-05-06T15:27:14.714895" elapsed="0.000609"/>
</kw>
<status status="PASS" start="2024-05-06T15:27:14.708094" elapsed="0.007555"/>
</kw>
<tag>Run_All_Tests</tag>
<tag>Tests_Setup</tag>
<status status="PASS" start="2024-05-06T15:26:49.622562" elapsed="25.093253"/>
</test>
<test id="s1-t3" name="MODEL-BASED CHAOS TESTS SETUP : Create a new Graphwalker Path File for the Model-Based Chaos Tests. The Graphwalker Model combines API Functional Test, Chaos Test, and Mutational Fuzz Test strategies." line="36">
<kw name="Automation Section For Slack Notifications">
<kw name="Set Suite Variable" owner="BuiltIn">
<msg time="2024-05-06T15:27:14.732071" level="INFO">${AUTOMATION_SECTION_NAME} = MODEL-BASED CHAOS TESTS SETUP</msg>
<arg>${AUTOMATION_SECTION_NAME}</arg>
<arg>${AUTOMATION_SECTION}</arg>
<doc>Makes a variable available everywhere within the scope of the current suite.</doc>
<status status="PASS" start="2024-05-06T15:27:14.730003" elapsed="0.003613"/>
</kw>
<arg>MODEL-BASED CHAOS TESTS SETUP</arg>
<status status="PASS" start="2024-05-06T15:27:14.726779" elapsed="0.012818"/>
</kw>
<kw name="Log Lines To Console">
<kw name="Log To Console" owner="BuiltIn">
<arg>...\n...\n...\n...</arg>
<doc>Logs the given message to the console.</doc>
<status status="PASS" start="2024-05-06T15:27:14.750201" elapsed="0.000623"/>
</kw>
<status status="PASS" start="2024-05-06T15:27:14.741822" elapsed="0.011035"/>
</kw>
<kw name="Create Graphwalker Path File">
<kw name="Remove File" owner="OperatingSystem">
<msg time="2024-05-06T15:27:14.781979" level="INFO" html="true">Removed file '&lt;a href="file:///tests/resources/GraphwalkerPath.csv"&gt;/tests/resources/GraphwalkerPath.csv&lt;/a&gt;'.</msg>
<arg>${EXECDIR}/resources/GraphwalkerPath.csv</arg>
<doc>Removes a file with the given path.</doc>
<status status="PASS" start="2024-05-06T15:27:14.766604" elapsed="0.017961"/>
</kw>
<kw name="Run Keyword And Ignore Error" owner="BuiltIn">
<kw name="Run" owner="OperatingSystem">
<msg time="2024-05-06T15:27:14.833681" level="INFO">Running command 'java -jar /usr/bin/graphwalker-cli-4.3.2.jar offline --start-element send_get_request_to_user_endpoint --model /tests/resources/GraphwalkerModel.graphml "random(edge_coverage(100))" | jq -r '.currentElementName' &gt;&gt; /tests/resources/GraphwalkerPath.csv'.</msg>
<arg>java -jar /usr/bin/graphwalker-cli-4.3.2.jar offline --start-element send_get_request_to_user_endpoint --model ${EXECDIR}/resources/GraphwalkerModel.graphml "random(edge_coverage(100))" | jq -r '.currentElementName' &gt;&gt; ${EXECDIR}/resources/GraphwalkerPath.csv</arg>
<doc>Runs the given command in the system and returns the output.</doc>
<status status="PASS" start="2024-05-06T15:27:14.795264" elapsed="5.911043"/>
</kw>
<arg>Run</arg>
<arg>java -jar /usr/bin/graphwalker-cli-4.3.2.jar offline --start-element send_get_request_to_user_endpoint --model ${EXECDIR}/resources/GraphwalkerModel.graphml "random(edge_coverage(100))" | jq -r '.currentElementName' &gt;&gt; ${EXECDIR}/resources/GraphwalkerPath.csv</arg>
<doc>Runs the given keyword with the given arguments and ignores possible error.</doc>
<status status="PASS" start="2024-05-06T15:27:14.793305" elapsed="5.913604"/>
</kw>
<kw name="Log To Console" owner="BuiltIn">
<arg>Graphwalker Path File Created</arg>
<doc>Logs the given message to the console.</doc>
<status status="PASS" start="2024-05-06T15:27:20.707267" elapsed="0.000340"/>
</kw>
<kw name="Log To Console" owner="BuiltIn">
<arg>Check the Graphwalker Path File found in... ${EXECDIR}/resources/GraphwalkerPath.csv</arg>
<doc>Logs the given message to the console.</doc>
<status status="PASS" start="2024-05-06T15:27:20.707840" elapsed="0.000366"/>
</kw>
<status status="PASS" start="2024-05-06T15:27:14.756843" elapsed="5.951543"/>
</kw>
<kw name="Log Lines To Console">
<kw name="Log To Console" owner="BuiltIn">
<arg>...\n...\n...\n...</arg>
<doc>Logs the given message to the console.</doc>
<status status="PASS" start="2024-05-06T15:27:20.709180" elapsed="0.000371"/>
</kw>
<status status="PASS" start="2024-05-06T15:27:20.708772" elapsed="0.000901"/>
</kw>
<kw name="Trigger Only After Failure" type="TEARDOWN">
<kw name="Run Keyword If Test Failed" owner="BuiltIn">
<arg>Automation Failure Detected Notify Team</arg>
<doc>Runs the given keyword with the given arguments, if the test failed.</doc>
<status status="PASS" start="2024-05-06T15:27:20.710659" elapsed="0.000159"/>
</kw>
<status status="PASS" start="2024-05-06T15:27:20.710070" elapsed="0.000865"/>
</kw>
<tag>Run_All_Tests</tag>
<tag>Tests_Setup</tag>
<status status="PASS" start="2024-05-06T15:27:14.719161" elapsed="5.991928"/>
</test>
<test id="s1-t4" name="MODEL-BASED CHAOS TESTS RUNNER - Test_ID1 : Run the Graphwalker Path File for the Model-Based Chaos Tests. The Graphwalker Model combines API Functional Test, Chaos Test, and Mutational Fuzz Test strategies." line="43">
<kw name="Automation Section For Slack Notifications">
<kw name="Set Suite Variable" owner="BuiltIn">
<msg time="2024-05-06T15:27:20.714035" level="INFO">${AUTOMATION_SECTION_NAME} = MODEL-BASED CHAOS TESTS RUNNER</msg>
<arg>${AUTOMATION_SECTION_NAME}</arg>
<arg>${AUTOMATION_SECTION}</arg>
<doc>Makes a variable available everywhere within the scope of the current suite.</doc>
<status status="PASS" start="2024-05-06T15:27:20.713658" elapsed="0.000455"/>
</kw>
<arg>MODEL-BASED CHAOS TESTS RUNNER</arg>
<status status="PASS" start="2024-05-06T15:27:20.713010" elapsed="0.001218"/>
</kw>
<kw name="Log Lines To Console">
<kw name="Log To Console" owner="BuiltIn">
<arg>...\n...\n...\n...</arg>
<doc>Logs the given message to the console.</doc>
<status status="PASS" start="2024-05-06T15:27:20.715084" elapsed="0.000380"/>
</kw>
<status status="PASS" start="2024-05-06T15:27:20.714631" elapsed="0.000947"/>
</kw>
<kw name="Run Graphwalker Model Based Tests">
<kw name="Get File" owner="OperatingSystem">
<msg time="2024-05-06T15:27:20.716720" level="INFO" html="true">Getting file '&lt;a href="file:///tests/resources/GraphwalkerPath.csv"&gt;/tests/resources/GraphwalkerPath.csv&lt;/a&gt;'.</msg>
<msg time="2024-05-06T15:27:20.720305" level="INFO">${GRAPHWALKER_CSV_FILE_CONTENTS} = send_get_request_to_user_endpoint
check_api_response_log_files
add_toxiproxy_limited_bandwidth_then_send_user_get_request
check_api_response_log_files
add_toxiproxy_latency_then_send_user_get_request
...</msg>
<var>${GRAPHWALKER_CSV_FILE_CONTENTS}</var>
<arg>${EXECDIR}/resources/${GRAPHWALKER_CSV_FILE}</arg>
<doc>Returns the contents of a specified file.</doc>
<status status="PASS" start="2024-05-06T15:27:20.716318" elapsed="0.004062"/>
</kw>
<kw name="Log" owner="BuiltIn">
<msg time="2024-05-06T15:27:20.720929" level="INFO">send_get_request_to_user_endpoint
check_api_response_log_files
add_toxiproxy_limited_bandwidth_then_send_user_get_request
check_api_response_log_files
add_toxiproxy_latency_then_send_user_get_request
check_api_response_log_files
add_toxiproxy_latency_then_send_user_get_request
check_api_response_log_files
add_toxiproxy_limited_bandwidth_then_send_user_get_request
check_api_response_log_files
add_toxiproxy_limited_bandwidth_then_send_user_get_request
check_api_response_log_files
add_toxiproxy_limited_bandwidth_then_send_user_get_request
check_api_response_log_files
add_toxiproxy_slow_close_then_send_user_get_request
check_api_response_log_files
send_post_request_to_user_endpoint
check_server_log_files
send_post_request_to_order_endpoint_with_fuzzed_data
check_server_log_files
send_get_request_to_pets_endpoint
check_api_response_log_files
add_toxiproxy_limited_bandwidth_then_send_user_get_request
check_api_response_log_files
add_toxiproxy_latency_then_send_user_get_request
check_api_response_log_files
add_toxiproxy_latency_then_send_user_get_request
check_api_response_log_files
send_post_request_to_user_endpoint
check_server_log_files
send_post_request_to_user_endpoint_with_fuzzed_data
check_server_log_files
send_post_request_to_order_endpoint_with_fuzzed_data
check_server_log_files
send_post_request_to_user_endpoint_with_fuzzed_data
check_server_log_files
send_get_request_to_order_endpoint
check_api_response_log_files
send_post_request_to_order_endpoint
check_server_log_files
send_get_request_to_pets_endpoint
check_api_response_log_files
send_post_request_to_user_endpoint
check_server_log_files
send_get_request_to_pets_endpoint
check_api_response_log_files
add_toxiproxy_latency_then_send_user_get_request
check_api_response_log_files
add_toxiproxy_limited_bandwidth_then_send_user_get_request
check_api_response_log_files
add_toxiproxy_limited_bandwidth_then_send_user_get_request
check_api_response_log_files
send_post_request_to_user_endpoint
check_server_log_files
send_get_request_to_order_endpoint
check_api_response_log_files
send_post_request_to_order_endpoint
check_server_log_files
send_get_request_to_order_endpoint
check_api_response_log_files
add_toxiproxy_limited_bandwidth_then_send_user_get_request
check_api_response_log_files
send_post_request_to_order_endpoint
check_server_log_files
send_get_request_to_order_endpoint
check_api_response_log_files
send_post_request_to_order_endpoint
check_server_log_files
send_get_request_to_order_endpoint
check_api_response_log_files
add_toxiproxy_latency_then_send_user_get_request
check_api_response_log_files
add_toxiproxy_slow_close_then_send_user_get_request
check_api_response_log_files
add_toxiproxy_latency_then_send_user_get_request
check_api_response_log_files
add_toxiproxy_slow_close_then_send_user_get_request
check_api_response_log_files
send_post_request_to_user_endpoint
check_server_log_files
send_get_request_to_pets_endpoint
check_api_response_log_files
send_post_request_to_order_endpoint
check_server_log_files
send_get_request_to_order_endpoint
check_api_response_log_files
add_toxiproxy_latency_then_send_user_get_request
check_api_response_log_files
add_toxiproxy_latency_then_send_user_get_request
check_api_response_log_files
send_post_request_to_order_endpoint
check_server_log_files
send_get_request_to_pets_endpoint
check_api_response_log_files
add_toxiproxy_slow_close_then_send_user_get_request
check_api_response_log_files
add_toxiproxy_limited_bandwidth_then_send_user_get_request
check_api_response_log_files
send_post_request_to_order_endpoint
check_server_log_files
send_get_request_to_pets_endpoint
check_api_response_log_files
add_toxiproxy_limited_bandwidth_then_send_user_get_request
check_api_response_log_files
add_toxiproxy_latency_then_send_user_get_request
check_api_response_log_files
send_post_request_to_order_endpoint
check_server_log_files
send_get_request_to_order_endpoint
check_api_response_log_files
add_toxiproxy_limited_bandwidth_then_send_user_get_request
check_api_response_log_files
add_toxiproxy_latency_then_send_user_get_request
check_api_response_log_files
add_toxiproxy_limited_bandwidth_then_send_user_get_request
check_api_response_log_files
send_post_request_to_order_endpoint
check_server_log_files
send_get_request_to_pets_endpoint
check_api_response_log_files
add_toxiproxy_limited_bandwidth_then_send_user_get_request
check_api_response_log_files
send_post_request_to_user_endpoint
check_server_log_files
send_post_request_to_user_endpoint_with_fuzzed_data
check_server_log_files
send_post_request_to_order_endpoint_with_fuzzed_data
check_server_log_files
send_get_request_to_pets_endpoint
check_api_response_log_files
add_toxiproxy_limited_bandwidth_then_send_user_get_request
check_api_response_log_files
send_post_request_to_user_endpoint
check_server_log_files
restart_server
check_server_log_files
</msg>
<arg>${GRAPHWALKER_CSV_FILE_CONTENTS}</arg>
<doc>Logs the given message with the given level.</doc>
<status status="PASS" start="2024-05-06T15:27:20.720682" elapsed="0.001649"/>
</kw>
<kw name="Get Graphwalker Path Keywords From CSV File">
<kw name="Split To Lines" owner="String">
<msg time="2024-05-06T15:27:20.723668" level="INFO">136 lines returned</msg>
<msg time="2024-05-06T15:27:20.723948" level="INFO">@{GRAPHWALKER_LINES} = [ send_get_request_to_user_endpoint | check_api_response_log_files | add_toxiproxy_limited_bandwidth_then_send_user_get_request | check_api_response_log_files | add_toxiproxy_latency_then_send_user_ge...</msg>
<var>@{GRAPHWALKER_LINES}</var>
<arg>${GRAPHWALKER_CSV_CONTENT}</arg>
<doc>Splits the given string to lines.</doc>
<status status="PASS" start="2024-05-06T15:27:20.723360" elapsed="0.000636"/>
</kw>
<return>
<value>@{GRAPHWALKER_LINES}</value>
<status status="PASS" start="2024-05-06T15:27:20.724085" elapsed="0.000094"/>
</return>
<msg time="2024-05-06T15:27:20.724693" level="INFO">@{GRAPHWALKER_PATH_LINES} = [ send_get_request_to_user_endpoint | check_api_response_log_files | add_toxiproxy_limited_bandwidth_then_send_user_get_request | check_api_response_log_files | add_toxiproxy_latency_then_send_user_ge...</msg>
<var>@{GRAPHWALKER_PATH_LINES}</var>
<arg>${GRAPHWALKER_CSV_FILE_CONTENTS}</arg>
<status status="PASS" start="2024-05-06T15:27:20.722875" elapsed="0.001870"/>
</kw>
<kw name="Run Graphwalker Path Keywords">
<for flavor="IN">
<iter>
<kw name="Run Keyword" owner="BuiltIn">
<kw name="send_get_request_to_user_endpoint">
<kw name="Run HTTPStat GET Request">
<kw name="Remove File" owner="OperatingSystem">
<msg time="2024-05-06T15:27:20.743264" level="INFO" html="true">File '&lt;a href="file:///tests/resources/httpstat-graphwalker-response-output.log"&gt;/tests/resources/httpstat-graphwalker-response-output.log&lt;/a&gt;' does not exist.</msg>
<arg>${EXECDIR}/resources/httpstat-graphwalker-response-output.log</arg>
<doc>Removes a file with the given path.</doc>
<status status="PASS" start="2024-05-06T15:27:20.741703" elapsed="0.001897"/>
</kw>
<kw name="Run Keyword And Ignore Error" owner="BuiltIn">
<kw name="Run" owner="OperatingSystem">
<msg time="2024-05-06T15:27:20.745262" level="INFO">Running command 'go run httpstat-test-runner.go -url "http://0.0.0.0:8080/user/vitae" -method "GET" &gt; /tests/resources/httpstat-graphwalker-response-output.log'.</msg>
<arg>go run httpstat-test-runner.go -url "${TARGET_URL}" -method "${REQUEST_METHOD}" &gt; ${EXECDIR}/resources/httpstat-graphwalker-response-output.log</arg>
<doc>Runs the given command in the system and returns the output.</doc>
<status status="PASS" start="2024-05-06T15:27:20.744130" elapsed="11.859899"/>
</kw>
<arg>Run</arg>
<arg>go run httpstat-test-runner.go -url "${TARGET_URL}" -method "${REQUEST_METHOD}" &gt; ${EXECDIR}/resources/httpstat-graphwalker-response-output.log</arg>
<doc>Runs the given keyword with the given arguments and ignores possible error.</doc>
<status status="PASS" start="2024-05-06T15:27:20.743880" elapsed="11.860957"/>
</kw>
<arg>http://0.0.0.0:8080/user/vitae</arg>
<arg>GET</arg>
<status status="PASS" start="2024-05-06T15:27:20.741179" elapsed="11.863828"/>
</kw>
<status status="PASS" start="2024-05-06T15:27:20.740328" elapsed="11.865319"/>
</kw>
<arg>${GRAPHWALKER_PATH_KEYWORD}</arg>
<doc>Executes the given keyword with the given arguments.</doc>
<status status="PASS" start="2024-05-06T15:27:20.726564" elapsed="11.879823"/>
</kw>
<var name="${GRAPHWALKER_PATH_KEYWORD}">send_get_request_to_user_endpoint</var>
<status status="PASS" start="2024-05-06T15:27:20.726297" elapsed="11.881594"/>
</iter>
<iter>
<kw name="Run Keyword" owner="BuiltIn">
<kw name="check_api_response_log_files">
<kw name="Get File" owner="OperatingSystem">
<msg time="2024-05-06T15:27:32.611435" level="INFO" html="true">Getting file '&lt;a href="file:///tests/resources/httpstat-graphwalker-response-output.log"&gt;/tests/resources/httpstat-graphwalker-response-output.log&lt;/a&gt;'.</msg>
<msg time="2024-05-06T15:27:32.613856" level="INFO">${HTTPSTAT_RESPONSE_CONTENTS} = --------------
URL: http://0.0.0.0:8080/user/vitae
Method: GET
Status Code: 200
--------------
Response Body:
{"id":-9007199254740991,"username":"string","firstName":"string","lastName":"string","emai...</msg>
<var>${HTTPSTAT_RESPONSE_CONTENTS}</var>
<arg>${EXECDIR}/resources/httpstat-graphwalker-response-output.log</arg>
<doc>Returns the contents of a specified file.</doc>
<status status="PASS" start="2024-05-06T15:27:32.611128" elapsed="0.002804"/>
</kw>
<kw name="Log" owner="BuiltIn">
<msg time="2024-05-06T15:27:32.614758" level="INFO">--------------
URL: http://0.0.0.0:8080/user/vitae
Method: GET
Status Code: 200
--------------
Response Body:
{"id":-9007199254740991,"username":"string","firstName":"string","lastName":"string","email":"string","password":"string","phone":"string","userStatus":-2147483648}
--------------
Metrics:
DNS lookup:           0 ms
TCP connection:      73 ms
TLS handshake:        0 ms
Server processing: 10388 ms
Content transfer:     0 ms

Name Lookup:       0 ms
Connect:          73 ms
Pre Transfer:     73 ms
Start Transfer: 10462 ms
Total:          10462 ms

</msg>
<arg>${HTTPSTAT_RESPONSE_CONTENTS}</arg>
<doc>Logs the given message with the given level.</doc>
<status status="PASS" start="2024-05-06T15:27:32.614319" elapsed="0.000520"/>
</kw>
<kw name="Should Not Contain Any" owner="BuiltIn">
<arg>${HTTPSTAT_RESPONSE_CONTENTS}</arg>
<arg>ERROR</arg>
<arg>error</arg>
<arg>errors</arg>
<arg>Not Allowed</arg>
<arg>no method</arg>
<arg>NO_METHOD_MATCHED_ERROR</arg>
<doc>Fails if ``container`` contains one or more of the ``*items``.</doc>
<status status="PASS" start="2024-05-06T15:27:32.615190" elapsed="0.000394"/>
</kw>
<status status="PASS" start="2024-05-06T15:27:32.610665" elapsed="0.005065"/>
</kw>
<arg>${GRAPHWALKER_PATH_KEYWORD}</arg>
<doc>Executes the given keyword with the given arguments.</doc>
<status status="PASS" start="2024-05-06T15:27:32.609561" elapsed="0.006237"/>
</kw>
<var name="${GRAPHWALKER_PATH_KEYWORD}">check_api_response_log_files</var>
<status status="PASS" start="2024-05-06T15:27:32.608081" elapsed="0.007785"/>
</iter>
<iter>
<kw name="Run Keyword" owner="BuiltIn">
<kw name="add_toxiproxy_limited_bandwidth_then_send_user_get_request">
<kw name="Remove All Three Toxics" owner="ToxiproxyChaosTestLibrary">
<doc>Remove all three toxics from the exploratory-testing-proxy.</doc>
<status status="PASS" start="2024-05-06T15:27:32.618200" elapsed="5.022472"/>
</kw>
<kw name="Sleep" owner="BuiltIn">
<msg time="2024-05-06T15:28:07.648823" level="INFO">Slept 30 seconds.</msg>
<arg>30 seconds</arg>
<doc>Pauses the test executed for the given time.</doc>
<status status="PASS" start="2024-05-06T15:27:37.643546" elapsed="30.008051"/>
</kw>
<kw name="Add Limited Bandwidth Toxic" owner="ToxiproxyChaosTestLibrary">
<doc>Add the Limited Bandwidth Toxic to the Vegeta load tests. It will limit a connection to a maximum number of kilobytes per second.</doc>
<status status="PASS" start="2024-05-06T15:28:07.656078" elapsed="5.015418"/>
</kw>
<status status="PASS" start="2024-05-06T15:27:32.617292" elapsed="40.055131"/>
</kw>
<arg>${GRAPHWALKER_PATH_KEYWORD}</arg>
<doc>Executes the given keyword with the given arguments.</doc>
<status status="PASS" start="2024-05-06T15:27:32.616301" elapsed="40.056671"/>
</kw>
<var name="${GRAPHWALKER_PATH_KEYWORD}">add_toxiproxy_limited_bandwidth_then_send_user_get_request</var>
<status status="PASS" start="2024-05-06T15:27:32.616077" elapsed="40.057336"/>
</iter>
<iter>
<kw name="Run Keyword" owner="BuiltIn">
<kw name="check_api_response_log_files">
<kw name="Get File" owner="OperatingSystem">
<msg time="2024-05-06T15:28:12.679482" level="INFO" html="true">Getting file '&lt;a href="file:///tests/resources/httpstat-graphwalker-response-output.log"&gt;/tests/resources/httpstat-graphwalker-response-output.log&lt;/a&gt;'.</msg>
<msg time="2024-05-06T15:28:12.681615" level="INFO">${HTTPSTAT_RESPONSE_CONTENTS} = --------------
URL: http://0.0.0.0:8080/user/vitae
Method: GET
Status Code: 200
--------------
Response Body:
{"id":-9007199254740991,"username":"string","firstName":"string","lastName":"string","emai...</msg>
<var>${HTTPSTAT_RESPONSE_CONTENTS}</var>
<arg>${EXECDIR}/resources/httpstat-graphwalker-response-output.log</arg>
<doc>Returns the contents of a specified file.</doc>
<status status="PASS" start="2024-05-06T15:28:12.678669" elapsed="0.003055"/>
</kw>
<kw name="Log" owner="BuiltIn">
<msg time="2024-05-06T15:28:12.682874" level="INFO">--------------
URL: http://0.0.0.0:8080/user/vitae
Method: GET
Status Code: 200
--------------
Response Body:
{"id":-9007199254740991,"username":"string","firstName":"string","lastName":"string","email":"string","password":"string","phone":"string","userStatus":-2147483648}
--------------
Metrics:
DNS lookup:           0 ms
TCP connection:      73 ms
TLS handshake:        0 ms
Server processing: 10388 ms
Content transfer:     0 ms

Name Lookup:       0 ms
Connect:          73 ms
Pre Transfer:     73 ms
Start Transfer: 10462 ms
Total:          10462 ms

</msg>
<arg>${HTTPSTAT_RESPONSE_CONTENTS}</arg>
<doc>Logs the given message with the given level.</doc>
<status status="PASS" start="2024-05-06T15:28:12.682398" elapsed="0.000591"/>
</kw>
<kw name="Should Not Contain Any" owner="BuiltIn">
<arg>${HTTPSTAT_RESPONSE_CONTENTS}</arg>
<arg>ERROR</arg>
<arg>error</arg>
<arg>errors</arg>
<arg>Not Allowed</arg>
<arg>no method</arg>
<arg>NO_METHOD_MATCHED_ERROR</arg>
<doc>Fails if ``container`` contains one or more of the ``*items``.</doc>
<status status="PASS" start="2024-05-06T15:28:12.683303" elapsed="0.000326"/>
</kw>
<status status="PASS" start="2024-05-06T15:28:12.677740" elapsed="0.005973"/>
</kw>
<arg>${GRAPHWALKER_PATH_KEYWORD}</arg>
<doc>Executes the given keyword with the given arguments.</doc>
<status status="PASS" start="2024-05-06T15:28:12.675499" elapsed="0.008266"/>
</kw>
<var name="${GRAPHWALKER_PATH_KEYWORD}">check_api_response_log_files</var>
<status status="PASS" start="2024-05-06T15:28:12.675135" elapsed="0.008676"/>
</iter>
<iter>
<kw name="Run Keyword" owner="BuiltIn">
<kw name="add_toxiproxy_latency_then_send_user_get_request">
<kw name="Remove All Three Toxics" owner="ToxiproxyChaosTestLibrary">
<doc>Remove all three toxics from the exploratory-testing-proxy.</doc>
<status status="PASS" start="2024-05-06T15:28:12.684858" elapsed="5.023349"/>
</kw>
<kw name="Sleep" owner="BuiltIn">
<msg time="2024-05-06T15:28:47.711520" level="INFO">Slept 30 seconds.</msg>
<arg>30 seconds</arg>
<doc>Pauses the test executed for the given time.</doc>
<status status="PASS" start="2024-05-06T15:28:17.708501" elapsed="30.003149"/>
</kw>
<kw name="Add Latency Toxic" owner="ToxiproxyChaosTestLibrary">
<doc>Add the Latency Toxic to the Vegeta load tests. It will add a delay to all data going through the proxy.</doc>
<status status="PASS" start="2024-05-06T15:28:47.712023" elapsed="5.016318"/>
</kw>
<status status="PASS" start="2024-05-06T15:28:12.684449" elapsed="40.044111"/>
</kw>
<arg>${GRAPHWALKER_PATH_KEYWORD}</arg>
<doc>Executes the given keyword with the given arguments.</doc>
<status status="PASS" start="2024-05-06T15:28:12.684090" elapsed="40.044569"/>
</kw>
<var name="${GRAPHWALKER_PATH_KEYWORD}">add_toxiproxy_latency_then_send_user_get_request</var>
<status status="PASS" start="2024-05-06T15:28:12.683962" elapsed="40.044770"/>
</iter>
<iter>
<kw name="Run Keyword" owner="BuiltIn">
<kw name="check_api_response_log_files">
<kw name="Get File" owner="OperatingSystem">
<msg time="2024-05-06T15:28:52.743374" level="INFO" html="true">Getting file '&lt;a href="file:///tests/resources/httpstat-graphwalker-response-output.log"&gt;/tests/resources/httpstat-graphwalker-response-output.log&lt;/a&gt;'.</msg>
<msg time="2024-05-06T15:28:52.745039" level="INFO">${HTTPSTAT_RESPONSE_CONTENTS} = --------------
URL: http://0.0.0.0:8080/user/vitae
Method: GET
Status Code: 200
--------------
Response Body:
{"id":-9007199254740991,"username":"string","firstName":"string","lastName":"string","emai...</msg>
<var>${HTTPSTAT_RESPONSE_CONTENTS}</var>
<arg>${EXECDIR}/resources/httpstat-graphwalker-response-output.log</arg>
<doc>Returns the contents of a specified file.</doc>
<status status="PASS" start="2024-05-06T15:28:52.743146" elapsed="0.001942"/>
</kw>
<kw name="Log" owner="BuiltIn">
<msg time="2024-05-06T15:28:52.745509" level="INFO">--------------
URL: http://0.0.0.0:8080/user/vitae
Method: GET
Status Code: 200
--------------
Response Body:
{"id":-9007199254740991,"username":"string","firstName":"string","lastName":"string","email":"string","password":"string","phone":"string","userStatus":-2147483648}
--------------
Metrics:
DNS lookup:           0 ms
TCP connection:      73 ms
TLS handshake:        0 ms
Server processing: 10388 ms
Content transfer:     0 ms

Name Lookup:       0 ms
Connect:          73 ms
Pre Transfer:     73 ms
Start Transfer: 10462 ms
Total:          10462 ms

</msg>
<arg>${HTTPSTAT_RESPONSE_CONTENTS}</arg>
<doc>Logs the given message with the given level.</doc>
<status status="PASS" start="2024-05-06T15:28:52.745299" elapsed="0.000283"/>
</kw>
<kw name="Should Not Contain Any" owner="BuiltIn">
<arg>${HTTPSTAT_RESPONSE_CONTENTS}</arg>
<arg>ERROR</arg>
<arg>error</arg>
<arg>errors</arg>
<arg>Not Allowed</arg>
<arg>no method</arg>
<arg>NO_METHOD_MATCHED_ERROR</arg>
<doc>Fails if ``container`` contains one or more of the ``*items``.</doc>
<status status="PASS" start="2024-05-06T15:28:52.745739" elapsed="0.000313"/>
</kw>
<status status="PASS" start="2024-05-06T15:28:52.741018" elapsed="0.006044"/>
</kw>
<arg>${GRAPHWALKER_PATH_KEYWORD}</arg>
<doc>Executes the given keyword with the given arguments.</doc>
<status status="PASS" start="2024-05-06T15:28:52.729349" elapsed="0.018596"/>
</kw>
<var name="${GRAPHWALKER_PATH_KEYWORD}">check_api_response_log_files</var>
<status status="PASS" start="2024-05-06T15:28:52.729097" elapsed="0.018920"/>
</iter>
<iter>
<kw name="Run Keyword" owner="BuiltIn">
<kw name="add_toxiproxy_latency_then_send_user_get_request">
<kw name="Remove All Three Toxics" owner="ToxiproxyChaosTestLibrary">
<doc>Remove all three toxics from the exploratory-testing-proxy.</doc>
<status status="PASS" start="2024-05-06T15:28:52.749053" elapsed="5.238182"/>
</kw>
<kw name="Sleep" owner="BuiltIn">
<msg time="2024-05-06T15:29:27.989655" level="INFO">Slept 30 seconds.</msg>
<arg>30 seconds</arg>
<doc>Pauses the test executed for the given time.</doc>
<status status="PASS" start="2024-05-06T15:28:57.987593" elapsed="30.002274"/>
</kw>
<kw name="Add Latency Toxic" owner="ToxiproxyChaosTestLibrary">
<doc>Add the Latency Toxic to the Vegeta load tests. It will add a delay to all data going through the proxy.</doc>
<status status="PASS" start="2024-05-06T15:29:27.990226" elapsed="5.015681"/>
</kw>
<status status="PASS" start="2024-05-06T15:28:52.748708" elapsed="40.257458"/>
</kw>
<arg>${GRAPHWALKER_PATH_KEYWORD}</arg>
<doc>Executes the given keyword with the given arguments.</doc>
<status status="PASS" start="2024-05-06T15:28:52.748325" elapsed="40.257971"/>
</kw>
<var name="${GRAPHWALKER_PATH_KEYWORD}">add_toxiproxy_latency_then_send_user_get_request</var>
<status status="PASS" start="2024-05-06T15:28:52.748179" elapsed="40.258289"/>
</iter>
<iter>
<kw name="Run Keyword" owner="BuiltIn">
<kw name="check_api_response_log_files">
<kw name="Get File" owner="OperatingSystem">
<msg time="2024-05-06T15:29:33.008605" level="INFO" html="true">Getting file '&lt;a href="file:///tests/resources/httpstat-graphwalker-response-output.log"&gt;/tests/resources/httpstat-graphwalker-response-output.log&lt;/a&gt;'.</msg>
<msg time="2024-05-06T15:29:33.011009" level="INFO">${HTTPSTAT_RESPONSE_CONTENTS} = --------------
URL: http://0.0.0.0:8080/user/vitae
Method: GET
Status Code: 200
--------------
Response Body:
{"id":-9007199254740991,"username":"string","firstName":"string","lastName":"string","emai...</msg>
<var>${HTTPSTAT_RESPONSE_CONTENTS}</var>
<arg>${EXECDIR}/resources/httpstat-graphwalker-response-output.log</arg>
<doc>Returns the contents of a specified file.</doc>
<status status="PASS" start="2024-05-06T15:29:33.008223" elapsed="0.002868"/>
</kw>
<kw name="Log" owner="BuiltIn">
<msg time="2024-05-06T15:29:33.011834" level="INFO">--------------
URL: http://0.0.0.0:8080/user/vitae
Method: GET
Status Code: 200
--------------
Response Body:
{"id":-9007199254740991,"username":"string","firstName":"string","lastName":"string","email":"string","password":"string","phone":"string","userStatus":-2147483648}
--------------
Metrics:
DNS lookup:           0 ms
TCP connection:      73 ms
TLS handshake:        0 ms
Server processing: 10388 ms
Content transfer:     0 ms

Name Lookup:       0 ms
Connect:          73 ms
Pre Transfer:     73 ms
Start Transfer: 10462 ms
Total:          10462 ms

</msg>
<arg>${HTTPSTAT_RESPONSE_CONTENTS}</arg>
<doc>Logs the given message with the given level.</doc>
<status status="PASS" start="2024-05-06T15:29:33.011492" elapsed="0.000434"/>
</kw>
<kw name="Should Not Contain Any" owner="BuiltIn">
<arg>${HTTPSTAT_RESPONSE_CONTENTS}</arg>
<arg>ERROR</arg>
<arg>error</arg>
<arg>errors</arg>
<arg>Not Allowed</arg>
<arg>no method</arg>
<arg>NO_METHOD_MATCHED_ERROR</arg>
<doc>Fails if ``container`` contains one or more of the ``*items``.</doc>
<status status="PASS" start="2024-05-06T15:29:33.012119" elapsed="0.000325"/>
</kw>
<status status="PASS" start="2024-05-06T15:29:33.007719" elapsed="0.004864"/>
</kw>
<arg>${GRAPHWALKER_PATH_KEYWORD}</arg>
<doc>Executes the given keyword with the given arguments.</doc>
<status status="PASS" start="2024-05-06T15:29:33.006994" elapsed="0.005660"/>
</kw>
<var name="${GRAPHWALKER_PATH_KEYWORD}">check_api_response_log_files</var>
<status status="PASS" start="2024-05-06T15:29:33.006754" elapsed="0.005953"/>
</iter>
<iter>
<kw name="Run Keyword" owner="BuiltIn">
<kw name="add_toxiproxy_limited_bandwidth_then_send_user_get_request">
<kw name="Remove All Three Toxics" owner="ToxiproxyChaosTestLibrary">
<doc>Remove all three toxics from the exploratory-testing-proxy.</doc>
<status status="PASS" start="2024-05-06T15:29:33.014003" elapsed="5.031722"/>
</kw>
<kw name="Sleep" owner="BuiltIn">
<msg time="2024-05-06T15:30:08.047431" level="INFO">Slept 30 seconds.</msg>
<arg>30 seconds</arg>
<doc>Pauses the test executed for the given time.</doc>
<status status="PASS" start="2024-05-06T15:29:38.046163" elapsed="30.001396"/>
</kw>
<kw name="Add Limited Bandwidth Toxic" owner="ToxiproxyChaosTestLibrary">
<doc>Add the Limited Bandwidth Toxic to the Vegeta load tests. It will limit a connection to a maximum number of kilobytes per second.</doc>
<status status="PASS" start="2024-05-06T15:30:08.048498" elapsed="5.004351"/>
</kw>
<status status="PASS" start="2024-05-06T15:29:33.013608" elapsed="40.039448"/>
</kw>
<arg>${GRAPHWALKER_PATH_KEYWORD}</arg>
<doc>Executes the given keyword with the given arguments.</doc>
<status status="PASS" start="2024-05-06T15:29:33.013035" elapsed="40.040118"/>
</kw>
<var name="${GRAPHWALKER_PATH_KEYWORD}">add_toxiproxy_limited_bandwidth_then_send_user_get_request</var>
<status status="PASS" start="2024-05-06T15:29:33.012874" elapsed="40.040351"/>
</iter>
<iter>
<kw name="Run Keyword" owner="BuiltIn">
<kw name="check_api_response_log_files">
<kw name="Get File" owner="OperatingSystem">
<msg time="2024-05-06T15:30:13.055315" level="INFO" html="true">Getting file '&lt;a href="file:///tests/resources/httpstat-graphwalker-response-output.log"&gt;/tests/resources/httpstat-graphwalker-response-output.log&lt;/a&gt;'.</msg>
<msg time="2024-05-06T15:30:13.057624" level="INFO">${HTTPSTAT_RESPONSE_CONTENTS} = --------------
URL: http://0.0.0.0:8080/user/vitae
Method: GET
Status Code: 200
--------------
Response Body:
{"id":-9007199254740991,"username":"string","firstName":"string","lastName":"string","emai...</msg>
<var>${HTTPSTAT_RESPONSE_CONTENTS}</var>
<arg>${EXECDIR}/resources/httpstat-graphwalker-response-output.log</arg>
<doc>Returns the contents of a specified file.</doc>
<status status="PASS" start="2024-05-06T15:30:13.055027" elapsed="0.003877"/>
</kw>
<kw name="Log" owner="BuiltIn">
<msg time="2024-05-06T15:30:13.059522" level="INFO">--------------
URL: http://0.0.0.0:8080/user/vitae
Method: GET
Status Code: 200
--------------
Response Body:
{"id":-9007199254740991,"username":"string","firstName":"string","lastName":"string","email":"string","password":"string","phone":"string","userStatus":-2147483648}
--------------
Metrics:
DNS lookup:           0 ms
TCP connection:      73 ms
TLS handshake:        0 ms
Server processing: 10388 ms
Content transfer:     0 ms

Name Lookup:       0 ms
Connect:          73 ms
Pre Transfer:     73 ms
Start Transfer: 10462 ms
Total:          10462 ms

</msg>
<arg>${HTTPSTAT_RESPONSE_CONTENTS}</arg>
<doc>Logs the given message with the given level.</doc>
<status status="PASS" start="2024-05-06T15:30:13.059152" elapsed="0.000447"/>
</kw>
<kw name="Should Not Contain Any" owner="BuiltIn">
<arg>${HTTPSTAT_RESPONSE_CONTENTS}</arg>
<arg>ERROR</arg>
<arg>error</arg>
<arg>errors</arg>
<arg>Not Allowed</arg>
<arg>no method</arg>
<arg>NO_METHOD_MATCHED_ERROR</arg>
<doc>Fails if ``container`` contains one or more of the ``*items``.</doc>
<status status="PASS" start="2024-05-06T15:30:13.059757" elapsed="0.000214"/>
</kw>
<status status="PASS" start="2024-05-06T15:30:13.054536" elapsed="0.005543"/>
</kw>
<arg>${GRAPHWALKER_PATH_KEYWORD}</arg>
<doc>Executes the given keyword with the given arguments.</doc>
<status status="PASS" start="2024-05-06T15:30:13.053828" elapsed="0.006309"/>
</kw>
<var name="${GRAPHWALKER_PATH_KEYWORD}">check_api_response_log_files</var>
<status status="PASS" start="2024-05-06T15:30:13.053582" elapsed="0.006600"/>
</iter>
<iter>
<kw name="Run Keyword" owner="BuiltIn">
<kw name="add_toxiproxy_limited_bandwidth_then_send_user_get_request">
<kw name="Remove All Three Toxics" owner="ToxiproxyChaosTestLibrary">
<doc>Remove all three toxics from the exploratory-testing-proxy.</doc>
<status status="PASS" start="2024-05-06T15:30:13.061175" elapsed="5.031795"/>
</kw>
<kw name="Sleep" owner="BuiltIn">
<msg time="2024-05-06T15:30:48.095565" level="INFO">Slept 30 seconds.</msg>
<arg>30 seconds</arg>
<doc>Pauses the test executed for the given time.</doc>
<status status="PASS" start="2024-05-06T15:30:18.093552" elapsed="30.002252"/>
</kw>
<kw name="Add Limited Bandwidth Toxic" owner="ToxiproxyChaosTestLibrary">
<doc>Add the Limited Bandwidth Toxic to the Vegeta load tests. It will limit a connection to a maximum number of kilobytes per second.</doc>
<status status="PASS" start="2024-05-06T15:30:48.096330" elapsed="5.012101"/>
</kw>
<status status="PASS" start="2024-05-06T15:30:13.060882" elapsed="40.047815"/>
</kw>
<arg>${GRAPHWALKER_PATH_KEYWORD}</arg>
<doc>Executes the given keyword with the given arguments.</doc>
<status status="PASS" start="2024-05-06T15:30:13.060504" elapsed="40.048320"/>
</kw>
<var name="${GRAPHWALKER_PATH_KEYWORD}">add_toxiproxy_limited_bandwidth_then_send_user_get_request</var>
<status status="PASS" start="2024-05-06T15:30:13.060313" elapsed="40.048613"/>
</iter>
<iter>
<kw name="Run Keyword" owner="BuiltIn">
<kw name="check_api_response_log_files">
<kw name="Get File" owner="OperatingSystem">
<msg time="2024-05-06T15:30:53.111608" level="INFO" html="true">Getting file '&lt;a href="file:///tests/resources/httpstat-graphwalker-response-output.log"&gt;/tests/resources/httpstat-graphwalker-response-output.log&lt;/a&gt;'.</msg>
<msg time="2024-05-06T15:30:53.114077" level="INFO">${HTTPSTAT_RESPONSE_CONTENTS} = --------------
URL: http://0.0.0.0:8080/user/vitae
Method: GET
Status Code: 200
--------------
Response Body:
{"id":-9007199254740991,"username":"string","firstName":"string","lastName":"string","emai...</msg>
<var>${HTTPSTAT_RESPONSE_CONTENTS}</var>
<arg>${EXECDIR}/resources/httpstat-graphwalker-response-output.log</arg>
<doc>Returns the contents of a specified file.</doc>
<status status="PASS" start="2024-05-06T15:30:53.111322" elapsed="0.002827"/>
</kw>
<kw name="Log" owner="BuiltIn">
<msg time="2024-05-06T15:30:53.114682" level="INFO">--------------
URL: http://0.0.0.0:8080/user/vitae
Method: GET
Status Code: 200
--------------
Response Body:
{"id":-9007199254740991,"username":"string","firstName":"string","lastName":"string","email":"string","password":"string","phone":"string","userStatus":-2147483648}
--------------
Metrics:
DNS lookup:           0 ms
TCP connection:      73 ms
TLS handshake:        0 ms
Server processing: 10388 ms
Content transfer:     0 ms

Name Lookup:       0 ms
Connect:          73 ms
Pre Transfer:     73 ms
Start Transfer: 10462 ms
Total:          10462 ms

</msg>
<arg>${HTTPSTAT_RESPONSE_CONTENTS}</arg>
<doc>Logs the given message with the given level.</doc>
<status status="PASS" start="2024-05-06T15:30:53.114457" elapsed="0.000310"/>
</kw>
<kw name="Should Not Contain Any" owner="BuiltIn">
<arg>${HTTPSTAT_RESPONSE_CONTENTS}</arg>
<arg>ERROR</arg>
<arg>error</arg>
<arg>errors</arg>
<arg>Not Allowed</arg>
<arg>no method</arg>
<arg>NO_METHOD_MATCHED_ERROR</arg>
<doc>Fails if ``container`` contains one or more of the ``*items``.</doc>
<status status="PASS" start="2024-05-06T15:30:53.115062" elapsed="0.000260"/>
</kw>
<status status="PASS" start="2024-05-06T15:30:53.110670" elapsed="0.004782"/>
</kw>
<arg>${GRAPHWALKER_PATH_KEYWORD}</arg>
<doc>Executes the given keyword with the given arguments.</doc>
<status status="PASS" start="2024-05-06T15:30:53.109710" elapsed="0.005810"/>
</kw>
<var name="${GRAPHWALKER_PATH_KEYWORD}">check_api_response_log_files</var>
<status status="PASS" start="2024-05-06T15:30:53.109396" elapsed="0.006177"/>
</iter>
<iter>
<kw name="Run Keyword" owner="BuiltIn">
<kw name="add_toxiproxy_limited_bandwidth_then_send_user_get_request">
<kw name="Remove All Three Toxics" owner="ToxiproxyChaosTestLibrary">
<doc>Remove all three toxics from the exploratory-testing-proxy.</doc>
<status status="PASS" start="2024-05-06T15:30:53.116778" elapsed="5.034640"/>
</kw>
<kw name="Sleep" owner="BuiltIn">
<msg time="2024-05-06T15:31:28.153802" level="INFO">Slept 30 seconds.</msg>
<arg>30 seconds</arg>
<doc>Pauses the test executed for the given time.</doc>
<status status="PASS" start="2024-05-06T15:30:58.151948" elapsed="30.002092"/>
</kw>
<kw name="Add Limited Bandwidth Toxic" owner="ToxiproxyChaosTestLibrary">
<doc>Add the Limited Bandwidth Toxic to the Vegeta load tests. It will limit a connection to a maximum number of kilobytes per second.</doc>
<status status="PASS" start="2024-05-06T15:31:28.154576" elapsed="5.014325"/>
</kw>
<status status="PASS" start="2024-05-06T15:30:53.116421" elapsed="40.052929"/>
</kw>
<arg>${GRAPHWALKER_PATH_KEYWORD}</arg>
<doc>Executes the given keyword with the given arguments.</doc>
<status status="PASS" start="2024-05-06T15:30:53.115951" elapsed="40.053497"/>
</kw>
<var name="${GRAPHWALKER_PATH_KEYWORD}">add_toxiproxy_limited_bandwidth_then_send_user_get_request</var>
<status status="PASS" start="2024-05-06T15:30:53.115727" elapsed="40.053782"/>
</iter>
<iter>
<kw name="Run Keyword" owner="BuiltIn">
<kw name="check_api_response_log_files">
<kw name="Get File" owner="OperatingSystem">
<msg time="2024-05-06T15:31:33.176565" level="INFO" html="true">Getting file '&lt;a href="file:///tests/resources/httpstat-graphwalker-response-output.log"&gt;/tests/resources/httpstat-graphwalker-response-output.log&lt;/a&gt;'.</msg>
<msg time="2024-05-06T15:31:33.184092" level="INFO">${HTTPSTAT_RESPONSE_CONTENTS} = --------------
URL: http://0.0.0.0:8080/user/vitae
Method: GET
Status Code: 200
--------------
Response Body:
{"id":-9007199254740991,"username":"string","firstName":"string","lastName":"string","emai...</msg>
<var>${HTTPSTAT_RESPONSE_CONTENTS}</var>
<arg>${EXECDIR}/resources/httpstat-graphwalker-response-output.log</arg>
<doc>Returns the contents of a specified file.</doc>
<status status="PASS" start="2024-05-06T15:31:33.175428" elapsed="0.008851"/>
</kw>
<kw name="Log" owner="BuiltIn">
<msg time="2024-05-06T15:31:33.187687" level="INFO">--------------
URL: http://0.0.0.0:8080/user/vitae
Method: GET
Status Code: 200
--------------
Response Body:
{"id":-9007199254740991,"username":"string","firstName":"string","lastName":"string","email":"string","password":"string","phone":"string","userStatus":-2147483648}
--------------
Metrics:
DNS lookup:           0 ms
TCP connection:      73 ms
TLS handshake:        0 ms
Server processing: 10388 ms
Content transfer:     0 ms

Name Lookup:       0 ms
Connect:          73 ms
Pre Transfer:     73 ms
Start Transfer: 10462 ms
Total:          10462 ms

</msg>
<arg>${HTTPSTAT_RESPONSE_CONTENTS}</arg>
<doc>Logs the given message with the given level.</doc>
<status status="PASS" start="2024-05-06T15:31:33.187248" elapsed="0.000549"/>
</kw>
<kw name="Should Not Contain Any" owner="BuiltIn">
<arg>${HTTPSTAT_RESPONSE_CONTENTS}</arg>
<arg>ERROR</arg>
<arg>error</arg>
<arg>errors</arg>
<arg>Not Allowed</arg>
<arg>no method</arg>
<arg>NO_METHOD_MATCHED_ERROR</arg>
<doc>Fails if ``container`` contains one or more of the ``*items``.</doc>
<status status="PASS" start="2024-05-06T15:31:33.188069" elapsed="0.000429"/>
</kw>
<status status="PASS" start="2024-05-06T15:31:33.174357" elapsed="0.014304"/>
</kw>
<arg>${GRAPHWALKER_PATH_KEYWORD}</arg>
<doc>Executes the given keyword with the given arguments.</doc>
<status status="PASS" start="2024-05-06T15:31:33.171192" elapsed="0.017552"/>
</kw>
<var name="${GRAPHWALKER_PATH_KEYWORD}">check_api_response_log_files</var>
<status status="PASS" start="2024-05-06T15:31:33.170665" elapsed="0.018142"/>
</iter>
<iter>
<kw name="Run Keyword" owner="BuiltIn">
<kw name="add_toxiproxy_slow_close_then_send_user_get_request">
<kw name="Remove All Three Toxics" owner="ToxiproxyChaosTestLibrary">
<doc>Remove all three toxics from the exploratory-testing-proxy.</doc>
<status status="PASS" start="2024-05-06T15:31:33.191002" elapsed="5.040226"/>
</kw>
<kw name="Sleep" owner="BuiltIn">
<msg time="2024-05-06T15:32:08.233014" level="INFO">Slept 30 seconds.</msg>
<arg>30 seconds</arg>
<doc>Pauses the test executed for the given time.</doc>
<status status="PASS" start="2024-05-06T15:31:38.231521" elapsed="30.001680"/>
</kw>
<kw name="Add Slow Close Toxic" owner="ToxiproxyChaosTestLibrary">
<doc>Add the Slow Close Toxic to the Vegeta load tests. It will delay the TCP socket from closing until delay has elapsed.</doc>
<status status="PASS" start="2024-05-06T15:32:08.233519" elapsed="5.007755"/>
</kw>
<status status="PASS" start="2024-05-06T15:31:33.189933" elapsed="40.051498"/>
</kw>
<arg>${GRAPHWALKER_PATH_KEYWORD}</arg>
<doc>Executes the given keyword with the given arguments.</doc>
<status status="PASS" start="2024-05-06T15:31:33.189257" elapsed="40.052395"/>
</kw>
<var name="${GRAPHWALKER_PATH_KEYWORD}">add_toxiproxy_slow_close_then_send_user_get_request</var>
<status status="PASS" start="2024-05-06T15:31:33.189007" elapsed="40.052762"/>
</iter>
<iter>
<kw name="Run Keyword" owner="BuiltIn">
<kw name="check_api_response_log_files">
<kw name="Get File" owner="OperatingSystem">
<msg time="2024-05-06T15:32:13.243552" level="INFO" html="true">Getting file '&lt;a href="file:///tests/resources/httpstat-graphwalker-response-output.log"&gt;/tests/resources/httpstat-graphwalker-response-output.log&lt;/a&gt;'.</msg>
<msg time="2024-05-06T15:32:13.245530" level="INFO">${HTTPSTAT_RESPONSE_CONTENTS} = --------------
URL: http://0.0.0.0:8080/user/vitae
Method: GET
Status Code: 200
--------------
Response Body:
{"id":-9007199254740991,"username":"string","firstName":"string","lastName":"string","emai...</msg>
<var>${HTTPSTAT_RESPONSE_CONTENTS}</var>
<arg>${EXECDIR}/resources/httpstat-graphwalker-response-output.log</arg>
<doc>Returns the contents of a specified file.</doc>
<status status="PASS" start="2024-05-06T15:32:13.243306" elapsed="0.002280"/>
</kw>
<kw name="Log" owner="BuiltIn">
<msg time="2024-05-06T15:32:13.245999" level="INFO">--------------
URL: http://0.0.0.0:8080/user/vitae
Method: GET
Status Code: 200
--------------
Response Body:
{"id":-9007199254740991,"username":"string","firstName":"string","lastName":"string","email":"string","password":"string","phone":"string","userStatus":-2147483648}
--------------
Metrics:
DNS lookup:           0 ms
TCP connection:      73 ms
TLS handshake:        0 ms
Server processing: 10388 ms
Content transfer:     0 ms

Name Lookup:       0 ms
Connect:          73 ms
Pre Transfer:     73 ms
Start Transfer: 10462 ms
Total:          10462 ms

</msg>
<arg>${HTTPSTAT_RESPONSE_CONTENTS}</arg>
<doc>Logs the given message with the given level.</doc>
<status status="PASS" start="2024-05-06T15:32:13.245794" elapsed="0.000278"/>
</kw>
<kw name="Should Not Contain Any" owner="BuiltIn">
<arg>${HTTPSTAT_RESPONSE_CONTENTS}</arg>
<arg>ERROR</arg>
<arg>error</arg>
<arg>errors</arg>
<arg>Not Allowed</arg>
<arg>no method</arg>
<arg>NO_METHOD_MATCHED_ERROR</arg>
<doc>Fails if ``container`` contains one or more of the ``*items``.</doc>
<status status="PASS" start="2024-05-06T15:32:13.246229" elapsed="0.000208"/>
</kw>
<status status="PASS" start="2024-05-06T15:32:13.242977" elapsed="0.003631"/>
</kw>
<arg>${GRAPHWALKER_PATH_KEYWORD}</arg>
<doc>Executes the given keyword with the given arguments.</doc>
<status status="PASS" start="2024-05-06T15:32:13.242405" elapsed="0.004266"/>
</kw>
<var name="${GRAPHWALKER_PATH_KEYWORD}">check_api_response_log_files</var>
<status status="PASS" start="2024-05-06T15:32:13.242080" elapsed="0.004636"/>
</iter>
<iter>
<kw name="Run Keyword" owner="BuiltIn">
<kw name="send_post_request_to_user_endpoint">
<kw name="Run HTTPStat POST Request">
<kw name="Remove File" owner="OperatingSystem">
<msg time="2024-05-06T15:32:13.251383" level="INFO" html="true">Removed file '&lt;a href="file:///tests/resources/httpstat-graphwalker-response-output.log"&gt;/tests/resources/httpstat-graphwalker-response-output.log&lt;/a&gt;'.</msg>
<arg>${EXECDIR}/resources/httpstat-graphwalker-response-output.log</arg>
<doc>Removes a file with the given path.</doc>
<status status="PASS" start="2024-05-06T15:32:13.248050" elapsed="0.003576"/>
</kw>
<kw name="Run Keyword And Ignore Error" owner="BuiltIn">
<kw name="Run" owner="OperatingSystem">
<msg time="2024-05-06T15:32:13.254528" level="INFO">Running command 'go run httpstat-test-runner.go -url "http://0.0.0.0:8080/user" -method "POST" -body '{"id": 1, "username": "user1", "firstName": "John", "lastName": "Doe", "email": "john.doe@example.com", "password": "123456", "phone": "1234567890", "userStatus": 1}' &gt; /tests/resources/httpstat-graphwalker-response-output.log'.</msg>
<arg>go run httpstat-test-runner.go -url "${TARGET_URL}" -method "${REQUEST_METHOD}" -body ${REQUEST_BODY} &gt; ${EXECDIR}/resources/httpstat-graphwalker-response-output.log</arg>
<doc>Runs the given command in the system and returns the output.</doc>
<status status="PASS" start="2024-05-06T15:32:13.252100" elapsed="11.653168"/>
</kw>
<arg>Run</arg>
<arg>go run httpstat-test-runner.go -url "${TARGET_URL}" -method "${REQUEST_METHOD}" -body ${REQUEST_BODY} &gt; ${EXECDIR}/resources/httpstat-graphwalker-response-output.log</arg>
<doc>Runs the given keyword with the given arguments and ignores possible error.</doc>
<status status="PASS" start="2024-05-06T15:32:13.251870" elapsed="11.653513"/>
</kw>
<arg>http://0.0.0.0:8080/user</arg>
<arg>POST</arg>
<arg>'{"id": 1, "username": "user1", "firstName": "John", "lastName": "Doe", "email": "john.doe@example.com", "password": "123456", "phone": "1234567890", "userStatus": 1}'</arg>
<status status="PASS" start="2024-05-06T15:32:13.247696" elapsed="11.657783"/>
</kw>
<status status="PASS" start="2024-05-06T15:32:13.247357" elapsed="11.658288"/>
</kw>
<arg>${GRAPHWALKER_PATH_KEYWORD}</arg>
<doc>Executes the given keyword with the given arguments.</doc>
<status status="PASS" start="2024-05-06T15:32:13.247022" elapsed="11.658674"/>
</kw>
<var name="${GRAPHWALKER_PATH_KEYWORD}">send_post_request_to_user_endpoint</var>
<status status="PASS" start="2024-05-06T15:32:13.246860" elapsed="11.659620"/>
</iter>
<iter>
<kw name="Run Keyword" owner="BuiltIn">
<kw name="check_server_log_files">
<kw name="Get File" owner="OperatingSystem">
<msg time="2024-05-06T15:32:24.908769" level="INFO" html="true">Getting file '&lt;a href="file:///tests/resources/api-application.log"&gt;/tests/resources/api-application.log&lt;/a&gt;'.</msg>
<msg time="2024-05-06T15:32:24.910792" level="INFO">${API_SERVER_LOG_CONTENTS} = [3:26:46 PM] › [CLI] …  awaiting  Starting Prism…
[3:26:46 PM] › [CLI] ✖  fatal     
prism mock &lt;document&gt;

Start a mock server with the given document file

Positionals:
  document  Path to a documen...</msg>
<var>${API_SERVER_LOG_CONTENTS}</var>
<arg>${EXECDIR}/resources/api-application.log</arg>
<doc>Returns the contents of a specified file.</doc>
<status status="PASS" start="2024-05-06T15:32:24.908297" elapsed="0.002586"/>
</kw>
<kw name="Log" owner="BuiltIn">
<msg time="2024-05-06T15:32:24.911266" level="INFO">[3:26:46 PM] › [CLI] …  awaiting  Starting Prism…
[3:26:46 PM] › [CLI] ✖  fatal     
prism mock &lt;document&gt;

Start a mock server with the given document file

Positionals:
  document  Path to a document file. Can be both a file or a fetchable resource on the web.  [string] [required]

Options:
      --version                           Show version number  [boolean]
      --help                              Show help  [boolean]
  -p, --port                              Port that Prism will run on.  [number] [required] [default: 4010]
  -h, --host                              Host that Prism will listen to.  [string] [required] [default: "127.0.0.1"]
      --cors                              Enables CORS headers.  [boolean] [default: true]
  -m, --multiprocess                      Forks the http server from the CLI for faster log processing.  [boolean] [default: false]
      --errors                            Specifies whether request/response violations marked as errors will produce an error response  [boolean] [required] [default: false]
  -v, --verboseLevel                      Turns on verbose logging.  [required] [choices: "trace", "debug", "info", "warn", "error", "fatal", "silent"] [default: "info"]
  -d, --dynamic                           Dynamically generate examples.  [boolean] [default: false]
      --json-schema-faker-fillProperties  Generate additional properties when using dynamic generation.  [boolean]
      --ignoreExamples                    Tell Prism to treat the spec as though it has no examples. When in static mode,
                                                                  returns an example that has not been generated using json-schema-faker, but was
                                                                  created by Prism. When in dynamic mode, this flag is ignored, since in dynamic mode,
                                                                  examples are not consulted and json-schema-faker is used to generate a response based
                                                                  on the schema defined in the spec  [boolean] [default: false]

listen EADDRINUSE: address already in use 0.0.0.0:4010
</msg>
<arg>${API_SERVER_LOG_CONTENTS}</arg>
<doc>Logs the given message with the given level.</doc>
<status status="PASS" start="2024-05-06T15:32:24.911081" elapsed="0.000287"/>
</kw>
<kw name="Should Not Contain Any" owner="BuiltIn">
<arg>${API_SERVER_LOG_CONTENTS}</arg>
<arg>UnhandledPromiseRejectionWarning</arg>
<arg>Unhandled</arg>
<arg>ERR_INVALID_CHAR</arg>
<arg>rejection</arg>
<arg>exception</arg>
<doc>Fails if ``container`` contains one or more of the ``*items``.</doc>
<status status="PASS" start="2024-05-06T15:32:24.911560" elapsed="0.000200"/>
</kw>
<status status="PASS" start="2024-05-06T15:32:24.907727" elapsed="0.004160"/>
</kw>
<arg>${GRAPHWALKER_PATH_KEYWORD}</arg>
<doc>Executes the given keyword with the given arguments.</doc>
<status status="PASS" start="2024-05-06T15:32:24.906943" elapsed="0.004994"/>
</kw>
<var name="${GRAPHWALKER_PATH_KEYWORD}">check_server_log_files</var>
<status status="PASS" start="2024-05-06T15:32:24.906763" elapsed="0.005210"/>
</iter>
<iter>
<kw name="Run Keyword" owner="BuiltIn">
<kw name="send_post_request_to_order_endpoint_with_fuzzed_data">
<kw name="Run Keyword And Ignore Error" owner="BuiltIn">
<kw name="Run" owner="OperatingSystem">
<msg time="2024-05-06T15:32:24.913711" level="INFO">Running command 'echo '{"id": 9, "petId": 9, "quantity": 1, "shipDate": "2021-07-29T00:00:00.000Z", "status": "placed", "complete": true}' | radamsa &gt; /tests/resources/mutational-fuzz-data-order-test.dat'.</msg>
<arg>echo '{"id": 9, "petId": 9, "quantity": 1, "shipDate": "2021-07-29T00:00:00.000Z", "status": "placed", "complete": true}' | radamsa &gt; ${EXECDIR}/resources/mutational-fuzz-data-order-test.dat</arg>
<doc>Runs the given command in the system and returns the output.</doc>
<status status="PASS" start="2024-05-06T15:32:24.912993" elapsed="0.022017"/>
</kw>
<arg>Run</arg>
<arg>echo '{"id": 9, "petId": 9, "quantity": 1, "shipDate": "2021-07-29T00:00:00.000Z", "status": "placed", "complete": true}' | radamsa &gt; ${EXECDIR}/resources/mutational-fuzz-data-order-test.dat</arg>
<doc>Runs the given keyword with the given arguments and ignores possible error.</doc>
<status status="PASS" start="2024-05-06T15:32:24.912837" elapsed="0.022275"/>
</kw>
<kw name="Run Keyword And Ignore Error" owner="BuiltIn">
<kw name="Run" owner="OperatingSystem">
<msg time="2024-05-06T15:32:24.936230" level="INFO">Running command 'httpstat -o /tests/resources/httpstat-response-mutational-fuzz-data-order-output.json -X POST -H 'Content-Type: application/json' -d @/tests/resources/mutational-fuzz-data-order-test.dat http://0.0.0.0:8080/store/order 2&gt;&amp;1'.</msg>
<arg>httpstat -o ${EXECDIR}/resources/httpstat-response-mutational-fuzz-data-order-output.json -X POST -H 'Content-Type: application/json' -d @${EXECDIR}/resources/mutational-fuzz-data-order-test.dat http://0.0.0.0:8080/store/order</arg>
<doc>Runs the given command in the system and returns the output.</doc>
<status status="PASS" start="2024-05-06T15:32:24.935557" elapsed="10.037483"/>
</kw>
<arg>Run</arg>
<arg>httpstat -o ${EXECDIR}/resources/httpstat-response-mutational-fuzz-data-order-output.json -X POST -H 'Content-Type: application/json' -d @${EXECDIR}/resources/mutational-fuzz-data-order-test.dat http://0.0.0.0:8080/store/order</arg>
<doc>Runs the given keyword with the given arguments and ignores possible error.</doc>
<status status="PASS" start="2024-05-06T15:32:24.935296" elapsed="10.038079"/>
</kw>
<kw name="Run Keyword And Ignore Error" owner="BuiltIn">
<kw name="Run" owner="OperatingSystem">
<msg time="2024-05-06T15:32:34.976194" level="INFO">Running command 'TIMESTAMP=$(date); echo "======== :: Fuzz Test Data Tracker for mutational-fuzz-data-order-test.dat -- Logged this on.... $TIMESTAMP :: ========" &gt;&gt; /tests/results/mutational-fuzz-data-targeted-at-order-endpoint.log'.</msg>
<arg>TIMESTAMP=$(date); echo "======== :: Fuzz Test Data Tracker for mutational-fuzz-data-order-test.dat -- Logged this on.... $TIMESTAMP :: ========" &gt;&gt; ${EXECDIR}/results/mutational-fuzz-data-targeted-at-order-endpoint.log</arg>
<doc>Runs the given command in the system and returns the output.</doc>
<status status="PASS" start="2024-05-06T15:32:34.974678" elapsed="0.010346"/>
</kw>
<arg>Run</arg>
<arg>TIMESTAMP=$(date); echo "======== :: Fuzz Test Data Tracker for mutational-fuzz-data-order-test.dat -- Logged this on.... $TIMESTAMP :: ========" &gt;&gt; ${EXECDIR}/results/mutational-fuzz-data-targeted-at-order-endpoint.log</arg>
<doc>Runs the given keyword with the given arguments and ignores possible error.</doc>
<status status="PASS" start="2024-05-06T15:32:34.973735" elapsed="0.011398"/>
</kw>
<kw name="Run Keyword And Ignore Error" owner="BuiltIn">
<kw name="Run" owner="OperatingSystem">
<msg time="2024-05-06T15:32:34.986582" level="INFO">Running command 'echo " " &gt;&gt; /tests/results/mutational-fuzz-data-targeted-at-order-endpoint.log'.</msg>
<arg>echo " " &gt;&gt; ${EXECDIR}/results/mutational-fuzz-data-targeted-at-order-endpoint.log</arg>
<doc>Runs the given command in the system and returns the output.</doc>
<status status="PASS" start="2024-05-06T15:32:34.985514" elapsed="0.003239"/>
</kw>
<arg>Run</arg>
<arg>echo " " &gt;&gt; ${EXECDIR}/results/mutational-fuzz-data-targeted-at-order-endpoint.log</arg>
<doc>Runs the given keyword with the given arguments and ignores possible error.</doc>
<status status="PASS" start="2024-05-06T15:32:34.985321" elapsed="0.003705"/>
</kw>
<kw name="Run Keyword And Ignore Error" owner="BuiltIn">
<kw name="Run" owner="OperatingSystem">
<msg time="2024-05-06T15:32:34.990742" level="INFO">Running command 'cat /tests/resources/mutational-fuzz-data-order-test.dat &gt;&gt; /tests/results/mutational-fuzz-data-targeted-at-order-endpoint.log'.</msg>
<arg>cat ${EXECDIR}/resources/mutational-fuzz-data-order-test.dat &gt;&gt; ${EXECDIR}/results/mutational-fuzz-data-targeted-at-order-endpoint.log</arg>
<doc>Runs the given command in the system and returns the output.</doc>
<status status="PASS" start="2024-05-06T15:32:34.989648" elapsed="0.007299"/>
</kw>
<arg>Run</arg>
<arg>cat ${EXECDIR}/resources/mutational-fuzz-data-order-test.dat &gt;&gt; ${EXECDIR}/results/mutational-fuzz-data-targeted-at-order-endpoint.log</arg>
<doc>Runs the given keyword with the given arguments and ignores possible error.</doc>
<status status="PASS" start="2024-05-06T15:32:34.989285" elapsed="0.007767"/>
</kw>
<kw name="Run Keyword And Ignore Error" owner="BuiltIn">
<kw name="Run" owner="OperatingSystem">
<msg time="2024-05-06T15:32:34.997999" level="INFO">Running command 'echo " " &gt;&gt; /tests/results/mutational-fuzz-data-targeted-at-order-endpoint.log'.</msg>
<arg>echo " " &gt;&gt; ${EXECDIR}/results/mutational-fuzz-data-targeted-at-order-endpoint.log</arg>
<doc>Runs the given command in the system and returns the output.</doc>
<status status="PASS" start="2024-05-06T15:32:34.997433" elapsed="0.002078"/>
</kw>
<arg>Run</arg>
<arg>echo " " &gt;&gt; ${EXECDIR}/results/mutational-fuzz-data-targeted-at-order-endpoint.log</arg>
<doc>Runs the given keyword with the given arguments and ignores possible error.</doc>
<status status="PASS" start="2024-05-06T15:32:34.997257" elapsed="0.002325"/>
</kw>
<status status="PASS" start="2024-05-06T15:32:24.912564" elapsed="10.087089"/>
</kw>
<arg>${GRAPHWALKER_PATH_KEYWORD}</arg>
<doc>Executes the given keyword with the given arguments.</doc>
<status status="PASS" start="2024-05-06T15:32:24.912191" elapsed="10.087504"/>
</kw>
<var name="${GRAPHWALKER_PATH_KEYWORD}">send_post_request_to_order_endpoint_with_fuzzed_data</var>
<status status="PASS" start="2024-05-06T15:32:24.912089" elapsed="10.087638"/>
</iter>
<iter>
<kw name="Run Keyword" owner="BuiltIn">
<kw name="check_server_log_files">
<kw name="Get File" owner="OperatingSystem">
<msg time="2024-05-06T15:32:35.001019" level="INFO" html="true">Getting file '&lt;a href="file:///tests/resources/api-application.log"&gt;/tests/resources/api-application.log&lt;/a&gt;'.</msg>
<msg time="2024-05-06T15:32:35.001712" level="INFO">${API_SERVER_LOG_CONTENTS} = [3:26:46 PM] › [CLI] …  awaiting  Starting Prism…
[3:26:46 PM] › [CLI] ✖  fatal     
prism mock &lt;document&gt;

Start a mock server with the given document file

Positionals:
  document  Path to a documen...</msg>
<var>${API_SERVER_LOG_CONTENTS}</var>
<arg>${EXECDIR}/resources/api-application.log</arg>
<doc>Returns the contents of a specified file.</doc>
<status status="PASS" start="2024-05-06T15:32:35.000840" elapsed="0.000911"/>
</kw>
<kw name="Log" owner="BuiltIn">
<msg time="2024-05-06T15:32:35.002092" level="INFO">[3:26:46 PM] › [CLI] …  awaiting  Starting Prism…
[3:26:46 PM] › [CLI] ✖  fatal     
prism mock &lt;document&gt;

Start a mock server with the given document file

Positionals:
  document  Path to a document file. Can be both a file or a fetchable resource on the web.  [string] [required]

Options:
      --version                           Show version number  [boolean]
      --help                              Show help  [boolean]
  -p, --port                              Port that Prism will run on.  [number] [required] [default: 4010]
  -h, --host                              Host that Prism will listen to.  [string] [required] [default: "127.0.0.1"]
      --cors                              Enables CORS headers.  [boolean] [default: true]
  -m, --multiprocess                      Forks the http server from the CLI for faster log processing.  [boolean] [default: false]
      --errors                            Specifies whether request/response violations marked as errors will produce an error response  [boolean] [required] [default: false]
  -v, --verboseLevel                      Turns on verbose logging.  [required] [choices: "trace", "debug", "info", "warn", "error", "fatal", "silent"] [default: "info"]
  -d, --dynamic                           Dynamically generate examples.  [boolean] [default: false]
      --json-schema-faker-fillProperties  Generate additional properties when using dynamic generation.  [boolean]
      --ignoreExamples                    Tell Prism to treat the spec as though it has no examples. When in static mode,
                                                                  returns an example that has not been generated using json-schema-faker, but was
                                                                  created by Prism. When in dynamic mode, this flag is ignored, since in dynamic mode,
                                                                  examples are not consulted and json-schema-faker is used to generate a response based
                                                                  on the schema defined in the spec  [boolean] [default: false]

listen EADDRINUSE: address already in use 0.0.0.0:4010
</msg>
<arg>${API_SERVER_LOG_CONTENTS}</arg>
<doc>Logs the given message with the given level.</doc>
<status status="PASS" start="2024-05-06T15:32:35.001884" elapsed="0.000311"/>
</kw>
<kw name="Should Not Contain Any" owner="BuiltIn">
<arg>${API_SERVER_LOG_CONTENTS}</arg>
<arg>UnhandledPromiseRejectionWarning</arg>
<arg>Unhandled</arg>
<arg>ERR_INVALID_CHAR</arg>
<arg>rejection</arg>
<arg>exception</arg>
<doc>Fails if ``container`` contains one or more of the ``*items``.</doc>
<status status="PASS" start="2024-05-06T15:32:35.002305" elapsed="0.000143"/>
</kw>
<status status="PASS" start="2024-05-06T15:32:35.000437" elapsed="0.002084"/>
</kw>
<arg>${GRAPHWALKER_PATH_KEYWORD}</arg>
<doc>Executes the given keyword with the given arguments.</doc>
<status status="PASS" start="2024-05-06T15:32:35.000077" elapsed="0.002482"/>
</kw>
<var name="${GRAPHWALKER_PATH_KEYWORD}">check_server_log_files</var>
<status status="PASS" start="2024-05-06T15:32:34.999844" elapsed="0.002744"/>
</iter>
<iter>
<kw name="Run Keyword" owner="BuiltIn">
<kw name="send_get_request_to_pets_endpoint">
<kw name="Run HTTPStat GET Request">
<kw name="Remove File" owner="OperatingSystem">
<msg time="2024-05-06T15:32:35.004184" level="INFO" html="true">Removed file '&lt;a href="file:///tests/resources/httpstat-graphwalker-response-output.log"&gt;/tests/resources/httpstat-graphwalker-response-output.log&lt;/a&gt;'.</msg>
<arg>${EXECDIR}/resources/httpstat-graphwalker-response-output.log</arg>
<doc>Removes a file with the given path.</doc>
<status status="PASS" start="2024-05-06T15:32:35.003495" elapsed="0.000767"/>
</kw>
<kw name="Run Keyword And Ignore Error" owner="BuiltIn">
<kw name="Run" owner="OperatingSystem">
<msg time="2024-05-06T15:32:35.005305" level="INFO">Running command 'go run httpstat-test-runner.go -url "http://0.0.0.0:8080/no_auth/pets/findByStatus?status=available" -method "GET" &gt; /tests/resources/httpstat-graphwalker-response-output.log'.</msg>
<arg>go run httpstat-test-runner.go -url "${TARGET_URL}" -method "${REQUEST_METHOD}" &gt; ${EXECDIR}/resources/httpstat-graphwalker-response-output.log</arg>
<doc>Runs the given command in the system and returns the output.</doc>
<status status="PASS" start="2024-05-06T15:32:35.004563" elapsed="10.581558"/>
</kw>
<arg>Run</arg>
<arg>go run httpstat-test-runner.go -url "${TARGET_URL}" -method "${REQUEST_METHOD}" &gt; ${EXECDIR}/resources/httpstat-graphwalker-response-output.log</arg>
<doc>Runs the given keyword with the given arguments and ignores possible error.</doc>
<status status="PASS" start="2024-05-06T15:32:35.004416" elapsed="10.582528"/>
</kw>
<arg>http://0.0.0.0:8080/no_auth/pets/findByStatus?status=available</arg>
<arg>GET</arg>
<status status="PASS" start="2024-05-06T15:32:35.003263" elapsed="10.583788"/>
</kw>
<status status="PASS" start="2024-05-06T15:32:35.003051" elapsed="10.584097"/>
</kw>
<arg>${GRAPHWALKER_PATH_KEYWORD}</arg>
<doc>Executes the given keyword with the given arguments.</doc>
<status status="PASS" start="2024-05-06T15:32:35.002765" elapsed="10.584430"/>
</kw>
<var name="${GRAPHWALKER_PATH_KEYWORD}">send_get_request_to_pets_endpoint</var>
<status status="PASS" start="2024-05-06T15:32:35.002679" elapsed="10.584552"/>
</iter>
<iter>
<kw name="Run Keyword" owner="BuiltIn">
<kw name="check_api_response_log_files">
<kw name="Get File" owner="OperatingSystem">
<msg time="2024-05-06T15:32:45.588548" level="INFO" html="true">Getting file '&lt;a href="file:///tests/resources/httpstat-graphwalker-response-output.log"&gt;/tests/resources/httpstat-graphwalker-response-output.log&lt;/a&gt;'.</msg>
<msg time="2024-05-06T15:32:45.590407" level="INFO">${HTTPSTAT_RESPONSE_CONTENTS} = --------------
URL: http://0.0.0.0:8080/no_auth/pets/findByStatus?status=available
Method: GET
Status Code: 200
--------------
Response Body:
[{"id":-9007199254740991,"category":{"id":-900719925474099...</msg>
<var>${HTTPSTAT_RESPONSE_CONTENTS}</var>
<arg>${EXECDIR}/resources/httpstat-graphwalker-response-output.log</arg>
<doc>Returns the contents of a specified file.</doc>
<status status="PASS" start="2024-05-06T15:32:45.588312" elapsed="0.002149"/>
</kw>
<kw name="Log" owner="BuiltIn">
<msg time="2024-05-06T15:32:45.590966" level="INFO">--------------
URL: http://0.0.0.0:8080/no_auth/pets/findByStatus?status=available
Method: GET
Status Code: 200
--------------
Response Body:
[{"id":-9007199254740991,"category":{"id":-9007199254740991,"name":"string"},"name":"doggie","photoUrls":["string"],"tags":[{"id":-9007199254740991,"name":"string"}],"status":"available"}]
--------------
Metrics:
DNS lookup:           0 ms
TCP connection:       0 ms
TLS handshake:        0 ms
Server processing: 10041 ms
Content transfer:     0 ms

Name Lookup:       0 ms
Connect:           0 ms
Pre Transfer:      0 ms
Start Transfer: 10042 ms
Total:          10042 ms

</msg>
<arg>${HTTPSTAT_RESPONSE_CONTENTS}</arg>
<doc>Logs the given message with the given level.</doc>
<status status="PASS" start="2024-05-06T15:32:45.590673" elapsed="0.000375"/>
</kw>
<kw name="Should Not Contain Any" owner="BuiltIn">
<arg>${HTTPSTAT_RESPONSE_CONTENTS}</arg>
<arg>ERROR</arg>
<arg>error</arg>
<arg>errors</arg>
<arg>Not Allowed</arg>
<arg>no method</arg>
<arg>NO_METHOD_MATCHED_ERROR</arg>
<doc>Fails if ``container`` contains one or more of the ``*items``.</doc>
<status status="PASS" start="2024-05-06T15:32:45.591243" elapsed="0.000299"/>
</kw>
<status status="PASS" start="2024-05-06T15:32:45.588030" elapsed="0.003609"/>
</kw>
<arg>${GRAPHWALKER_PATH_KEYWORD}</arg>
<doc>Executes the given keyword with the given arguments.</doc>
<status status="PASS" start="2024-05-06T15:32:45.587566" elapsed="0.004125"/>
</kw>
<var name="${GRAPHWALKER_PATH_KEYWORD}">check_api_response_log_files</var>
<status status="PASS" start="2024-05-06T15:32:45.587372" elapsed="0.004358"/>
</iter>
<iter>
<kw name="Run Keyword" owner="BuiltIn">
<kw name="add_toxiproxy_limited_bandwidth_then_send_user_get_request">
<kw name="Remove All Three Toxics" owner="ToxiproxyChaosTestLibrary">
<doc>Remove all three toxics from the exploratory-testing-proxy.</doc>
<status status="PASS" start="2024-05-06T15:32:45.592547" elapsed="5.023912"/>
</kw>
<kw name="Sleep" owner="BuiltIn">
<msg time="2024-05-06T15:33:20.618863" level="INFO">Slept 30 seconds.</msg>
<arg>30 seconds</arg>
<doc>Pauses the test executed for the given time.</doc>
<status status="PASS" start="2024-05-06T15:32:50.616816" elapsed="30.002386"/>
</kw>
<kw name="Add Limited Bandwidth Toxic" owner="ToxiproxyChaosTestLibrary">
<doc>Add the Limited Bandwidth Toxic to the Vegeta load tests. It will limit a connection to a maximum number of kilobytes per second.</doc>
<status status="PASS" start="2024-05-06T15:33:20.619627" elapsed="5.008975"/>
</kw>
<status status="PASS" start="2024-05-06T15:32:45.592316" elapsed="40.036457"/>
</kw>
<arg>${GRAPHWALKER_PATH_KEYWORD}</arg>
<doc>Executes the given keyword with the given arguments.</doc>
<status status="PASS" start="2024-05-06T15:32:45.592009" elapsed="40.036844"/>
</kw>
<var name="${GRAPHWALKER_PATH_KEYWORD}">add_toxiproxy_limited_bandwidth_then_send_user_get_request</var>
<status status="PASS" start="2024-05-06T15:32:45.591897" elapsed="40.037016"/>
</iter>
<iter>
<kw name="Run Keyword" owner="BuiltIn">
<kw name="check_api_response_log_files">
<kw name="Get File" owner="OperatingSystem">
<msg time="2024-05-06T15:33:25.630674" level="INFO" html="true">Getting file '&lt;a href="file:///tests/resources/httpstat-graphwalker-response-output.log"&gt;/tests/resources/httpstat-graphwalker-response-output.log&lt;/a&gt;'.</msg>
<msg time="2024-05-06T15:33:25.632476" level="INFO">${HTTPSTAT_RESPONSE_CONTENTS} = --------------
URL: http://0.0.0.0:8080/no_auth/pets/findByStatus?status=available
Method: GET
Status Code: 200
--------------
Response Body:
[{"id":-9007199254740991,"category":{"id":-900719925474099...</msg>
<var>${HTTPSTAT_RESPONSE_CONTENTS}</var>
<arg>${EXECDIR}/resources/httpstat-graphwalker-response-output.log</arg>
<doc>Returns the contents of a specified file.</doc>
<status status="PASS" start="2024-05-06T15:33:25.630465" elapsed="0.002061"/>
</kw>
<kw name="Log" owner="BuiltIn">
<msg time="2024-05-06T15:33:25.632909" level="INFO">--------------
URL: http://0.0.0.0:8080/no_auth/pets/findByStatus?status=available
Method: GET
Status Code: 200
--------------
Response Body:
[{"id":-9007199254740991,"category":{"id":-9007199254740991,"name":"string"},"name":"doggie","photoUrls":["string"],"tags":[{"id":-9007199254740991,"name":"string"}],"status":"available"}]
--------------
Metrics:
DNS lookup:           0 ms
TCP connection:       0 ms
TLS handshake:        0 ms
Server processing: 10041 ms
Content transfer:     0 ms

Name Lookup:       0 ms
Connect:           0 ms
Pre Transfer:      0 ms
Start Transfer: 10042 ms
Total:          10042 ms

</msg>
<arg>${HTTPSTAT_RESPONSE_CONTENTS}</arg>
<doc>Logs the given message with the given level.</doc>
<status status="PASS" start="2024-05-06T15:33:25.632722" elapsed="0.000259"/>
</kw>
<kw name="Should Not Contain Any" owner="BuiltIn">
<arg>${HTTPSTAT_RESPONSE_CONTENTS}</arg>
<arg>ERROR</arg>
<arg>error</arg>
<arg>errors</arg>
<arg>Not Allowed</arg>
<arg>no method</arg>
<arg>NO_METHOD_MATCHED_ERROR</arg>
<doc>Fails if ``container`` contains one or more of the ``*items``.</doc>
<status status="PASS" start="2024-05-06T15:33:25.633192" elapsed="0.000216"/>
</kw>
<status status="PASS" start="2024-05-06T15:33:25.629966" elapsed="0.003550"/>
</kw>
<arg>${GRAPHWALKER_PATH_KEYWORD}</arg>
<doc>Executes the given keyword with the given arguments.</doc>
<status status="PASS" start="2024-05-06T15:33:25.629450" elapsed="0.004121"/>
</kw>
<var name="${GRAPHWALKER_PATH_KEYWORD}">check_api_response_log_files</var>
<status status="PASS" start="2024-05-06T15:33:25.629234" elapsed="0.004381"/>
</iter>
<iter>
<kw name="Run Keyword" owner="BuiltIn">
<kw name="add_toxiproxy_latency_then_send_user_get_request">
<kw name="Remove All Three Toxics" owner="ToxiproxyChaosTestLibrary">
<doc>Remove all three toxics from the exploratory-testing-proxy.</doc>
<status status="PASS" start="2024-05-06T15:33:25.634599" elapsed="5.018195"/>
</kw>
<kw name="Sleep" owner="BuiltIn">
<msg time="2024-05-06T15:34:00.655298" level="INFO">Slept 30 seconds.</msg>
<arg>30 seconds</arg>
<doc>Pauses the test executed for the given time.</doc>
<status status="PASS" start="2024-05-06T15:33:30.653555" elapsed="30.001993"/>
</kw>
<kw name="Add Latency Toxic" owner="ToxiproxyChaosTestLibrary">
<doc>Add the Latency Toxic to the Vegeta load tests. It will add a delay to all data going through the proxy.</doc>
<status status="PASS" start="2024-05-06T15:34:00.656733" elapsed="5.006959"/>
</kw>
<status status="PASS" start="2024-05-06T15:33:25.634302" elapsed="40.029645"/>
</kw>
[...]
Vegeta load test executed successfully: Vegeta Load Test Runner - Results
Requests: 1000
Success Rate: 100 %</msg>
<arg>${USER_DEFINED_TEST_RATE}</arg>
<arg>${USER_DEFINED_TEST_DURATION}</arg>
<arg>${USER_DEFINED_URL}</arg>
<arg>${USER_DEFINED_METHOD}</arg>
<arg>${USER_DEFINED_TEST_REQUEST_BODY}</arg>
<arg>${USER_DEFINED_TEST_OUTPUT_FILE}</arg>
<doc>Runs the vegeta-load-test-runner.go automation with specific given parameters for more customization.</doc>
<status status="PASS" start="2024-05-06T16:06:16.257370" elapsed="20.353932"/>
</kw>
<kw name="Move Files" owner="OperatingSystem">
<msg time="2024-05-06T16:06:36.614838" level="INFO" html="true">Moved file from '&lt;a href="file:///tests/results.bin"&gt;/tests/results.bin&lt;/a&gt;' to '&lt;a href="file:///tests/results/results.bin"&gt;/tests/results/results.bin&lt;/a&gt;'.</msg>
<arg>${EXECDIR}/*.bin</arg>
<arg>${EXECDIR}/results/</arg>
<doc>Moves specified files to the target directory.</doc>
<status status="PASS" start="2024-05-06T16:06:36.611501" elapsed="0.003432"/>
</kw>
<kw name="Log To Console" owner="BuiltIn">
<arg>Vegeta Load Test Completed</arg>
<doc>Logs the given message to the console.</doc>
<status status="PASS" start="2024-05-06T16:06:36.615773" elapsed="0.000218"/>
</kw>
<kw name="Log To Console" owner="BuiltIn">
<arg>Check the results.bin files found in... ${EXECDIR}/results</arg>
<doc>Logs the given message to the console.</doc>
<status status="PASS" start="2024-05-06T16:06:36.616142" elapsed="0.000466"/>
</kw>
<arg>http://0.0.0.0:8080/store/order/9</arg>
<arg>${EMPTY}</arg>
<arg>GET</arg>
<status status="PASS" start="2024-05-06T16:06:16.248175" elapsed="20.368572"/>
</kw>
<kw name="Log Lines To Console">
<kw name="Log To Console" owner="BuiltIn">
<arg>...\n...\n...\n...</arg>
<doc>Logs the given message to the console.</doc>
<status status="PASS" start="2024-05-06T16:06:36.618004" elapsed="0.000265"/>
</kw>
<status status="PASS" start="2024-05-06T16:06:36.617237" elapsed="0.001143"/>
</kw>
<kw name="Trigger Only After Failure" type="TEARDOWN">
<kw name="Run Keyword If Test Failed" owner="BuiltIn">
<arg>Automation Failure Detected Notify Team</arg>
<doc>Runs the given keyword with the given arguments, if the test failed.</doc>
<status status="PASS" start="2024-05-06T16:06:36.619268" elapsed="0.000215"/>
</kw>
<status status="PASS" start="2024-05-06T16:06:36.618762" elapsed="0.000917"/>
</kw>
<doc>Click this link to view test documentation traceability : [ https://test-management-platform.com/Test_ID4|Test_ID4]</doc>
<tag>Chaos_Tests</tag>
<tag>Jira_ID4</tag>
<tag>Load_Tests</tag>
<tag>Run_All_Tests</tag>
<tag>Test_ID4</tag>
<status status="PASS" start="2024-05-06T16:06:16.244767" elapsed="20.375038"/>
</test>
<test id="s1-t8" name="GO TEST FUNCTIONAL TESTS - GET /USER/USERNAME - Test_ID5 : Analyze the Go Httpstat functional test for a GET request on the /user/vitae API endpoint." line="76">
<kw name="Log Lines To Console">
<kw name="Log To Console" owner="BuiltIn">
<arg>...\n...\n...\n...</arg>
<doc>Logs the given message to the console.</doc>
<status status="PASS" start="2024-05-06T16:06:36.621536" elapsed="0.000220"/>
</kw>
<status status="PASS" start="2024-05-06T16:06:36.621151" elapsed="0.000687"/>
</kw>
<kw name="Analyze Go Test Results">
<kw name="Run" owner="OperatingSystem">
<msg time="2024-05-06T16:06:36.623691" level="INFO">Running command 'cat /tests/resources/go-test-console-results.log | grep vitae 2&gt;&amp;1'.</msg>
<msg time="2024-05-06T16:06:36.631842" level="INFO">${GO_TEST_OUTPUT_CONTENTS} =   "Output": "    --- PASS: TestHTTPRequests/GET_http://0.0.0.0:4010/user/vitae (0.10s)\n"</msg>
<var>${GO_TEST_OUTPUT_CONTENTS}</var>
<arg>cat ${EXECDIR}/resources/go-test-console-results.log | grep ${GO_TEST_OUTPUT_CHECK1}</arg>
<doc>Runs the given command in the system and returns the output.</doc>
<status status="PASS" start="2024-05-06T16:06:36.622928" elapsed="0.008962"/>
</kw>
<kw name="Log" owner="BuiltIn">
<msg time="2024-05-06T16:06:36.632232" level="INFO">  "Output": "    --- PASS: TestHTTPRequests/GET_http://0.0.0.0:4010/user/vitae (0.10s)\n"</msg>
<arg>${GO_TEST_OUTPUT_CONTENTS}</arg>
<doc>Logs the given message with the given level.</doc>
<status status="PASS" start="2024-05-06T16:06:36.632071" elapsed="0.000206"/>
</kw>
<kw name="Should Contain" owner="BuiltIn">
<arg>${GO_TEST_OUTPUT_CONTENTS}</arg>
<arg>${GO_TEST_OUTPUT_CHECK2}</arg>
<doc>Fails if ``container`` does not contain ``item`` one or more times.</doc>
<status status="PASS" start="2024-05-06T16:06:36.632402" elapsed="0.000221"/>
</kw>
<arg>vitae</arg>
<arg>PASS</arg>
<status status="PASS" start="2024-05-06T16:06:36.622051" elapsed="0.010643"/>
</kw>
<kw name="Log Lines To Console">
<kw name="Log To Console" owner="BuiltIn">
<arg>...\n...\n...\n...</arg>
<doc>Logs the given message to the console.</doc>
<status status="PASS" start="2024-05-06T16:06:36.633154" elapsed="0.000183"/>
</kw>
<status status="PASS" start="2024-05-06T16:06:36.632915" elapsed="0.000519"/>
</kw>
<kw name="Trigger Only After Failure" type="TEARDOWN">
<kw name="Run Keyword If Test Failed" owner="BuiltIn">
<arg>Automation Failure Detected Notify Team</arg>
<doc>Runs the given keyword with the given arguments, if the test failed.</doc>
<status status="PASS" start="2024-05-06T16:06:36.634456" elapsed="0.000194"/>
</kw>
<status status="PASS" start="2024-05-06T16:06:36.633964" elapsed="0.000765"/>
</kw>
<doc>Click this link to view test documentation traceability : [ https://test-management-platform.com/Test_ID5|Test_ID5]</doc>
<tag>Functional_Tests</tag>
<tag>Functional_Tests_Analysis</tag>
<tag>Jira_ID5</tag>
<tag>Run_All_Tests</tag>
<tag>Test_ID5</tag>
<status status="PASS" start="2024-05-06T16:06:36.620228" elapsed="0.014613"/>
</test>
<test id="s1-t9" name="GO TEST FUNCTIONAL TESTS - GET /NO_AUTH/PETS/FINDBYSTATUS - Test_ID6 : Analyze the Go Httpstat functional test for a GET request on the /no_auth/pets/findByStatus API endpoint." line="83">
<kw name="Log Lines To Console">
<kw name="Log To Console" owner="BuiltIn">
<arg>...\n...\n...\n...</arg>
<doc>Logs the given message to the console.</doc>
<status status="PASS" start="2024-05-06T16:06:36.636888" elapsed="0.000313"/>
</kw>
<status status="PASS" start="2024-05-06T16:06:36.636575" elapsed="0.000725"/>
</kw>
<kw name="Analyze Go Test Results">
<kw name="Run" owner="OperatingSystem">
<msg time="2024-05-06T16:06:36.638826" level="INFO">Running command 'cat /tests/resources/go-test-console-results.log | grep findByStatus 2&gt;&amp;1'.</msg>
<msg time="2024-05-06T16:06:36.642235" level="INFO">${GO_TEST_OUTPUT_CONTENTS} =   "Output": "    --- PASS: TestHTTPRequests/GET_http://0.0.0.0:4010/no_auth/pets/findByStatus?status=available (0.02s)\n"</msg>
<var>${GO_TEST_OUTPUT_CONTENTS}</var>
<arg>cat ${EXECDIR}/resources/go-test-console-results.log | grep ${GO_TEST_OUTPUT_CHECK1}</arg>
<doc>Runs the given command in the system and returns the output.</doc>
<status status="PASS" start="2024-05-06T16:06:36.638050" elapsed="0.004232"/>
</kw>
<kw name="Log" owner="BuiltIn">
<msg time="2024-05-06T16:06:36.643102" level="INFO">  "Output": "    --- PASS: TestHTTPRequests/GET_http://0.0.0.0:4010/no_auth/pets/findByStatus?status=available (0.02s)\n"</msg>
<arg>${GO_TEST_OUTPUT_CONTENTS}</arg>
<doc>Logs the given message with the given level.</doc>
<status status="PASS" start="2024-05-06T16:06:36.642648" elapsed="0.000581"/>
</kw>
<kw name="Should Contain" owner="BuiltIn">
<arg>${GO_TEST_OUTPUT_CONTENTS}</arg>
<arg>${GO_TEST_OUTPUT_CHECK2}</arg>
<doc>Fails if ``container`` does not contain ``item`` one or more times.</doc>
<status status="PASS" start="2024-05-06T16:06:36.643645" elapsed="0.000379"/>
</kw>
<arg>findByStatus</arg>
<arg>PASS</arg>
<status status="PASS" start="2024-05-06T16:06:36.637627" elapsed="0.006530"/>
</kw>
<kw name="Log Lines To Console">
<kw name="Log To Console" owner="BuiltIn">
<arg>...\n...\n...\n...</arg>
<doc>Logs the given message to the console.</doc>
<status status="PASS" start="2024-05-06T16:06:36.645278" elapsed="0.000477"/>
</kw>
<status status="PASS" start="2024-05-06T16:06:36.644798" elapsed="0.001131"/>
</kw>
<kw name="Trigger Only After Failure" type="TEARDOWN">
<kw name="Run Keyword If Test Failed" owner="BuiltIn">
<arg>Automation Failure Detected Notify Team</arg>
<doc>Runs the given keyword with the given arguments, if the test failed.</doc>
<status status="PASS" start="2024-05-06T16:06:36.647074" elapsed="0.000165"/>
</kw>
<status status="PASS" start="2024-05-06T16:06:36.646598" elapsed="0.000784"/>
</kw>
<doc>Click this link to view test documentation traceability : [ https://test-management-platform.com/Test_ID6|Test_ID6]</doc>
<tag>Functional_Tests</tag>
<tag>Functional_Tests_Analysis</tag>
<tag>Jira_ID6</tag>
<tag>Run_All_Tests</tag>
<tag>Test_ID6</tag>
<status status="PASS" start="2024-05-06T16:06:36.635541" elapsed="0.012086"/>
</test>
<test id="s1-t10" name="GO TEST FUNCTIONAL TESTS - GET /STORE/ORDER/NUMBER - Test_ID7 : Analyze the Go Httpstat functional test for a GET request on the /store/order/9 API endpoint." line="90">
<kw name="Log Lines To Console">
<kw name="Log To Console" owner="BuiltIn">
<arg>...\n...\n...\n...</arg>
<doc>Logs the given message to the console.</doc>
<status status="PASS" start="2024-05-06T16:06:36.650748" elapsed="0.000202"/>
</kw>
<status status="PASS" start="2024-05-06T16:06:36.650290" elapsed="0.000777"/>
</kw>
<kw name="Analyze Go Test Results">
<kw name="Run" owner="OperatingSystem">
<msg time="2024-05-06T16:06:36.652945" level="INFO">Running command 'cat /tests/resources/go-test-console-results.log | grep store/order/9 2&gt;&amp;1'.</msg>
<msg time="2024-05-06T16:06:36.659030" level="INFO">${GO_TEST_OUTPUT_CONTENTS} =   "Output": "    --- PASS: TestHTTPRequests/GET_http://0.0.0.0:4010/store/order/9 (0.02s)\n"</msg>
<var>${GO_TEST_OUTPUT_CONTENTS}</var>
<arg>cat ${EXECDIR}/resources/go-test-console-results.log | grep ${GO_TEST_OUTPUT_CHECK1}</arg>
<doc>Runs the given command in the system and returns the output.</doc>
<status status="PASS" start="2024-05-06T16:06:36.651968" elapsed="0.007109"/>
</kw>
<kw name="Log" owner="BuiltIn">
<msg time="2024-05-06T16:06:36.659465" level="INFO">  "Output": "    --- PASS: TestHTTPRequests/GET_http://0.0.0.0:4010/store/order/9 (0.02s)\n"</msg>
<arg>${GO_TEST_OUTPUT_CONTENTS}</arg>
<doc>Logs the given message with the given level.</doc>
<status status="PASS" start="2024-05-06T16:06:36.659285" elapsed="0.000227"/>
</kw>
<kw name="Should Contain" owner="BuiltIn">
<arg>${GO_TEST_OUTPUT_CONTENTS}</arg>
<arg>${GO_TEST_OUTPUT_CHECK2}</arg>
<doc>Fails if ``container`` does not contain ``item`` one or more times.</doc>
<status status="PASS" start="2024-05-06T16:06:36.659648" elapsed="0.000280"/>
</kw>
<arg>store/order/9</arg>
<arg>PASS</arg>
<status status="PASS" start="2024-05-06T16:06:36.651393" elapsed="0.008613"/>
</kw>
<kw name="Log Lines To Console">
<kw name="Log To Console" owner="BuiltIn">
<arg>...\n...\n...\n...</arg>
<doc>Logs the given message to the console.</doc>
<status status="PASS" start="2024-05-06T16:06:36.660649" elapsed="0.000225"/>
</kw>
<status status="PASS" start="2024-05-06T16:06:36.660243" elapsed="0.000770"/>
</kw>
<kw name="Trigger Only After Failure" type="TEARDOWN">
<kw name="Run Keyword If Test Failed" owner="BuiltIn">
<arg>Automation Failure Detected Notify Team</arg>
<doc>Runs the given keyword with the given arguments, if the test failed.</doc>
<status status="PASS" start="2024-05-06T16:06:36.661802" elapsed="0.000100"/>
</kw>
<status status="PASS" start="2024-05-06T16:06:36.661405" elapsed="0.000568"/>
</kw>
<doc>Click this link to view test documentation traceability : [ https://test-management-platform.com/Test_ID7|Test_ID7]</doc>
<tag>Functional_Tests</tag>
<tag>Functional_Tests_Analysis</tag>
<tag>Jira_ID7</tag>
<tag>Run_All_Tests</tag>
<tag>Test_ID7</tag>
<status status="PASS" start="2024-05-06T16:06:36.648140" elapsed="0.013948"/>
</test>
<test id="s1-t11" name="GO TEST FUNCTIONAL TESTS - POST /STORE/ORDER - Test_ID8 : Analyze the Go Httpstat functional test for a POST request on the /store/order API endpoint. This will create a new order." line="97">
<kw name="Log Lines To Console">
<kw name="Log To Console" owner="BuiltIn">
<arg>...\n...\n...\n...</arg>
<doc>Logs the given message to the console.</doc>
<status status="PASS" start="2024-05-06T16:06:36.663665" elapsed="0.000261"/>
</kw>
<status status="PASS" start="2024-05-06T16:06:36.663278" elapsed="0.000761"/>
</kw>
<kw name="Analyze Go Test Results">
<kw name="Run" owner="OperatingSystem">
<msg time="2024-05-06T16:06:36.669222" level="INFO">Running command 'cat /tests/resources/go-test-console-results.log | grep POST_http://0.0.0.0:4010/store/order 2&gt;&amp;1'.</msg>
<msg time="2024-05-06T16:06:36.672946" level="INFO">${GO_TEST_OUTPUT_CONTENTS} =   "Output": "    --- PASS: TestHTTPRequests/POST_http://0.0.0.0:4010/store/order (0.02s)\n"</msg>
<var>${GO_TEST_OUTPUT_CONTENTS}</var>
<arg>cat ${EXECDIR}/resources/go-test-console-results.log | grep ${GO_TEST_OUTPUT_CHECK1}</arg>
<doc>Runs the given command in the system and returns the output.</doc>
<status status="PASS" start="2024-05-06T16:06:36.664778" elapsed="0.008224"/>
</kw>
<kw name="Log" owner="BuiltIn">
<msg time="2024-05-06T16:06:36.673427" level="INFO">  "Output": "    --- PASS: TestHTTPRequests/POST_http://0.0.0.0:4010/store/order (0.02s)\n"</msg>
<arg>${GO_TEST_OUTPUT_CONTENTS}</arg>
<doc>Logs the given message with the given level.</doc>
<status status="PASS" start="2024-05-06T16:06:36.673223" elapsed="0.000255"/>
</kw>
<kw name="Should Contain" owner="BuiltIn">
<arg>${GO_TEST_OUTPUT_CONTENTS}</arg>
<arg>${GO_TEST_OUTPUT_CHECK2}</arg>
<doc>Fails if ``container`` does not contain ``item`` one or more times.</doc>
<status status="PASS" start="2024-05-06T16:06:36.673960" elapsed="0.000290"/>
</kw>
<arg>POST_http://0.0.0.0:4010/store/order</arg>
<arg>PASS</arg>
<status status="PASS" start="2024-05-06T16:06:36.664292" elapsed="0.010104"/>
</kw>
<kw name="Log Lines To Console">
<kw name="Log To Console" owner="BuiltIn">
<arg>...\n...\n...\n...</arg>
<doc>Logs the given message to the console.</doc>
<status status="PASS" start="2024-05-06T16:06:36.675122" elapsed="0.000423"/>
</kw>
<status status="PASS" start="2024-05-06T16:06:36.674710" elapsed="0.001098"/>
</kw>
<kw name="Trigger Only After Failure" type="TEARDOWN">
<kw name="Run Keyword If Test Failed" owner="BuiltIn">
<arg>Automation Failure Detected Notify Team</arg>
<doc>Runs the given keyword with the given arguments, if the test failed.</doc>
<status status="PASS" start="2024-05-06T16:06:36.677794" elapsed="0.000105"/>
</kw>
<status status="PASS" start="2024-05-06T16:06:36.676998" elapsed="0.000976"/>
</kw>
<doc>Click this link to view test documentation traceability : [ https://test-management-platform.com/Test_ID8|Test_ID8]</doc>
<tag>Functional_Tests</tag>
<tag>Functional_Tests_Analysis</tag>
<tag>Jira_ID8</tag>
<tag>Run_All_Tests</tag>
<tag>Test_ID8</tag>
<status status="PASS" start="2024-05-06T16:06:36.662499" elapsed="0.015592"/>
</test>
<test id="s1-t12" name="GO TEST FUNCTIONAL TESTS - POST /USER - Test_ID9 : Analyze the Go Httpstat functional test for a POST request on the /user API endpoint. This will create a new user." line="104">
<kw name="Log Lines To Console">
<kw name="Log To Console" owner="BuiltIn">
<arg>...\n...\n...\n...</arg>
<doc>Logs the given message to the console.</doc>
<status status="PASS" start="2024-05-06T16:06:36.679594" elapsed="0.000275"/>
</kw>
<status status="PASS" start="2024-05-06T16:06:36.679217" elapsed="0.000737"/>
</kw>
<kw name="Analyze Go Test Results">
<kw name="Run" owner="OperatingSystem">
<msg time="2024-05-06T16:06:36.681397" level="INFO">Running command 'cat /tests/resources/go-test-console-results.log | grep POST_http://0.0.0.0:4010/user 2&gt;&amp;1'.</msg>
<msg time="2024-05-06T16:06:36.684872" level="INFO">${GO_TEST_OUTPUT_CONTENTS} =   "Output": "    --- PASS: TestHTTPRequests/POST_http://0.0.0.0:4010/user (0.02s)\n"</msg>
<var>${GO_TEST_OUTPUT_CONTENTS}</var>
<arg>cat ${EXECDIR}/resources/go-test-console-results.log | grep ${GO_TEST_OUTPUT_CHECK1}</arg>
<doc>Runs the given command in the system and returns the output.</doc>
<status status="PASS" start="2024-05-06T16:06:36.680466" elapsed="0.004454"/>
</kw>
<kw name="Log" owner="BuiltIn">
<msg time="2024-05-06T16:06:36.685265" level="INFO">  "Output": "    --- PASS: TestHTTPRequests/POST_http://0.0.0.0:4010/user (0.02s)\n"</msg>
<arg>${GO_TEST_OUTPUT_CONTENTS}</arg>
<doc>Logs the given message with the given level.</doc>
<status status="PASS" start="2024-05-06T16:06:36.685104" elapsed="0.000206"/>
</kw>
<kw name="Should Contain" owner="BuiltIn">
<arg>${GO_TEST_OUTPUT_CONTENTS}</arg>
<arg>${GO_TEST_OUTPUT_CHECK2}</arg>
<doc>Fails if ``container`` does not contain ``item`` one or more times.</doc>
<status status="PASS" start="2024-05-06T16:06:36.685425" elapsed="0.000231"/>
</kw>
<arg>POST_http://0.0.0.0:4010/user</arg>
<arg>PASS</arg>
<status status="PASS" start="2024-05-06T16:06:36.680171" elapsed="0.005561"/>
</kw>
<kw name="Log Lines To Console">
<kw name="Log To Console" owner="BuiltIn">
<arg>...\n...\n...\n...</arg>
<doc>Logs the given message to the console.</doc>
<status status="PASS" start="2024-05-06T16:06:36.686162" elapsed="0.000226"/>
</kw>
<status status="PASS" start="2024-05-06T16:06:36.685942" elapsed="0.001880"/>
</kw>
<kw name="Trigger Only After Failure" type="TEARDOWN">
<kw name="Run Keyword If Test Failed" owner="BuiltIn">
<arg>Automation Failure Detected Notify Team</arg>
<doc>Runs the given keyword with the given arguments, if the test failed.</doc>
<status status="PASS" start="2024-05-06T16:06:36.689750" elapsed="0.000113"/>
</kw>
<status status="PASS" start="2024-05-06T16:06:36.689268" elapsed="0.000671"/>
</kw>
<doc>Click this link to view test documentation traceability : [ https://test-management-platform.com/Test_ID9|Test_ID9]</doc>
<tag>Functional_Tests</tag>
<tag>Functional_Tests_Analysis</tag>
<tag>Jira_ID9</tag>
<tag>Run_All_Tests</tag>
<tag>Test_ID9</tag>
<status status="PASS" start="2024-05-06T16:06:36.678426" elapsed="0.011646"/>
</test>
<doc>CI_PIPELINE_URL : https://github.com/jg8481/go-language-rpa-tests/actions</doc>
<status status="PASS" start="2024-05-06T15:26:36.841763" elapsed="2399.857059"/>
</suite>
<statistics>
<total>
<stat pass="12" fail="0" skip="0">All Tests</stat>
</total>
<tag>
<stat pass="4" fail="0" skip="0">Chaos_Tests</stat>
<stat pass="1" fail="0" skip="0">Exploratory_Tests</stat>
<stat pass="5" fail="0" skip="0">Functional_Tests</stat>
<stat pass="5" fail="0" skip="0">Functional_Tests_Analysis</stat>
<stat pass="1" fail="0" skip="0">Jira_ID1</stat>
<stat pass="1" fail="0" skip="0">Jira_ID2</stat>
<stat pass="1" fail="0" skip="0">Jira_ID3</stat>
<stat pass="1" fail="0" skip="0">Jira_ID4</stat>
<stat pass="1" fail="0" skip="0">Jira_ID5</stat>
<stat pass="1" fail="0" skip="0">Jira_ID6</stat>
<stat pass="1" fail="0" skip="0">Jira_ID7</stat>
<stat pass="1" fail="0" skip="0">Jira_ID8</stat>
<stat pass="1" fail="0" skip="0">Jira_ID9</stat>
<stat pass="3" fail="0" skip="0">Load_Tests</stat>
<stat pass="1" fail="0" skip="0">Model-Based_Tests</stat>
<stat pass="12" fail="0" skip="0">Run_All_Tests</stat>
<stat pass="1" fail="0" skip="0">Test_ID1</stat>
<stat pass="1" fail="0" skip="0">Test_ID2</stat>
<stat pass="1" fail="0" skip="0">Test_ID3</stat>
<stat pass="1" fail="0" skip="0">Test_ID4</stat>
<stat pass="1" fail="0" skip="0">Test_ID5</stat>
<stat pass="1" fail="0" skip="0">Test_ID6</stat>
<stat pass="1" fail="0" skip="0">Test_ID7</stat>
<stat pass="1" fail="0" skip="0">Test_ID8</stat>
<stat pass="1" fail="0" skip="0">Test_ID9</stat>
<stat pass="3" fail="0" skip="0">Tests_Setup</stat>
</tag>
<suite>
<stat pass="12" fail="0" skip="0" id="s1" name="Generic-Automation">Generic-Automation</stat>
</suite>
</statistics>
<errors>
</errors>
</robot>
