<?xml version="1.0" encoding="UTF-8"?>
<robot generator="Robot 7.0 (Python 3.12.3 on linux)" generated="2024-05-06T04:50:20.591374" rpa="false" schemaversion="5">
<suite id="s1" name="Generic-Automation" source="/tests/generic-automation.robot">
<test id="s1-t1" name="FUNCTIONAL TESTS SETUP : Start the Prism API Mock Server for the Go Httpstat functional tests and Vegeta Load Tests." line="22">
<kw name="Automation Section For Slack Notifications">
<kw name="Set Suite Variable" owner="BuiltIn">
<msg time="2024-05-06T04:50:20.670875" level="INFO">${AUTOMATION_SECTION_NAME} = FUNCTIONAL TESTS SETUP</msg>
<arg>${AUTOMATION_SECTION_NAME}</arg>
<arg>${AUTOMATION_SECTION}</arg>
<doc>Makes a variable available everywhere within the scope of the current suite.</doc>
<status status="PASS" start="2024-05-06T04:50:20.669850" elapsed="0.001099"/>
</kw>
<arg>FUNCTIONAL TESTS SETUP</arg>
<status status="PASS" start="2024-05-06T04:50:20.668631" elapsed="0.002418"/>
</kw>
<kw name="Log Lines To Console">
<kw name="Log To Console" owner="BuiltIn">
<arg>...\n...\n...\n...</arg>
<doc>Logs the given message to the console.</doc>
<status status="PASS" start="2024-05-06T04:50:20.671726" elapsed="0.000375"/>
</kw>
<status status="PASS" start="2024-05-06T04:50:20.671343" elapsed="0.000905"/>
</kw>
<kw name="Start Prism API Mock Server">
<kw name="Remove File" owner="OperatingSystem">
<msg time="2024-05-06T04:50:20.673708" level="INFO" html="true">Removed file '&lt;a href="file:///tests/resources/api-application.log"&gt;/tests/resources/api-application.log&lt;/a&gt;'.</msg>
<arg>${EXECDIR}/resources/api-application.log</arg>
<doc>Removes a file with the given path.</doc>
<status status="PASS" start="2024-05-06T04:50:20.672901" elapsed="0.000929"/>
</kw>
<kw name="Download And Install Prism" owner="PrismMockServerLibrary">
<doc>Downloads and installs the Prism tool.</doc>
<status status="PASS" start="2024-05-06T04:50:20.674063" elapsed="4.422974"/>
</kw>
<kw name="Start Prism Mock Server" owner="PrismMockServerLibrary">
<doc>Start the Prism tool and create a mock API server.</doc>
<status status="PASS" start="2024-05-06T04:50:25.097262" elapsed="5.006450"/>
</kw>
<kw name="Log To Console" owner="BuiltIn">
<arg>Prism Mock Server Started</arg>
<doc>Logs the given message to the console.</doc>
<status status="PASS" start="2024-05-06T04:50:30.103948" elapsed="0.000243"/>
</kw>
<kw name="Log To Console" owner="BuiltIn">
<arg>Check the Mock API log found in... ${EXECDIR}/resources/api-application.log</arg>
<doc>Logs the given message to the console.</doc>
<status status="PASS" start="2024-05-06T04:50:30.104311" elapsed="0.000376"/>
</kw>
<status status="PASS" start="2024-05-06T04:50:20.672577" elapsed="9.432221"/>
</kw>
<kw name="Log Lines To Console">
<kw name="Log To Console" owner="BuiltIn">
<arg>...\n...\n...\n...</arg>
<doc>Logs the given message to the console.</doc>
<status status="PASS" start="2024-05-06T04:50:30.105657" elapsed="0.000209"/>
</kw>
<status status="PASS" start="2024-05-06T04:50:30.105137" elapsed="0.000800"/>
</kw>
<kw name="Trigger Only After Failure" type="TEARDOWN">
<kw name="Run Keyword If Test Failed" owner="BuiltIn">
<arg>Automation Failure Detected Notify Team</arg>
<doc>Runs the given keyword with the given arguments, if the test failed.</doc>
<status status="PASS" start="2024-05-06T04:50:30.106857" elapsed="0.000300"/>
</kw>
<status status="PASS" start="2024-05-06T04:50:30.106256" elapsed="0.001047"/>
</kw>
<tag>Run_All_Tests</tag>
<tag>Tests_Setup</tag>
<status status="PASS" start="2024-05-06T04:50:20.667662" elapsed="9.439949"/>
</test>
<test id="s1-t2" name="CHAOS AND LOAD TESTS SETUP : Start the Toxiproxy TCP Chaos Proxy." line="29">
<kw name="Automation Section For Slack Notifications">
<kw name="Set Suite Variable" owner="BuiltIn">
<msg time="2024-05-06T04:50:30.109732" level="INFO">${AUTOMATION_SECTION_NAME} = CHAOS AND LOAD TESTS SETUP</msg>
<arg>${AUTOMATION_SECTION_NAME}</arg>
<arg>${AUTOMATION_SECTION}</arg>
<doc>Makes a variable available everywhere within the scope of the current suite.</doc>
<status status="PASS" start="2024-05-06T04:50:30.109322" elapsed="0.000475"/>
</kw>
<arg>CHAOS AND LOAD TESTS SETUP</arg>
<status status="PASS" start="2024-05-06T04:50:30.108931" elapsed="0.000939"/>
</kw>
<kw name="Log Lines To Console">
<kw name="Log To Console" owner="BuiltIn">
<arg>...\n...\n...\n...</arg>
<doc>Logs the given message to the console.</doc>
<status status="PASS" start="2024-05-06T04:50:30.110581" elapsed="0.000238"/>
</kw>
<status status="PASS" start="2024-05-06T04:50:30.110088" elapsed="0.000803"/>
</kw>
<kw name="Start Toxiproxy TCP Proxy">
<kw name="Remove File" owner="OperatingSystem">
<msg time="2024-05-06T04:50:30.113143" level="INFO" html="true">Removed file '&lt;a href="file:///tests/resources/toxiproxy.log"&gt;/tests/resources/toxiproxy.log&lt;/a&gt;'.</msg>
<arg>${EXECDIR}/resources/toxiproxy.log</arg>
<doc>Removes a file with the given path.</doc>
<status status="PASS" start="2024-05-06T04:50:30.111503" elapsed="0.001846"/>
</kw>
<kw name="Start Toxiproxy Server" owner="ToxiproxyChaosTestLibrary">
<doc>Start the Toxiproxy server.</doc>
<status status="PASS" start="2024-05-06T04:50:30.113661" elapsed="5.005013"/>
</kw>
<kw name="Create TCP Chaos Proxy" owner="ToxiproxyChaosTestLibrary">
<doc>Create a TCP Chaos Proxy for the Vegeta load tests.</doc>
<status status="PASS" start="2024-05-06T04:50:35.118894" elapsed="5.003739"/>
</kw>
<kw name="Add Limited Bandwidth Toxic" owner="ToxiproxyChaosTestLibrary">
<doc>Add the Limited Bandwidth Toxic to the Vegeta load tests. It will limit a connection to a maximum number of kilobytes per second.</doc>
<status status="PASS" start="2024-05-06T04:50:40.122878" elapsed="5.003874"/>
</kw>
<kw name="Add Slow Close Toxic" owner="ToxiproxyChaosTestLibrary">
<doc>Add the Slow Close Toxic to the Vegeta load tests. It will delay the TCP socket from closing until delay has elapsed.</doc>
<status status="PASS" start="2024-05-06T04:50:45.127107" elapsed="5.005662"/>
</kw>
<kw name="Add Latency Toxic" owner="ToxiproxyChaosTestLibrary">
<doc>Add the Latency Toxic to the Vegeta load tests. It will add a delay to all data going through the proxy.</doc>
<status status="PASS" start="2024-05-06T04:50:50.133118" elapsed="5.007452"/>
</kw>
<kw name="Log To Console" owner="BuiltIn">
<arg>Toxiproxy Server Started</arg>
<doc>Logs the given message to the console.</doc>
<status status="PASS" start="2024-05-06T04:50:55.141623" elapsed="0.001280"/>
</kw>
<kw name="Log To Console" owner="BuiltIn">
<arg>Check the Toxiproxy log found in... ${EXECDIR}/resources/toxiproxy.log</arg>
<doc>Logs the given message to the console.</doc>
<status status="PASS" start="2024-05-06T04:50:55.143180" elapsed="0.001489"/>
</kw>
<status status="PASS" start="2024-05-06T04:50:30.111184" elapsed="25.036327"/>
</kw>
<kw name="Log Lines To Console">
<kw name="Log To Console" owner="BuiltIn">
<arg>...\n...\n...\n...</arg>
<doc>Logs the given message to the console.</doc>
<status status="PASS" start="2024-05-06T04:50:55.149249" elapsed="0.000867"/>
</kw>
<status status="PASS" start="2024-05-06T04:50:55.148599" elapsed="0.001627"/>
</kw>
<kw name="Trigger Only After Failure" type="TEARDOWN">
<kw name="Run Keyword If Test Failed" owner="BuiltIn">
<arg>Automation Failure Detected Notify Team</arg>
<doc>Runs the given keyword with the given arguments, if the test failed.</doc>
<status status="PASS" start="2024-05-06T04:50:55.153951" elapsed="0.000155"/>
</kw>
<status status="PASS" start="2024-05-06T04:50:55.152903" elapsed="0.001282"/>
</kw>
<tag>Run_All_Tests</tag>
<tag>Tests_Setup</tag>
<status status="PASS" start="2024-05-06T04:50:30.108119" elapsed="25.046201"/>
</test>
<test id="s1-t3" name="MODEL-BASED CHAOS TESTS SETUP : Create a new Graphwalker Path File for the Model-Based Chaos Tests. The Graphwalker Model combines API Functional Test, Chaos Test, and Mutational Fuzz Test strategies." line="36">
<kw name="Automation Section For Slack Notifications">
<kw name="Set Suite Variable" owner="BuiltIn">
<msg time="2024-05-06T04:50:55.167074" level="INFO">${AUTOMATION_SECTION_NAME} = MODEL-BASED CHAOS TESTS SETUP</msg>
<arg>${AUTOMATION_SECTION_NAME}</arg>
<arg>${AUTOMATION_SECTION}</arg>
<doc>Makes a variable available everywhere within the scope of the current suite.</doc>
<status status="PASS" start="2024-05-06T04:50:55.163962" elapsed="0.005259"/>
</kw>
<arg>MODEL-BASED CHAOS TESTS SETUP</arg>
<status status="PASS" start="2024-05-06T04:50:55.162167" elapsed="0.009488"/>
</kw>
<kw name="Log Lines To Console">
<kw name="Log To Console" owner="BuiltIn">
<arg>...\n...\n...\n...</arg>
<doc>Logs the given message to the console.</doc>
<status status="PASS" start="2024-05-06T04:50:55.175687" elapsed="0.002903"/>
</kw>
<status status="PASS" start="2024-05-06T04:50:55.172866" elapsed="0.006244"/>
</kw>
<kw name="Create Graphwalker Path File">
<kw name="Remove File" owner="OperatingSystem">
<msg time="2024-05-06T04:50:55.188998" level="INFO" html="true">Removed file '&lt;a href="file:///tests/resources/GraphwalkerPath.csv"&gt;/tests/resources/GraphwalkerPath.csv&lt;/a&gt;'.</msg>
<arg>${EXECDIR}/resources/GraphwalkerPath.csv</arg>
<doc>Removes a file with the given path.</doc>
<status status="PASS" start="2024-05-06T04:50:55.182796" elapsed="0.006973"/>
</kw>
<kw name="Run Keyword And Ignore Error" owner="BuiltIn">
<kw name="Run" owner="OperatingSystem">
<msg time="2024-05-06T04:50:55.196806" level="INFO">Running command 'java -jar /usr/bin/graphwalker-cli-4.3.2.jar offline --start-element send_get_request_to_user_endpoint --model /tests/resources/GraphwalkerModel.graphml "random(edge_coverage(100))" | jq -r '.currentElementName' &gt;&gt; /tests/resources/GraphwalkerPath.csv'.</msg>
<arg>java -jar /usr/bin/graphwalker-cli-4.3.2.jar offline --start-element send_get_request_to_user_endpoint --model ${EXECDIR}/resources/GraphwalkerModel.graphml "random(edge_coverage(100))" | jq -r '.currentElementName' &gt;&gt; ${EXECDIR}/resources/GraphwalkerPath.csv</arg>
<doc>Runs the given command in the system and returns the output.</doc>
<status status="PASS" start="2024-05-06T04:50:55.192816" elapsed="5.666814"/>
</kw>
<arg>Run</arg>
<arg>java -jar /usr/bin/graphwalker-cli-4.3.2.jar offline --start-element send_get_request_to_user_endpoint --model ${EXECDIR}/resources/GraphwalkerModel.graphml "random(edge_coverage(100))" | jq -r '.currentElementName' &gt;&gt; ${EXECDIR}/resources/GraphwalkerPath.csv</arg>
<doc>Runs the given keyword with the given arguments and ignores possible error.</doc>
<status status="PASS" start="2024-05-06T04:50:55.192060" elapsed="5.667686"/>
</kw>
<kw name="Log To Console" owner="BuiltIn">
<arg>Graphwalker Path File Created</arg>
<doc>Logs the given message to the console.</doc>
<status status="PASS" start="2024-05-06T04:51:00.859942" elapsed="0.000241"/>
</kw>
<kw name="Log To Console" owner="BuiltIn">
<arg>Check the Graphwalker Path File found in... ${EXECDIR}/resources/GraphwalkerPath.csv</arg>
<doc>Logs the given message to the console.</doc>
<status status="PASS" start="2024-05-06T04:51:00.860391" elapsed="0.000276"/>
</kw>
<status status="PASS" start="2024-05-06T04:50:55.180927" elapsed="5.679824"/>
</kw>
<kw name="Log Lines To Console">
<kw name="Log To Console" owner="BuiltIn">
<arg>...\n...\n...\n...</arg>
<doc>Logs the given message to the console.</doc>
<status status="PASS" start="2024-05-06T04:51:00.861565" elapsed="0.000226"/>
</kw>
<status status="PASS" start="2024-05-06T04:51:00.861044" elapsed="0.000825"/>
</kw>
<kw name="Trigger Only After Failure" type="TEARDOWN">
<kw name="Run Keyword If Test Failed" owner="BuiltIn">
<arg>Automation Failure Detected Notify Team</arg>
<doc>Runs the given keyword with the given arguments, if the test failed.</doc>
<status status="PASS" start="2024-05-06T04:51:00.862686" elapsed="0.000142"/>
</kw>
<status status="PASS" start="2024-05-06T04:51:00.862225" elapsed="0.000680"/>
</kw>
<tag>Run_All_Tests</tag>
<tag>Tests_Setup</tag>
<status status="PASS" start="2024-05-06T04:50:55.155631" elapsed="5.707403"/>
</test>
<test id="s1-t4" name="MODEL-BASED CHAOS TESTS RUNNER : Run the Graphwalker Path File for the Model-Based Chaos Tests. The Graphwalker Model combines API Functional Test, Chaos Test, and Mutational Fuzz Test strategies." line="43">
<kw name="Automation Section For Slack Notifications">
<kw name="Set Suite Variable" owner="BuiltIn">
<msg time="2024-05-06T04:51:00.865680" level="INFO">${AUTOMATION_SECTION_NAME} = MODEL-BASED CHAOS TESTS RUNNER</msg>
<arg>${AUTOMATION_SECTION_NAME}</arg>
<arg>${AUTOMATION_SECTION}</arg>
<doc>Makes a variable available everywhere within the scope of the current suite.</doc>
<status status="PASS" start="2024-05-06T04:51:00.865306" elapsed="0.000451"/>
</kw>
<arg>MODEL-BASED CHAOS TESTS RUNNER</arg>
<status status="PASS" start="2024-05-06T04:51:00.864885" elapsed="0.000957"/>
</kw>
<kw name="Log Lines To Console">
<kw name="Log To Console" owner="BuiltIn">
<arg>...\n...\n...\n...</arg>
<doc>Logs the given message to the console.</doc>
<status status="PASS" start="2024-05-06T04:51:00.866498" elapsed="0.000234"/>
</kw>
<status status="PASS" start="2024-05-06T04:51:00.866097" elapsed="0.000770"/>
</kw>
<kw name="Run Graphwalker Model Based Tests">
<kw name="Get File" owner="OperatingSystem">
<msg time="2024-05-06T04:51:00.868182" level="INFO" html="true">Getting file '&lt;a href="file:///tests/resources/GraphwalkerPath.csv"&gt;/tests/resources/GraphwalkerPath.csv&lt;/a&gt;'.</msg>
<msg time="2024-05-06T04:51:00.869648" level="INFO">${GRAPHWALKER_CSV_FILE_CONTENTS} = send_get_request_to_user_endpoint
check_api_response_log_files
send_post_request_to_order_endpoint
check_server_log_files
send_post_request_to_order_endpoint_with_fuzzed_data
check_server_log_files
se...</msg>
<var>${GRAPHWALKER_CSV_FILE_CONTENTS}</var>
<arg>${EXECDIR}/resources/${GRAPHWALKER_CSV_FILE}</arg>
<doc>Returns the contents of a specified file.</doc>
<status status="PASS" start="2024-05-06T04:51:00.867724" elapsed="0.001972"/>
</kw>
<kw name="Log" owner="BuiltIn">
<msg time="2024-05-06T04:51:00.870133" level="INFO">send_get_request_to_user_endpoint
check_api_response_log_files
send_post_request_to_order_endpoint
check_server_log_files
send_post_request_to_order_endpoint_with_fuzzed_data
check_server_log_files
send_post_request_to_order_endpoint_with_fuzzed_data
check_server_log_files
send_post_request_to_order_endpoint_with_fuzzed_data
check_server_log_files
send_post_request_to_order_endpoint_with_fuzzed_data
check_server_log_files
send_get_request_to_order_endpoint
check_api_response_log_files
send_post_request_to_order_endpoint
check_server_log_files
restart_server
check_server_log_files
restart_server
check_server_log_files
send_post_request_to_order_endpoint_with_fuzzed_data
check_server_log_files
send_get_request_to_pets_endpoint
check_api_response_log_files
add_toxiproxy_latency_then_send_user_get_request
check_api_response_log_files
add_toxiproxy_latency_then_send_user_get_request
check_api_response_log_files
add_toxiproxy_limited_bandwidth_then_send_user_get_request
check_api_response_log_files
add_toxiproxy_latency_then_send_user_get_request
check_api_response_log_files
send_post_request_to_order_endpoint
check_server_log_files
restart_server
check_server_log_files
restart_server
check_server_log_files
send_post_request_to_order_endpoint_with_fuzzed_data
check_server_log_files
send_get_request_to_order_endpoint
check_api_response_log_files
send_post_request_to_order_endpoint
check_server_log_files
send_get_request_to_pets_endpoint
check_api_response_log_files
send_post_request_to_user_endpoint
check_server_log_files
send_get_request_to_order_endpoint
check_api_response_log_files
send_post_request_to_user_endpoint
check_server_log_files
send_post_request_to_user_endpoint_with_fuzzed_data
check_server_log_files
send_get_request_to_order_endpoint
check_api_response_log_files
add_toxiproxy_latency_then_send_user_get_request
check_api_response_log_files
send_post_request_to_order_endpoint
check_server_log_files
send_post_request_to_order_endpoint_with_fuzzed_data
check_server_log_files
send_post_request_to_user_endpoint_with_fuzzed_data
check_server_log_files
send_get_request_to_pets_endpoint
check_api_response_log_files
add_toxiproxy_latency_then_send_user_get_request
check_api_response_log_files
send_post_request_to_order_endpoint
check_server_log_files
send_get_request_to_pets_endpoint
check_api_response_log_files
add_toxiproxy_latency_then_send_user_get_request
check_api_response_log_files
send_post_request_to_user_endpoint
check_server_log_files
send_post_request_to_order_endpoint_with_fuzzed_data
check_server_log_files
send_get_request_to_pets_endpoint
check_api_response_log_files
send_post_request_to_order_endpoint
check_server_log_files
send_post_request_to_order_endpoint_with_fuzzed_data
check_server_log_files
send_post_request_to_user_endpoint_with_fuzzed_data
check_server_log_files
send_get_request_to_pets_endpoint
check_api_response_log_files
add_toxiproxy_slow_close_then_send_user_get_request
check_api_response_log_files
</msg>
<arg>${GRAPHWALKER_CSV_FILE_CONTENTS}</arg>
<doc>Logs the given message with the given level.</doc>
<status status="PASS" start="2024-05-06T04:51:00.869921" elapsed="0.001070"/>
</kw>
<kw name="Get Graphwalker Path Keywords From CSV File">
<kw name="Split To Lines" owner="String">
<msg time="2024-05-06T04:51:00.873007" level="INFO">90 lines returned</msg>
<msg time="2024-05-06T04:51:00.873323" level="INFO">@{GRAPHWALKER_LINES} = [ send_get_request_to_user_endpoint | check_api_response_log_files | send_post_request_to_order_endpoint | check_server_log_files | send_post_request_to_order_endpoint_with_fuzzed_data | check_server_...</msg>
<var>@{GRAPHWALKER_LINES}</var>
<arg>${GRAPHWALKER_CSV_CONTENT}</arg>
<doc>Splits the given string to lines.</doc>
<status status="PASS" start="2024-05-06T04:51:00.871981" elapsed="0.001397"/>
</kw>
<return>
<value>@{GRAPHWALKER_LINES}</value>
<status status="PASS" start="2024-05-06T04:51:00.873626" elapsed="0.000149"/>
</return>
<msg time="2024-05-06T04:51:00.874847" level="INFO">@{GRAPHWALKER_PATH_LINES} = [ send_get_request_to_user_endpoint | check_api_response_log_files | send_post_request_to_order_endpoint | check_server_log_files | send_post_request_to_order_endpoint_with_fuzzed_data | check_server_...</msg>
<var>@{GRAPHWALKER_PATH_LINES}</var>
<arg>${GRAPHWALKER_CSV_FILE_CONTENTS}</arg>
<status status="PASS" start="2024-05-06T04:51:00.871332" elapsed="0.003557"/>
</kw>
<kw name="Run Graphwalker Path Keywords">
<for flavor="IN">
<iter>
<kw name="Run Keyword" owner="BuiltIn">
<kw name="send_get_request_to_user_endpoint">
<kw name="Run HTTPStat GET Request">
<kw name="Remove File" owner="OperatingSystem">
<msg time="2024-05-06T04:51:00.880198" level="INFO" html="true">File '&lt;a href="file:///tests/resources/httpstat-graphwalker-response-output.log"&gt;/tests/resources/httpstat-graphwalker-response-output.log&lt;/a&gt;' does not exist.</msg>
<arg>${EXECDIR}/resources/httpstat-graphwalker-response-output.log</arg>
<doc>Removes a file with the given path.</doc>
<status status="PASS" start="2024-05-06T04:51:00.879041" elapsed="0.001254"/>
</kw>
<kw name="Run Keyword And Ignore Error" owner="BuiltIn">
<kw name="Run" owner="OperatingSystem">
<msg time="2024-05-06T04:51:00.881903" level="INFO">Running command 'go run httpstat-test-runner.go -url "http://0.0.0.0:8080/user/vitae" -method "GET" &gt; /tests/resources/httpstat-graphwalker-response-output.log'.</msg>
<arg>go run httpstat-test-runner.go -url "${TARGET_URL}" -method "${REQUEST_METHOD}" &gt; ${EXECDIR}/resources/httpstat-graphwalker-response-output.log</arg>
<doc>Runs the given command in the system and returns the output.</doc>
<status status="PASS" start="2024-05-06T04:51:00.880873" elapsed="11.500041"/>
</kw>
<arg>Run</arg>
<arg>go run httpstat-test-runner.go -url "${TARGET_URL}" -method "${REQUEST_METHOD}" &gt; ${EXECDIR}/resources/httpstat-graphwalker-response-output.log</arg>
<doc>Runs the given keyword with the given arguments and ignores possible error.</doc>
<status status="PASS" start="2024-05-06T04:51:00.880647" elapsed="11.500371"/>
</kw>
<arg>http://0.0.0.0:8080/user/vitae</arg>
<arg>GET</arg>
<status status="PASS" start="2024-05-06T04:51:00.878737" elapsed="11.502362"/>
</kw>
<status status="PASS" start="2024-05-06T04:51:00.878022" elapsed="11.503133"/>
</kw>
<arg>${GRAPHWALKER_PATH_KEYWORD}</arg>
<doc>Executes the given keyword with the given arguments.</doc>
<status status="PASS" start="2024-05-06T04:51:00.876077" elapsed="11.505118"/>
</kw>
<var name="${GRAPHWALKER_PATH_KEYWORD}">send_get_request_to_user_endpoint</var>
<status status="PASS" start="2024-05-06T04:51:00.875944" elapsed="11.505282"/>
</iter>
<iter>
<kw name="Run Keyword" owner="BuiltIn">
<kw name="check_api_response_log_files">
<kw name="Get File" owner="OperatingSystem">
<msg time="2024-05-06T04:51:12.382980" level="INFO" html="true">Getting file '&lt;a href="file:///tests/resources/httpstat-graphwalker-response-output.log"&gt;/tests/resources/httpstat-graphwalker-response-output.log&lt;/a&gt;'.</msg>
<msg time="2024-05-06T04:51:12.384090" level="INFO">${HTTPSTAT_RESPONSE_CONTENTS} = --------------
URL: http://0.0.0.0:8080/user/vitae
Method: GET
Status Code: 200
--------------
Response Body:
{"id":-9007199254740991,"username":"string","firstName":"string","lastName":"string","emai...</msg>
<var>${HTTPSTAT_RESPONSE_CONTENTS}</var>
<arg>${EXECDIR}/resources/httpstat-graphwalker-response-output.log</arg>
<doc>Returns the contents of a specified file.</doc>
<status status="PASS" start="2024-05-06T04:51:12.382837" elapsed="0.001286"/>
</kw>
<kw name="Log" owner="BuiltIn">
<msg time="2024-05-06T04:51:12.384454" level="INFO">--------------
URL: http://0.0.0.0:8080/user/vitae
Method: GET
Status Code: 200
--------------
Response Body:
{"id":-9007199254740991,"username":"string","firstName":"string","lastName":"string","email":"string","password":"string","phone":"string","userStatus":-2147483648}
--------------
Metrics:
DNS lookup:           0 ms
TCP connection:       0 ms
TLS handshake:        0 ms
Server processing: 10316 ms
Content transfer:     0 ms

Name Lookup:       0 ms
Connect:           0 ms
Pre Transfer:      0 ms
Start Transfer: 10316 ms
Total:          10316 ms

</msg>
<arg>${HTTPSTAT_RESPONSE_CONTENTS}</arg>
<doc>Logs the given message with the given level.</doc>
<status status="PASS" start="2024-05-06T04:51:12.384253" elapsed="0.001105"/>
</kw>
<kw name="Should Not Contain Any" owner="BuiltIn">
<arg>${HTTPSTAT_RESPONSE_CONTENTS}</arg>
<arg>ERROR</arg>
<arg>error</arg>
<arg>errors</arg>
<arg>Not Allowed</arg>
<arg>no method</arg>
<arg>NO_METHOD_MATCHED_ERROR</arg>
<doc>Fails if ``container`` contains one or more of the ``*items``.</doc>
<status status="PASS" start="2024-05-06T04:51:12.385512" elapsed="0.000181"/>
</kw>
<status status="PASS" start="2024-05-06T04:51:12.382600" elapsed="0.003173"/>
</kw>
<arg>${GRAPHWALKER_PATH_KEYWORD}</arg>
<doc>Executes the given keyword with the given arguments.</doc>
<status status="PASS" start="2024-05-06T04:51:12.382168" elapsed="0.003647"/>
</kw>
<var name="${GRAPHWALKER_PATH_KEYWORD}">check_api_response_log_files</var>
<status status="PASS" start="2024-05-06T04:51:12.382032" elapsed="0.003815"/>
</iter>
<iter>
<kw name="Run Keyword" owner="BuiltIn">
<kw name="send_post_request_to_order_endpoint">
<kw name="Run HTTPStat POST Request">
<kw name="Remove File" owner="OperatingSystem">
<msg time="2024-05-06T04:51:12.387504" level="INFO" html="true">Removed file '&lt;a href="file:///tests/resources/httpstat-graphwalker-response-output.log"&gt;/tests/resources/httpstat-graphwalker-response-output.log&lt;/a&gt;'.</msg>
<arg>${EXECDIR}/resources/httpstat-graphwalker-response-output.log</arg>
<doc>Removes a file with the given path.</doc>
<status status="PASS" start="2024-05-06T04:51:12.386949" elapsed="0.000620"/>
</kw>
<kw name="Run Keyword And Ignore Error" owner="BuiltIn">
<kw name="Run" owner="OperatingSystem">
<msg time="2024-05-06T04:51:12.389502" level="INFO">Running command 'go run httpstat-test-runner.go -url "http://0.0.0.0:8080/store/order" -method "POST" -body '{"id": 9, "petId": 9, "quantity": 1, "shipDate": "2021-07-29T00:00:00.000Z", "status": "placed", "complete": true}' &gt; /tests/resources/httpstat-graphwalker-response-output.log'.</msg>
<arg>go run httpstat-test-runner.go -url "${TARGET_URL}" -method "${REQUEST_METHOD}" -body ${REQUEST_BODY} &gt; ${EXECDIR}/resources/httpstat-graphwalker-response-output.log</arg>
<doc>Runs the given command in the system and returns the output.</doc>
<status status="PASS" start="2024-05-06T04:51:12.387842" elapsed="10.368311"/>
</kw>
<arg>Run</arg>
<arg>go run httpstat-test-runner.go -url "${TARGET_URL}" -method "${REQUEST_METHOD}" -body ${REQUEST_BODY} &gt; ${EXECDIR}/resources/httpstat-graphwalker-response-output.log</arg>
<doc>Runs the given keyword with the given arguments and ignores possible error.</doc>
<status status="PASS" start="2024-05-06T04:51:12.387697" elapsed="10.368826"/>
</kw>
<arg>http://0.0.0.0:8080/store/order</arg>
<arg>POST</arg>
<arg>'{"id": 9, "petId": 9, "quantity": 1, "shipDate": "2021-07-29T00:00:00.000Z", "status": "placed", "complete": true}'</arg>
<status status="PASS" start="2024-05-06T04:51:12.386655" elapsed="10.369983"/>
</kw>
<status status="PASS" start="2024-05-06T04:51:12.386311" elapsed="10.370391"/>
</kw>
<arg>${GRAPHWALKER_PATH_KEYWORD}</arg>
<doc>Executes the given keyword with the given arguments.</doc>
<status status="PASS" start="2024-05-06T04:51:12.386047" elapsed="10.370696"/>
</kw>
<var name="${GRAPHWALKER_PATH_KEYWORD}">send_post_request_to_order_endpoint</var>
<status status="PASS" start="2024-05-06T04:51:12.385954" elapsed="10.370822"/>
</iter>
<iter>
<kw name="Run Keyword" owner="BuiltIn">
<kw name="check_server_log_files">
<kw name="Get File" owner="OperatingSystem">
<msg time="2024-05-06T04:51:22.758030" level="INFO" html="true">Getting file '&lt;a href="file:///tests/resources/api-application.log"&gt;/tests/resources/api-application.log&lt;/a&gt;'.</msg>
<msg time="2024-05-06T04:51:22.760528" level="INFO">${API_SERVER_LOG_CONTENTS} = [4:50:26 AM] › [CLI] …  awaiting  Starting Prism…
[4:50:26 AM] › [CLI] ✖  fatal     
prism mock &lt;document&gt;

Start a mock server with the given document file

Positionals:
  document  Path to a documen...</msg>
<var>${API_SERVER_LOG_CONTENTS}</var>
<arg>${EXECDIR}/resources/api-application.log</arg>
<doc>Returns the contents of a specified file.</doc>
<status status="PASS" start="2024-05-06T04:51:22.757843" elapsed="0.003388"/>
</kw>
<kw name="Log" owner="BuiltIn">
<msg time="2024-05-06T04:51:22.761854" level="INFO">[4:50:26 AM] › [CLI] …  awaiting  Starting Prism…
[4:50:26 AM] › [CLI] ✖  fatal     
prism mock &lt;document&gt;

Start a mock server with the given document file

Positionals:
  document  Path to a document file. Can be both a file or a fetchable resource on the web.  [string] [required]

Options:
      --version                           Show version number  [boolean]
      --help                              Show help  [boolean]
  -p, --port                              Port that Prism will run on.  [number] [required] [default: 4010]
  -h, --host                              Host that Prism will listen to.  [string] [required] [default: "127.0.0.1"]
      --cors                              Enables CORS headers.  [boolean] [default: true]
  -m, --multiprocess                      Forks the http server from the CLI for faster log processing.  [boolean] [default: false]
      --errors                            Specifies whether request/response violations marked as errors will produce an error response  [boolean] [required] [default: false]
  -v, --verboseLevel                      Turns on verbose logging.  [required] [choices: "trace", "debug", "info", "warn", "error", "fatal", "silent"] [default: "info"]
  -d, --dynamic                           Dynamically generate examples.  [boolean] [default: false]
      --json-schema-faker-fillProperties  Generate additional properties when using dynamic generation.  [boolean]
      --ignoreExamples                    Tell Prism to treat the spec as though it has no examples. When in static mode,
                                                                  returns an example that has not been generated using json-schema-faker, but was
                                                                  created by Prism. When in dynamic mode, this flag is ignored, since in dynamic mode,
                                                                  examples are not consulted and json-schema-faker is used to generate a response based
                                                                  on the schema defined in the spec  [boolean] [default: false]

listen EADDRINUSE: address already in use 0.0.0.0:4010
</msg>
<arg>${API_SERVER_LOG_CONTENTS}</arg>
<doc>Logs the given message with the given level.</doc>
<status status="PASS" start="2024-05-06T04:51:22.761574" elapsed="0.000467"/>
</kw>
<kw name="Should Not Contain Any" owner="BuiltIn">
<arg>${API_SERVER_LOG_CONTENTS}</arg>
<arg>UnhandledPromiseRejectionWarning</arg>
<arg>Unhandled</arg>
<arg>ERR_INVALID_CHAR</arg>
<arg>rejection</arg>
<arg>exception</arg>
<doc>Fails if ``container`` contains one or more of the ``*items``.</doc>
<status status="PASS" start="2024-05-06T04:51:22.762187" elapsed="0.000247"/>
</kw>
<status status="PASS" start="2024-05-06T04:51:22.757552" elapsed="0.004978"/>
</kw>
<arg>${GRAPHWALKER_PATH_KEYWORD}</arg>
<doc>Executes the given keyword with the given arguments.</doc>
<status status="PASS" start="2024-05-06T04:51:22.757059" elapsed="0.005530"/>
</kw>
<var name="${GRAPHWALKER_PATH_KEYWORD}">check_server_log_files</var>
<status status="PASS" start="2024-05-06T04:51:22.756922" elapsed="0.005703"/>
</iter>
<iter>
<kw name="Run Keyword" owner="BuiltIn">
<kw name="send_post_request_to_order_endpoint_with_fuzzed_data">
<kw name="Run Keyword And Ignore Error" owner="BuiltIn">
<kw name="Run" owner="OperatingSystem">
<msg time="2024-05-06T04:51:22.765880" level="INFO">Running command 'echo '{"id": 9, "petId": 9, "quantity": 1, "shipDate": "2021-07-29T00:00:00.000Z", "status": "placed", "complete": true}' | radamsa &gt; /tests/resources/mutational-fuzz-data-order-test.dat'.</msg>
<arg>echo '{"id": 9, "petId": 9, "quantity": 1, "shipDate": "2021-07-29T00:00:00.000Z", "status": "placed", "complete": true}' | radamsa &gt; ${EXECDIR}/resources/mutational-fuzz-data-order-test.dat</arg>
<doc>Runs the given command in the system and returns the output.</doc>
<status status="PASS" start="2024-05-06T04:51:22.764885" elapsed="0.011993"/>
</kw>
<arg>Run</arg>
<arg>echo '{"id": 9, "petId": 9, "quantity": 1, "shipDate": "2021-07-29T00:00:00.000Z", "status": "placed", "complete": true}' | radamsa &gt; ${EXECDIR}/resources/mutational-fuzz-data-order-test.dat</arg>
<doc>Runs the given keyword with the given arguments and ignores possible error.</doc>
<status status="PASS" start="2024-05-06T04:51:22.764719" elapsed="0.012268"/>
</kw>
<kw name="Run Keyword And Ignore Error" owner="BuiltIn">
<kw name="Run" owner="OperatingSystem">
<msg time="2024-05-06T04:51:22.778204" level="INFO">Running command 'httpstat -o /tests/resources/httpstat-response-mutational-fuzz-data-order-output.json -X POST -H 'Content-Type: application/json' -d @/tests/resources/mutational-fuzz-data-order-test.dat http://0.0.0.0:8080/store/order 2&gt;&amp;1'.</msg>
<arg>httpstat -o ${EXECDIR}/resources/httpstat-response-mutational-fuzz-data-order-output.json -X POST -H 'Content-Type: application/json' -d @${EXECDIR}/resources/mutational-fuzz-data-order-test.dat http://0.0.0.0:8080/store/order</arg>
<doc>Runs the given command in the system and returns the output.</doc>
<status status="PASS" start="2024-05-06T04:51:22.777388" elapsed="10.030530"/>
</kw>
<arg>Run</arg>
<arg>httpstat -o ${EXECDIR}/resources/httpstat-response-mutational-fuzz-data-order-output.json -X POST -H 'Content-Type: application/json' -d @${EXECDIR}/resources/mutational-fuzz-data-order-test.dat http://0.0.0.0:8080/store/order</arg>
<doc>Runs the given keyword with the given arguments and ignores possible error.</doc>
<status status="PASS" start="2024-05-06T04:51:22.777187" elapsed="10.030896"/>
</kw>
<kw name="Run Keyword And Ignore Error" owner="BuiltIn">
<kw name="Run" owner="OperatingSystem">
<msg time="2024-05-06T04:51:32.810108" level="INFO">Running command 'TIMESTAMP=$(date); echo "======== :: Fuzz Test Data Tracker for mutational-fuzz-data-order-test.dat -- Logged this on.... $TIMESTAMP :: ========" &gt;&gt; /tests/results/mutational-fuzz-data-targeted-at-order-endpoint.log'.</msg>
<arg>TIMESTAMP=$(date); echo "======== :: Fuzz Test Data Tracker for mutational-fuzz-data-order-test.dat -- Logged this on.... $TIMESTAMP :: ========" &gt;&gt; ${EXECDIR}/results/mutational-fuzz-data-targeted-at-order-endpoint.log</arg>
<doc>Runs the given command in the system and returns the output.</doc>
<status status="PASS" start="2024-05-06T04:51:32.808979" elapsed="0.005853"/>
</kw>
<arg>Run</arg>
<arg>TIMESTAMP=$(date); echo "======== :: Fuzz Test Data Tracker for mutational-fuzz-data-order-test.dat -- Logged this on.... $TIMESTAMP :: ========" &gt;&gt; ${EXECDIR}/results/mutational-fuzz-data-targeted-at-order-endpoint.log</arg>
<doc>Runs the given keyword with the given arguments and ignores possible error.</doc>
<status status="PASS" start="2024-05-06T04:51:32.808623" elapsed="0.006314"/>
</kw>
<kw name="Run Keyword And Ignore Error" owner="BuiltIn">
<kw name="Run" owner="OperatingSystem">
<msg time="2024-05-06T04:51:32.816163" level="INFO">Running command 'echo " " &gt;&gt; /tests/results/mutational-fuzz-data-targeted-at-order-endpoint.log'.</msg>
<arg>echo " " &gt;&gt; ${EXECDIR}/results/mutational-fuzz-data-targeted-at-order-endpoint.log</arg>
<doc>Runs the given command in the system and returns the output.</doc>
<status status="PASS" start="2024-05-06T04:51:32.815338" elapsed="0.003125"/>
</kw>
<arg>Run</arg>
<arg>echo " " &gt;&gt; ${EXECDIR}/results/mutational-fuzz-data-targeted-at-order-endpoint.log</arg>
<doc>Runs the given keyword with the given arguments and ignores possible error.</doc>
<status status="PASS" start="2024-05-06T04:51:32.815147" elapsed="0.003474"/>
</kw>
<kw name="Run Keyword And Ignore Error" owner="BuiltIn">
<kw name="Run" owner="OperatingSystem">
<msg time="2024-05-06T04:51:32.820448" level="INFO">Running command 'cat /tests/resources/mutational-fuzz-data-order-test.dat &gt;&gt; /tests/results/mutational-fuzz-data-targeted-at-order-endpoint.log'.</msg>
<arg>cat ${EXECDIR}/resources/mutational-fuzz-data-order-test.dat &gt;&gt; ${EXECDIR}/results/mutational-fuzz-data-targeted-at-order-endpoint.log</arg>
<doc>Runs the given command in the system and returns the output.</doc>
<status status="PASS" start="2024-05-06T04:51:32.819415" elapsed="0.006641"/>
</kw>
<arg>Run</arg>
<arg>cat ${EXECDIR}/resources/mutational-fuzz-data-order-test.dat &gt;&gt; ${EXECDIR}/results/mutational-fuzz-data-targeted-at-order-endpoint.log</arg>
<doc>Runs the given keyword with the given arguments and ignores possible error.</doc>
<status status="PASS" start="2024-05-06T04:51:32.819014" elapsed="0.007142"/>
</kw>
<kw name="Run Keyword And Ignore Error" owner="BuiltIn">
<kw name="Run" owner="OperatingSystem">
<msg time="2024-05-06T04:51:32.827327" level="INFO">Running command 'echo " " &gt;&gt; /tests/results/mutational-fuzz-data-targeted-at-order-endpoint.log'.</msg>
<arg>echo " " &gt;&gt; ${EXECDIR}/results/mutational-fuzz-data-targeted-at-order-endpoint.log</arg>
<doc>Runs the given command in the system and returns the output.</doc>
<status status="PASS" start="2024-05-06T04:51:32.826522" elapsed="0.002704"/>
</kw>
<arg>Run</arg>
<arg>echo " " &gt;&gt; ${EXECDIR}/results/mutational-fuzz-data-targeted-at-order-endpoint.log</arg>
<doc>Runs the given keyword with the given arguments and ignores possible error.</doc>
<status status="PASS" start="2024-05-06T04:51:32.826342" elapsed="0.002986"/>
</kw>
<status status="PASS" start="2024-05-06T04:51:22.764411" elapsed="10.065065"/>
</kw>
<arg>${GRAPHWALKER_PATH_KEYWORD}</arg>
<doc>Executes the given keyword with the given arguments.</doc>
<status status="PASS" start="2024-05-06T04:51:22.763673" elapsed="10.065874"/>
</kw>
<var name="${GRAPHWALKER_PATH_KEYWORD}">send_post_request_to_order_endpoint_with_fuzzed_data</var>
<status status="PASS" start="2024-05-06T04:51:22.762771" elapsed="10.066817"/>
</iter>
<iter>
<kw name="Run Keyword" owner="BuiltIn">
<kw name="check_server_log_files">
<kw name="Get File" owner="OperatingSystem">
<msg time="2024-05-06T04:51:32.831290" level="INFO" html="true">Getting file '&lt;a href="file:///tests/resources/api-application.log"&gt;/tests/resources/api-application.log&lt;/a&gt;'.</msg>
<msg time="2024-05-06T04:51:32.832368" level="INFO">${API_SERVER_LOG_CONTENTS} = [4:50:26 AM] › [CLI] …  awaiting  Starting Prism…
[4:50:26 AM] › [CLI] ✖  fatal     
prism mock &lt;document&gt;

Start a mock server with the given document file

Positionals:
  document  Path to a documen...</msg>
<var>${API_SERVER_LOG_CONTENTS}</var>
<arg>${EXECDIR}/resources/api-application.log</arg>
<doc>Returns the contents of a specified file.</doc>
<status status="PASS" start="2024-05-06T04:51:32.831065" elapsed="0.001361"/>
</kw>
<kw name="Log" owner="BuiltIn">
<msg time="2024-05-06T04:51:32.845089" level="INFO">[4:50:26 AM] › [CLI] …  awaiting  Starting Prism…
[4:50:26 AM] › [CLI] ✖  fatal     
prism mock &lt;document&gt;

Start a mock server with the given document file

Positionals:
  document  Path to a document file. Can be both a file or a fetchable resource on the web.  [string] [required]

Options:
      --version                           Show version number  [boolean]
      --help                              Show help  [boolean]
  -p, --port                              Port that Prism will run on.  [number] [required] [default: 4010]
  -h, --host                              Host that Prism will listen to.  [string] [required] [default: "127.0.0.1"]
      --cors                              Enables CORS headers.  [boolean] [default: true]
  -m, --multiprocess                      Forks the http server from the CLI for faster log processing.  [boolean] [default: false]
      --errors                            Specifies whether request/response violations marked as errors will produce an error response  [boolean] [required] [default: false]
  -v, --verboseLevel                      Turns on verbose logging.  [required] [choices: "trace", "debug", "info", "warn", "error", "fatal", "silent"] [default: "info"]
  -d, --dynamic                           Dynamically generate examples.  [boolean] [default: false]
      --json-schema-faker-fillProperties  Generate additional properties when using dynamic generation.  [boolean]
      --ignoreExamples                    Tell Prism to treat the spec as though it has no examples. When in static mode,
                                                                  returns an example that has not been generated using json-schema-faker, but was
                                                                  created by Prism. When in dynamic mode, this flag is ignored, since in dynamic mode,
                                                                  examples are not consulted and json-schema-faker is used to generate a response based
                                                                  on the schema defined in the spec  [boolean] [default: false]

listen EADDRINUSE: address already in use 0.0.0.0:4010
</msg>
<arg>${API_SERVER_LOG_CONTENTS}</arg>
<doc>Logs the given message with the given level.</doc>
<status status="PASS" start="2024-05-06T04:51:32.832608" elapsed="0.013694"/>
</kw>
<kw name="Should Not Contain Any" owner="BuiltIn">
<arg>${API_SERVER_LOG_CONTENTS}</arg>
<arg>UnhandledPromiseRejectionWarning</arg>
<arg>Unhandled</arg>
<arg>ERR_INVALID_CHAR</arg>
<arg>rejection</arg>
<arg>exception</arg>
<doc>Fails if ``container`` contains one or more of the ``*items``.</doc>
<status status="PASS" start="2024-05-06T04:51:32.846598" elapsed="0.000306"/>
</kw>
<status status="PASS" start="2024-05-06T04:51:32.830542" elapsed="0.016453"/>
</kw>
<arg>${GRAPHWALKER_PATH_KEYWORD}</arg>
<doc>Executes the given keyword with the given arguments.</doc>
<status status="PASS" start="2024-05-06T04:51:32.830005" elapsed="0.017033"/>
</kw>
<var name="${GRAPHWALKER_PATH_KEYWORD}">check_server_log_files</var>
<status status="PASS" start="2024-05-06T04:51:32.829807" elapsed="0.017263"/>
</iter>
<iter>
<kw name="Run Keyword" owner="BuiltIn">
<kw name="send_post_request_to_order_endpoint_with_fuzzed_data">
<kw name="Run Keyword And Ignore Error" owner="BuiltIn">
<kw name="Run" owner="OperatingSystem">
<msg time="2024-05-06T04:51:32.848802" level="INFO">Running command 'echo '{"id": 9, "petId": 9, "quantity": 1, "shipDate": "2021-07-29T00:00:00.000Z", "status": "placed", "complete": true}' | radamsa &gt; /tests/resources/mutational-fuzz-data-order-test.dat'.</msg>
<arg>echo '{"id": 9, "petId": 9, "quantity": 1, "shipDate": "2021-07-29T00:00:00.000Z", "status": "placed", "complete": true}' | radamsa &gt; ${EXECDIR}/resources/mutational-fuzz-data-order-test.dat</arg>
<doc>Runs the given command in the system and returns the output.</doc>
<status status="PASS" start="2024-05-06T04:51:32.847995" elapsed="0.018368"/>
</kw>
<arg>Run</arg>
<arg>echo '{"id": 9, "petId": 9, "quantity": 1, "shipDate": "2021-07-29T00:00:00.000Z", "status": "placed", "complete": true}' | radamsa &gt; ${EXECDIR}/resources/mutational-fuzz-data-order-test.dat</arg>
<doc>Runs the given keyword with the given arguments and ignores possible error.</doc>
<status status="PASS" start="2024-05-06T04:51:32.847856" elapsed="0.018716"/>
</kw>
<kw name="Run Keyword And Ignore Error" owner="BuiltIn">
<kw name="Run" owner="OperatingSystem">
<msg time="2024-05-06T04:51:32.868590" level="INFO">Running command 'httpstat -o /tests/resources/httpstat-response-mutational-fuzz-data-order-output.json -X POST -H 'Content-Type: application/json' -d @/tests/resources/mutational-fuzz-data-order-test.dat http://0.0.0.0:8080/store/order 2&gt;&amp;1'.</msg>
<arg>httpstat -o ${EXECDIR}/resources/httpstat-response-mutational-fuzz-data-order-output.json -X POST -H 'Content-Type: application/json' -d @${EXECDIR}/resources/mutational-fuzz-data-order-test.dat http://0.0.0.0:8080/store/order</arg>
<doc>Runs the given command in the system and returns the output.</doc>
<status status="PASS" start="2024-05-06T04:51:32.867373" elapsed="10.039329"/>
</kw>
<arg>Run</arg>
<arg>httpstat -o ${EXECDIR}/resources/httpstat-response-mutational-fuzz-data-order-output.json -X POST -H 'Content-Type: application/json' -d @${EXECDIR}/resources/mutational-fuzz-data-order-test.dat http://0.0.0.0:8080/store/order</arg>
<doc>Runs the given keyword with the given arguments and ignores possible error.</doc>
<status status="PASS" start="2024-05-06T04:51:32.867009" elapsed="10.040046"/>
</kw>
<kw name="Run Keyword And Ignore Error" owner="BuiltIn">
<kw name="Run" owner="OperatingSystem">
<msg time="2024-05-06T04:51:42.910015" level="INFO">Running command 'TIMESTAMP=$(date); echo "======== :: Fuzz Test Data Tracker for mutational-fuzz-data-order-test.dat -- Logged this on.... $TIMESTAMP :: ========" &gt;&gt; /tests/results/mutational-fuzz-data-targeted-at-order-endpoint.log'.</msg>
<arg>TIMESTAMP=$(date); echo "======== :: Fuzz Test Data Tracker for mutational-fuzz-data-order-test.dat -- Logged this on.... $TIMESTAMP :: ========" &gt;&gt; ${EXECDIR}/results/mutational-fuzz-data-targeted-at-order-endpoint.log</arg>
<doc>Runs the given command in the system and returns the output.</doc>
<status status="PASS" start="2024-05-06T04:51:42.908137" elapsed="0.008747"/>
</kw>
<arg>Run</arg>
<arg>TIMESTAMP=$(date); echo "======== :: Fuzz Test Data Tracker for mutational-fuzz-data-order-test.dat -- Logged this on.... $TIMESTAMP :: ========" &gt;&gt; ${EXECDIR}/results/mutational-fuzz-data-targeted-at-order-endpoint.log</arg>
<doc>Runs the given keyword with the given arguments and ignores possible error.</doc>
<status status="PASS" start="2024-05-06T04:51:42.907731" elapsed="0.009265"/>
</kw>
<kw name="Run Keyword And Ignore Error" owner="BuiltIn">
<kw name="Run" owner="OperatingSystem">
<msg time="2024-05-06T04:51:42.918339" level="INFO">Running command 'echo " " &gt;&gt; /tests/results/mutational-fuzz-data-targeted-at-order-endpoint.log'.</msg>
<arg>echo " " &gt;&gt; ${EXECDIR}/results/mutational-fuzz-data-targeted-at-order-endpoint.log</arg>
<doc>Runs the given command in the system and returns the output.</doc>
<status status="PASS" start="2024-05-06T04:51:42.917420" elapsed="0.003108"/>
</kw>
<arg>Run</arg>
<arg>echo " " &gt;&gt; ${EXECDIR}/results/mutational-fuzz-data-targeted-at-order-endpoint.log</arg>
<doc>Runs the given keyword with the given arguments and ignores possible error.</doc>
<status status="PASS" start="2024-05-06T04:51:42.917222" elapsed="0.003397"/>
</kw>
<kw name="Run Keyword And Ignore Error" owner="BuiltIn">
<kw name="Run" owner="OperatingSystem">
<msg time="2024-05-06T04:51:42.921737" level="INFO">Running command 'cat /tests/resources/mutational-fuzz-data-order-test.dat &gt;&gt; /tests/results/mutational-fuzz-data-targeted-at-order-endpoint.log'.</msg>
<arg>cat ${EXECDIR}/resources/mutational-fuzz-data-order-test.dat &gt;&gt; ${EXECDIR}/results/mutational-fuzz-data-targeted-at-order-endpoint.log</arg>
<doc>Runs the given command in the system and returns the output.</doc>
<status status="PASS" start="2024-05-06T04:51:42.921014" elapsed="0.005463"/>
</kw>
<arg>Run</arg>
<arg>cat ${EXECDIR}/resources/mutational-fuzz-data-order-test.dat &gt;&gt; ${EXECDIR}/results/mutational-fuzz-data-targeted-at-order-endpoint.log</arg>
<doc>Runs the given keyword with the given arguments and ignores possible error.</doc>
<status status="PASS" start="2024-05-06T04:51:42.920835" elapsed="0.006379"/>
</kw>
<kw name="Run Keyword And Ignore Error" owner="BuiltIn">
<kw name="Run" owner="OperatingSystem">
<msg time="2024-05-06T04:51:42.928754" level="INFO">Running command 'echo " " &gt;&gt; /tests/results/mutational-fuzz-data-targeted-at-order-endpoint.log'.</msg>
<arg>echo " " &gt;&gt; ${EXECDIR}/results/mutational-fuzz-data-targeted-at-order-endpoint.log</arg>
<doc>Runs the given command in the system and returns the output.</doc>
<status status="PASS" start="2024-05-06T04:51:42.927621" elapsed="0.003411"/>
</kw>
<arg>Run</arg>
<arg>echo " " &gt;&gt; ${EXECDIR}/results/mutational-fuzz-data-targeted-at-order-endpoint.log</arg>
<doc>Runs the given keyword with the given arguments and ignores possible error.</doc>
<status status="PASS" start="2024-05-06T04:51:42.927420" elapsed="0.003712"/>
</kw>
<status status="PASS" start="2024-05-06T04:51:32.847588" elapsed="10.083718"/>
</kw>
<arg>${GRAPHWALKER_PATH_KEYWORD}</arg>
<doc>Executes the given keyword with the given arguments.</doc>
<status status="PASS" start="2024-05-06T04:51:32.847288" elapsed="10.084069"/>
</kw>
<var name="${GRAPHWALKER_PATH_KEYWORD}">send_post_request_to_order_endpoint_with_fuzzed_data</var>
<status status="PASS" start="2024-05-06T04:51:32.847184" elapsed="10.084227"/>
</iter>
<iter>
<kw name="Run Keyword" owner="BuiltIn">
<kw name="check_server_log_files">
<kw name="Get File" owner="OperatingSystem">
<msg time="2024-05-06T04:51:42.932942" level="INFO" html="true">Getting file '&lt;a href="file:///tests/resources/api-application.log"&gt;/tests/resources/api-application.log&lt;/a&gt;'.</msg>
<msg time="2024-05-06T04:51:42.933630" level="INFO">${API_SERVER_LOG_CONTENTS} = [4:50:26 AM] › [CLI] …  awaiting  Starting Prism…
[4:50:26 AM] › [CLI] ✖  fatal     
prism mock &lt;document&gt;

Start a mock server with the given document file

Positionals:
  document  Path to a documen...</msg>
<var>${API_SERVER_LOG_CONTENTS}</var>
<arg>${EXECDIR}/resources/api-application.log</arg>
<doc>Returns the contents of a specified file.</doc>
<status status="PASS" start="2024-05-06T04:51:42.932766" elapsed="0.000906"/>
</kw>
<kw name="Log" owner="BuiltIn">
<msg time="2024-05-06T04:51:42.934042" level="INFO">[4:50:26 AM] › [CLI] …  awaiting  Starting Prism…
[4:50:26 AM] › [CLI] ✖  fatal     
prism mock &lt;document&gt;

Start a mock server with the given document file

Positionals:
  document  Path to a document file. Can be both a file or a fetchable resource on the web.  [string] [required]

Options:
      --version                           Show version number  [boolean]
      --help                              Show help  [boolean]
  -p, --port                              Port that Prism will run on.  [number] [required] [default: 4010]
  -h, --host                              Host that Prism will listen to.  [string] [required] [default: "127.0.0.1"]
      --cors                              Enables CORS headers.  [boolean] [default: true]
  -m, --multiprocess                      Forks the http server from the CLI for faster log processing.  [boolean] [default: false]
      --errors                            Specifies whether request/response violations marked as errors will produce an error response  [boolean] [required] [default: false]
  -v, --verboseLevel                      Turns on verbose logging.  [required] [choices: "trace", "debug", "info", "warn", "error", "fatal", "silent"] [default: "info"]
  -d, --dynamic                           Dynamically generate examples.  [boolean] [default: false]
      --json-schema-faker-fillProperties  Generate additional properties when using dynamic generation.  [boolean]
      --ignoreExamples                    Tell Prism to treat the spec as though it has no examples. When in static mode,
                                                                  returns an example that has not been generated using json-schema-faker, but was
                                                                  created by Prism. When in dynamic mode, this flag is ignored, since in dynamic mode,
                                                                  examples are not consulted and json-schema-faker is used to generate a response based
                                                                  on the schema defined in the spec  [boolean] [default: false]

listen EADDRINUSE: address already in use 0.0.0.0:4010
</msg>
<arg>${API_SERVER_LOG_CONTENTS}</arg>
<doc>Logs the given message with the given level.</doc>
<status status="PASS" start="2024-05-06T04:51:42.933889" elapsed="0.000255"/>
</kw>
<kw name="Should Not Contain Any" owner="BuiltIn">
<arg>${API_SERVER_LOG_CONTENTS}</arg>
<arg>UnhandledPromiseRejectionWarning</arg>
<arg>Unhandled</arg>
<arg>ERR_INVALID_CHAR</arg>
<arg>rejection</arg>
<arg>exception</arg>
<doc>Fails if ``container`` contains one or more of the ``*items``.</doc>
<status status="PASS" start="2024-05-06T04:51:42.934278" elapsed="0.000152"/>
</kw>
<status status="PASS" start="2024-05-06T04:51:42.932417" elapsed="0.002086"/>
</kw>
<arg>${GRAPHWALKER_PATH_KEYWORD}</arg>
<doc>Executes the given keyword with the given arguments.</doc>
<status status="PASS" start="2024-05-06T04:51:42.931912" elapsed="0.002632"/>
</kw>
<var name="${GRAPHWALKER_PATH_KEYWORD}">check_server_log_files</var>
<status status="PASS" start="2024-05-06T04:51:42.931731" elapsed="0.002844"/>
</iter>
<iter>
<kw name="Run Keyword" owner="BuiltIn">
<kw name="send_post_request_to_order_endpoint_with_fuzzed_data">
<kw name="Run Keyword And Ignore Error" owner="BuiltIn">
<kw name="Run" owner="OperatingSystem">
<msg time="2024-05-06T04:51:42.936300" level="INFO">Running command 'echo '{"id": 9, "petId": 9, "quantity": 1, "shipDate": "2021-07-29T00:00:00.000Z", "status": "placed", "complete": true}' | radamsa &gt; /tests/resources/mutational-fuzz-data-order-test.dat'.</msg>
<arg>echo '{"id": 9, "petId": 9, "quantity": 1, "shipDate": "2021-07-29T00:00:00.000Z", "status": "placed", "complete": true}' | radamsa &gt; ${EXECDIR}/resources/mutational-fuzz-data-order-test.dat</arg>
<doc>Runs the given command in the system and returns the output.</doc>
<status status="PASS" start="2024-05-06T04:51:42.935515" elapsed="0.015721"/>
</kw>
<arg>Run</arg>
<arg>echo '{"id": 9, "petId": 9, "quantity": 1, "shipDate": "2021-07-29T00:00:00.000Z", "status": "placed", "complete": true}' | radamsa &gt; ${EXECDIR}/resources/mutational-fuzz-data-order-test.dat</arg>
<doc>Runs the given keyword with the given arguments and ignores possible error.</doc>
<status status="PASS" start="2024-05-06T04:51:42.935380" elapsed="0.015958"/>
</kw>
<kw name="Run Keyword And Ignore Error" owner="BuiltIn">
<kw name="Run" owner="OperatingSystem">
<msg time="2024-05-06T04:51:42.952479" level="INFO">Running command 'httpstat -o /tests/resources/httpstat-response-mutational-fuzz-data-order-output.json -X POST -H 'Content-Type: application/json' -d @/tests/resources/mutational-fuzz-data-order-test.dat http://0.0.0.0:8080/store/order 2&gt;&amp;1'.</msg>
<arg>httpstat -o ${EXECDIR}/resources/httpstat-response-mutational-fuzz-data-order-output.json -X POST -H 'Content-Type: application/json' -d @${EXECDIR}/resources/mutational-fuzz-data-order-test.dat http://0.0.0.0:8080/store/order</arg>
<doc>Runs the given command in the system and returns the output.</doc>
<status status="PASS" start="2024-05-06T04:51:42.951704" elapsed="10.024229"/>
</kw>
<arg>Run</arg>
<arg>httpstat -o ${EXECDIR}/resources/httpstat-response-mutational-fuzz-data-order-output.json -X POST -H 'Content-Type: application/json' -d @${EXECDIR}/resources/mutational-fuzz-data-order-test.dat http://0.0.0.0:8080/store/order</arg>
<doc>Runs the given keyword with the given arguments and ignores possible error.</doc>
<status status="PASS" start="2024-05-06T04:51:42.951523" elapsed="10.024520"/>
</kw>
<kw name="Run Keyword And Ignore Error" owner="BuiltIn">
<kw name="Run" owner="OperatingSystem">
<msg time="2024-05-06T04:51:52.978037" level="INFO">Running command 'TIMESTAMP=$(date); echo "======== :: Fuzz Test Data Tracker for mutational-fuzz-data-order-test.dat -- Logged this on.... $TIMESTAMP :: ========" &gt;&gt; /tests/results/mutational-fuzz-data-targeted-at-order-endpoint.log'.</msg>
<arg>TIMESTAMP=$(date); echo "======== :: Fuzz Test Data Tracker for mutational-fuzz-data-order-test.dat -- Logged this on.... $TIMESTAMP :: ========" &gt;&gt; ${EXECDIR}/results/mutational-fuzz-data-targeted-at-order-endpoint.log</arg>
<doc>Runs the given command in the system and returns the output.</doc>
<status status="PASS" start="2024-05-06T04:51:52.977190" elapsed="0.004794"/>
</kw>
<arg>Run</arg>
<arg>TIMESTAMP=$(date); echo "======== :: Fuzz Test Data Tracker for mutational-fuzz-data-order-test.dat -- Logged this on.... $TIMESTAMP :: ========" &gt;&gt; ${EXECDIR}/results/mutational-fuzz-data-targeted-at-order-endpoint.log</arg>
<doc>Runs the given keyword with the given arguments and ignores possible error.</doc>
<status status="PASS" start="2024-05-06T04:51:52.976921" elapsed="0.005149"/>
</kw>
<kw name="Run Keyword And Ignore Error" owner="BuiltIn">
<kw name="Run" owner="OperatingSystem">
<msg time="2024-05-06T04:51:52.982983" level="INFO">Running command 'echo " " &gt;&gt; /tests/results/mutational-fuzz-data-targeted-at-order-endpoint.log'.</msg>
<arg>echo " " &gt;&gt; ${EXECDIR}/results/mutational-fuzz-data-targeted-at-order-endpoint.log</arg>
<doc>Runs the given command in the system and returns the output.</doc>
<status status="PASS" start="2024-05-06T04:51:52.982406" elapsed="0.002149"/>
</kw>
<arg>Run</arg>
<arg>echo " " &gt;&gt; ${EXECDIR}/results/mutational-fuzz-data-targeted-at-order-endpoint.log</arg>
<doc>Runs the given keyword with the given arguments and ignores possible error.</doc>
<status status="PASS" start="2024-05-06T04:51:52.982234" elapsed="0.002401"/>
</kw>
<kw name="Run Keyword And Ignore Error" owner="BuiltIn">
<kw name="Run" owner="OperatingSystem">
<msg time="2024-05-06T04:51:52.985878" level="INFO">Running command 'cat /tests/resources/mutational-fuzz-data-order-test.dat &gt;&gt; /tests/results/mutational-fuzz-data-targeted-at-order-endpoint.log'.</msg>
<arg>cat ${EXECDIR}/resources/mutational-fuzz-data-order-test.dat &gt;&gt; ${EXECDIR}/results/mutational-fuzz-data-targeted-at-order-endpoint.log</arg>
<doc>Runs the given command in the system and returns the output.</doc>
<status status="PASS" start="2024-05-06T04:51:52.985093" elapsed="0.004681"/>
</kw>
<arg>Run</arg>
<arg>cat ${EXECDIR}/resources/mutational-fuzz-data-order-test.dat &gt;&gt; ${EXECDIR}/results/mutational-fuzz-data-targeted-at-order-endpoint.log</arg>
<doc>Runs the given keyword with the given arguments and ignores possible error.</doc>
<status status="PASS" start="2024-05-06T04:51:52.984856" elapsed="0.005072"/>
</kw>
<kw name="Run Keyword And Ignore Error" owner="BuiltIn">
<kw name="Run" owner="OperatingSystem">
<msg time="2024-05-06T04:51:52.991054" level="INFO">Running command 'echo " " &gt;&gt; /tests/results/mutational-fuzz-data-targeted-at-order-endpoint.log'.</msg>
<arg>echo " " &gt;&gt; ${EXECDIR}/results/mutational-fuzz-data-targeted-at-order-endpoint.log</arg>
<doc>Runs the given command in the system and returns the output.</doc>
<status status="PASS" start="2024-05-06T04:51:52.990308" elapsed="0.002204"/>
</kw>
<arg>Run</arg>
<arg>echo " " &gt;&gt; ${EXECDIR}/results/mutational-fuzz-data-targeted-at-order-endpoint.log</arg>
<doc>Runs the given keyword with the given arguments and ignores possible error.</doc>
<status status="PASS" start="2024-05-06T04:51:52.990123" elapsed="0.002471"/>
</kw>
<status status="PASS" start="2024-05-06T04:51:42.935134" elapsed="10.057537"/>
</kw>
<arg>${GRAPHWALKER_PATH_KEYWORD}</arg>
<doc>Executes the given keyword with the given arguments.</doc>
<status status="PASS" start="2024-05-06T04:51:42.934846" elapsed="10.057972"/>
</kw>
<var name="${GRAPHWALKER_PATH_KEYWORD}">send_post_request_to_order_endpoint_with_fuzzed_data</var>
<status status="PASS" start="2024-05-06T04:51:42.934751" elapsed="10.058110"/>
</iter>
<iter>
<kw name="Run Keyword" owner="BuiltIn">
<kw name="check_server_log_files">
<kw name="Get File" owner="OperatingSystem">
<msg time="2024-05-06T04:51:52.993924" level="INFO" html="true">Getting file '&lt;a href="file:///tests/resources/api-application.log"&gt;/tests/resources/api-application.log&lt;/a&gt;'.</msg>
<msg time="2024-05-06T04:51:52.994456" level="INFO">${API_SERVER_LOG_CONTENTS} = [4:50:26 AM] › [CLI] …  awaiting  Starting Prism…
[4:50:26 AM] › [CLI] ✖  fatal     
prism mock &lt;document&gt;

Start a mock server with the given document file

Positionals:
  document  Path to a documen...</msg>
<var>${API_SERVER_LOG_CONTENTS}</var>
<arg>${EXECDIR}/resources/api-application.log</arg>
<doc>Returns the contents of a specified file.</doc>
<status status="PASS" start="2024-05-06T04:51:52.993704" elapsed="0.000788"/>
</kw>
<kw name="Log" owner="BuiltIn">
<msg time="2024-05-06T04:51:52.994864" level="INFO">[4:50:26 AM] › [CLI] …  awaiting  Starting Prism…
[4:50:26 AM] › [CLI] ✖  fatal     
prism mock &lt;document&gt;

Start a mock server with the given document file

Positionals:
  document  Path to a document file. Can be both a file or a fetchable resource on the web.  [string] [required]

Options:
      --version                           Show version number  [boolean]
      --help                              Show help  [boolean]
  -p, --port                              Port that Prism will run on.  [number] [required] [default: 4010]
  -h, --host                              Host that Prism will listen to.  [string] [required] [default: "127.0.0.1"]
      --cors                              Enables CORS headers.  [boolean] [default: true]
  -m, --multiprocess                      Forks the http server from the CLI for faster log processing.  [boolean] [default: false]
      --errors                            Specifies whether request/response violations marked as errors will produce an error response  [boolean] [required] [default: false]
  -v, --verboseLevel                      Turns on verbose logging.  [required] [choices: "trace", "debug", "info", "warn", "error", "fatal", "silent"] [default: "info"]
  -d, --dynamic                           Dynamically generate examples.  [boolean] [default: false]
      --json-schema-faker-fillProperties  Generate additional properties when using dynamic generation.  [boolean]
      --ignoreExamples                    Tell Prism to treat the spec as though it has no examples. When in static mode,
                                                                  returns an example that has not been generated using json-schema-faker, but was
                                                                  created by Prism. When in dynamic mode, this flag is ignored, since in dynamic mode,
                                                                  examples are not consulted and json-schema-faker is used to generate a response based
                                                                  on the schema defined in the spec  [boolean] [default: false]

listen EADDRINUSE: address already in use 0.0.0.0:4010
</msg>
<arg>${API_SERVER_LOG_CONTENTS}</arg>
<doc>Logs the given message with the given level.</doc>
<status status="PASS" start="2024-05-06T04:51:52.994645" elapsed="0.000358"/>
</kw>
<kw name="Should Not Contain Any" owner="BuiltIn">
<arg>${API_SERVER_LOG_CONTENTS}</arg>
<arg>UnhandledPromiseRejectionWarning</arg>
<arg>Unhandled</arg>
<arg>ERR_INVALID_CHAR</arg>
<arg>rejection</arg>
<arg>exception</arg>
<doc>Fails if ``container`` contains one or more of the ``*items``.</doc>
<status status="PASS" start="2024-05-06T04:51:52.995132" elapsed="0.000159"/>
</kw>
<status status="PASS" start="2024-05-06T04:51:52.993474" elapsed="0.001891"/>
</kw>
<arg>${GRAPHWALKER_PATH_KEYWORD}</arg>
<doc>Executes the given keyword with the given arguments.</doc>
<status status="PASS" start="2024-05-06T04:51:52.993123" elapsed="0.003390"/>
</kw>
<var name="${GRAPHWALKER_PATH_KEYWORD}">check_server_log_files</var>
<status status="PASS" start="2024-05-06T04:51:52.993002" elapsed="0.003589"/>
</iter>
<iter>
<kw name="Run Keyword" owner="BuiltIn">
<kw name="send_post_request_to_order_endpoint_with_fuzzed_data">
<kw name="Run Keyword And Ignore Error" owner="BuiltIn">
<kw name="Run" owner="OperatingSystem">
<msg time="2024-05-06T04:51:52.998763" level="INFO">Running command 'echo '{"id": 9, "petId": 9, "quantity": 1, "shipDate": "2021-07-29T00:00:00.000Z", "status": "placed", "complete": true}' | radamsa &gt; /tests/resources/mutational-fuzz-data-order-test.dat'.</msg>
<arg>echo '{"id": 9, "petId": 9, "quantity": 1, "shipDate": "2021-07-29T00:00:00.000Z", "status": "placed", "complete": true}' | radamsa &gt; ${EXECDIR}/resources/mutational-fuzz-data-order-test.dat</arg>
<doc>Runs the given command in the system and returns the output.</doc>
<status status="PASS" start="2024-05-06T04:51:52.997935" elapsed="0.015425"/>
</kw>
<arg>Run</arg>
<arg>echo '{"id": 9, "petId": 9, "quantity": 1, "shipDate": "2021-07-29T00:00:00.000Z", "status": "placed", "complete": true}' | radamsa &gt; ${EXECDIR}/resources/mutational-fuzz-data-order-test.dat</arg>
<doc>Runs the given keyword with the given arguments and ignores possible error.</doc>
<status status="PASS" start="2024-05-06T04:51:52.997715" elapsed="0.015788"/>
</kw>
<kw name="Run Keyword And Ignore Error" owner="BuiltIn">
<kw name="Run" owner="OperatingSystem">
<msg time="2024-05-06T04:51:53.015015" level="INFO">Running command 'httpstat -o /tests/resources/httpstat-response-mutational-fuzz-data-order-output.json -X POST -H 'Content-Type: application/json' -d @/tests/resources/mutational-fuzz-data-order-test.dat http://0.0.0.0:8080/store/order 2&gt;&amp;1'.</msg>
<arg>httpstat -o ${EXECDIR}/resources/httpstat-response-mutational-fuzz-data-order-output.json -X POST -H 'Content-Type: application/json' -d @${EXECDIR}/resources/mutational-fuzz-data-order-test.dat http://0.0.0.0:8080/store/order</arg>
<doc>Runs the given command in the system and returns the output.</doc>
<status status="PASS" start="2024-05-06T04:51:53.014141" elapsed="10.051552"/>
</kw>
<arg>Run</arg>
<arg>httpstat -o ${EXECDIR}/resources/httpstat-response-mutational-fuzz-data-order-output.json -X POST -H 'Content-Type: application/json' -d @${EXECDIR}/resources/mutational-fuzz-data-order-test.dat http://0.0.0.0:8080/store/order</arg>
<doc>Runs the given keyword with the given arguments and ignores possible error.</doc>
<status status="PASS" start="2024-05-06T04:51:53.013707" elapsed="10.052262"/>
</kw>
<kw name="Run Keyword And Ignore Error" owner="BuiltIn">
<kw name="Run" owner="OperatingSystem">
<msg time="2024-05-06T04:52:03.068047" level="INFO">Running command 'TIMESTAMP=$(date); echo "======== :: Fuzz Test Data Tracker for mutational-fuzz-data-order-test.dat -- Logged this on.... $TIMESTAMP :: ========" &gt;&gt; /tests/results/mutational-fuzz-data-targeted-at-order-endpoint.log'.</msg>
<arg>TIMESTAMP=$(date); echo "======== :: Fuzz Test Data Tracker for mutational-fuzz-data-order-test.dat -- Logged this on.... $TIMESTAMP :: ========" &gt;&gt; ${EXECDIR}/results/mutational-fuzz-data-targeted-at-order-endpoint.log</arg>
<doc>Runs the given command in the system and returns the output.</doc>
<status status="PASS" start="2024-05-06T04:52:03.066499" elapsed="0.006324"/>
</kw>
<arg>Run</arg>
<arg>TIMESTAMP=$(date); echo "======== :: Fuzz Test Data Tracker for mutational-fuzz-data-order-test.dat -- Logged this on.... $TIMESTAMP :: ========" &gt;&gt; ${EXECDIR}/results/mutational-fuzz-data-targeted-at-order-endpoint.log</arg>
<doc>Runs the given keyword with the given arguments and ignores possible error.</doc>
<status status="PASS" start="2024-05-06T04:52:03.066224" elapsed="0.006710"/>
</kw>
<kw name="Run Keyword And Ignore Error" owner="BuiltIn">
<kw name="Run" owner="OperatingSystem">
<msg time="2024-05-06T04:52:03.074178" level="INFO">Running command 'echo " " &gt;&gt; /tests/results/mutational-fuzz-data-targeted-at-order-endpoint.log'.</msg>
<arg>echo " " &gt;&gt; ${EXECDIR}/results/mutational-fuzz-data-targeted-at-order-endpoint.log</arg>
<doc>Runs the given command in the system and returns the output.</doc>
<status status="PASS" start="2024-05-06T04:52:03.073362" elapsed="0.003102"/>
</kw>
<arg>Run</arg>
<arg>echo " " &gt;&gt; ${EXECDIR}/results/mutational-fuzz-data-targeted-at-order-endpoint.log</arg>
<doc>Runs the given keyword with the given arguments and ignores possible error.</doc>
<status status="PASS" start="2024-05-06T04:52:03.073146" elapsed="0.003421"/>
</kw>
<kw name="Run Keyword And Ignore Error" owner="BuiltIn">
<kw name="Run" owner="OperatingSystem">
<msg time="2024-05-06T04:52:03.078051" level="INFO">Running command 'cat /tests/resources/mutational-fuzz-data-order-test.dat &gt;&gt; /tests/results/mutational-fuzz-data-targeted-at-order-endpoint.log'.</msg>
<arg>cat ${EXECDIR}/resources/mutational-fuzz-data-order-test.dat &gt;&gt; ${EXECDIR}/results/mutational-fuzz-data-targeted-at-order-endpoint.log</arg>
<doc>Runs the given command in the system and returns the output.</doc>
<status status="PASS" start="2024-05-06T04:52:03.077085" elapsed="0.005003"/>
</kw>
<arg>Run</arg>
<arg>cat ${EXECDIR}/resources/mutational-fuzz-data-order-test.dat &gt;&gt; ${EXECDIR}/results/mutational-fuzz-data-targeted-at-order-endpoint.log</arg>
<doc>Runs the given keyword with the given arguments and ignores possible error.</doc>
<status status="PASS" start="2024-05-06T04:52:03.076853" elapsed="0.005347"/>
</kw>
<kw name="Run Keyword And Ignore Error" owner="BuiltIn">
<kw name="Run" owner="OperatingSystem">
<msg time="2024-05-06T04:52:03.083478" level="INFO">Running command 'echo " " &gt;&gt; /tests/results/mutational-fuzz-data-targeted-at-order-endpoint.log'.</msg>
<arg>echo " " &gt;&gt; ${EXECDIR}/results/mutational-fuzz-data-targeted-at-order-endpoint.log</arg>
<doc>Runs the given command in the system and returns the output.</doc>
<status status="PASS" start="2024-05-06T04:52:03.082603" elapsed="0.002578"/>
</kw>
<arg>Run</arg>
<arg>echo " " &gt;&gt; ${EXECDIR}/results/mutational-fuzz-data-targeted-at-order-endpoint.log</arg>
<doc>Runs the given keyword with the given arguments and ignores possible error.</doc>
<status status="PASS" start="2024-05-06T04:52:03.082403" elapsed="0.002875"/>
</kw>
<status status="PASS" start="2024-05-06T04:51:52.997436" elapsed="10.087923"/>
</kw>
<arg>${GRAPHWALKER_PATH_KEYWORD}</arg>
<doc>Executes the given keyword with the given arguments.</doc>
<status status="PASS" start="2024-05-06T04:51:52.997044" elapsed="10.088362"/>
</kw>
<var name="${GRAPHWALKER_PATH_KEYWORD}">send_post_request_to_order_endpoint_with_fuzzed_data</var>
<status status="PASS" start="2024-05-06T04:51:52.996901" elapsed="10.088540"/>
</iter>
<iter>
<kw name="Run Keyword" owner="BuiltIn">
<kw name="check_server_log_files">
<kw name="Get File" owner="OperatingSystem">
<msg time="2024-05-06T04:52:03.086792" level="INFO" html="true">Getting file '&lt;a href="file:///tests/resources/api-application.log"&gt;/tests/resources/api-application.log&lt;/a&gt;'.</msg>
<msg time="2024-05-06T04:52:03.088124" level="INFO">${API_SERVER_LOG_CONTENTS} = [4:50:26 AM] › [CLI] …  awaiting  Starting Prism…
[4:50:26 AM] › [CLI] ✖  fatal     
prism mock &lt;document&gt;

Start a mock server with the given document file

Positionals:
  document  Path to a documen...</msg>
<var>${API_SERVER_LOG_CONTENTS}</var>
<arg>${EXECDIR}/resources/api-application.log</arg>
<doc>Returns the contents of a specified file.</doc>
<status status="PASS" start="2024-05-06T04:52:03.086522" elapsed="0.001679"/>
</kw>
<kw name="Log" owner="BuiltIn">
<msg time="2024-05-06T04:52:03.088971" level="INFO">[4:50:26 AM] › [CLI] …  awaiting  Starting Prism…
[4:50:26 AM] › [CLI] ✖  fatal     
prism mock &lt;document&gt;

Start a mock server with the given document file

Positionals:
  document  Path to a document file. Can be both a file or a fetchable resource on the web.  [string] [required]

Options:
      --version                           Show version number  [boolean]
      --help                              Show help  [boolean]
  -p, --port                              Port that Prism will run on.  [number] [required] [default: 4010]
  -h, --host                              Host that Prism will listen to.  [string] [required] [default: "127.0.0.1"]
      --cors                              Enables CORS headers.  [boolean] [default: true]
  -m, --multiprocess                      Forks the http server from the CLI for faster log processing.  [boolean] [default: false]
      --errors                            Specifies whether request/response violations marked as errors will produce an error response  [boolean] [required] [default: false]
  -v, --verboseLevel                      Turns on verbose logging.  [required] [choices: "trace", "debug", "info", "warn", "error", "fatal", "silent"] [default: "info"]
  -d, --dynamic                           Dynamically generate examples.  [boolean] [default: false]
      --json-schema-faker-fillProperties  Generate additional properties when using dynamic generation.  [boolean]
      --ignoreExamples                    Tell Prism to treat the spec as though it has no examples. When in static mode,
                                                                  returns an example that has not been generated using json-schema-faker, but was
                                                                  created by Prism. When in dynamic mode, this flag is ignored, since in dynamic mode,
                                                                  examples are not consulted and json-schema-faker is used to generate a response based
                                                                  on the schema defined in the spec  [boolean] [default: false]

listen EADDRINUSE: address already in use 0.0.0.0:4010
</msg>
<arg>${API_SERVER_LOG_CONTENTS}</arg>
<doc>Logs the given message with the given level.</doc>
<status status="PASS" start="2024-05-06T04:52:03.088527" elapsed="0.001281"/>
</kw>
<kw name="Should Not Contain Any" owner="BuiltIn">
<arg>${API_SERVER_LOG_CONTENTS}</arg>
<arg>UnhandledPromiseRejectionWarning</arg>
<arg>Unhandled</arg>
<arg>ERR_INVALID_CHAR</arg>
<arg>rejection</arg>
<arg>exception</arg>
<doc>Fails if ``container`` contains one or more of the ``*items``.</doc>
<status status="PASS" start="2024-05-06T04:52:03.090007" elapsed="0.000224"/>
</kw>
<status status="PASS" start="2024-05-06T04:52:03.086143" elapsed="0.004172"/>
</kw>
<arg>${GRAPHWALKER_PATH_KEYWORD}</arg>
<doc>Executes the given keyword with the given arguments.</doc>
<status status="PASS" start="2024-05-06T04:52:03.085709" elapsed="0.004650"/>
</kw>
<var name="${GRAPHWALKER_PATH_KEYWORD}">check_server_log_files</var>
<status status="PASS" start="2024-05-06T04:52:03.085579" elapsed="0.004813"/>
</iter>
<iter>
<kw name="Run Keyword" owner="BuiltIn">
<kw name="send_get_request_to_order_endpoint">
<kw name="Run HTTPStat GET Request">
<kw name="Remove File" owner="OperatingSystem">
<msg time="2024-05-06T04:52:03.093233" level="INFO" html="true">Removed file '&lt;a href="file:///tests/resources/httpstat-graphwalker-response-output.log"&gt;/tests/resources/httpstat-graphwalker-response-output.log&lt;/a&gt;'.</msg>
<arg>${EXECDIR}/resources/httpstat-graphwalker-response-output.log</arg>
<doc>Removes a file with the given path.</doc>
<status status="PASS" start="2024-05-06T04:52:03.092293" elapsed="0.001103"/>
</kw>
<kw name="Run Keyword And Ignore Error" owner="BuiltIn">
<kw name="Run" owner="OperatingSystem">
<msg time="2024-05-06T04:52:03.094835" level="INFO">Running command 'go run httpstat-test-runner.go -url "http://0.0.0.0:8080/store/order/9" -method "GET" &gt; /tests/resources/httpstat-graphwalker-response-output.log'.</msg>
<arg>go run httpstat-test-runner.go -url "${TARGET_URL}" -method "${REQUEST_METHOD}" &gt; ${EXECDIR}/resources/httpstat-graphwalker-response-output.log</arg>
<doc>Runs the given command in the system and returns the output.</doc>
<status status="PASS" start="2024-05-06T04:52:03.093946" elapsed="10.584415"/>
</kw>
<arg>Run</arg>
<arg>go run httpstat-test-runner.go -url "${TARGET_URL}" -method "${REQUEST_METHOD}" &gt; ${EXECDIR}/resources/httpstat-graphwalker-response-output.log</arg>
<doc>Runs the given keyword with the given arguments and ignores possible error.</doc>
<status status="PASS" start="2024-05-06T04:52:03.093616" elapsed="10.584877"/>
</kw>
<arg>http://0.0.0.0:8080/store/order/9</arg>
<arg>GET</arg>
<status status="PASS" start="2024-05-06T04:52:03.091294" elapsed="10.587311"/>
</kw>
<status status="PASS" start="2024-05-06T04:52:03.090970" elapsed="10.587715"/>
</kw>
<arg>${GRAPHWALKER_PATH_KEYWORD}</arg>
<doc>Executes the given keyword with the given arguments.</doc>
<status status="PASS" start="2024-05-06T04:52:03.090602" elapsed="10.588139"/>
</kw>
<var name="${GRAPHWALKER_PATH_KEYWORD}">send_get_request_to_order_endpoint</var>
<status status="PASS" start="2024-05-06T04:52:03.090505" elapsed="10.588379"/>
</iter>
<iter>
<kw name="Run Keyword" owner="BuiltIn">
<kw name="check_api_response_log_files">
<kw name="Get File" owner="OperatingSystem">
<msg time="2024-05-06T04:52:13.680166" level="INFO" html="true">Getting file '&lt;a href="file:///tests/resources/httpstat-graphwalker-response-output.log"&gt;/tests/resources/httpstat-graphwalker-response-output.log&lt;/a&gt;'.</msg>
<msg time="2024-05-06T04:52:13.681483" level="INFO">${HTTPSTAT_RESPONSE_CONTENTS} = --------------
URL: http://0.0.0.0:8080/store/order/9
Method: GET
Status Code: 200
--------------
Response Body:
{"id":-9007199254740991,"petId":-9007199254740991,"quantity":-2147483648,"shipDate":"20...</msg>
<var>${HTTPSTAT_RESPONSE_CONTENTS}</var>
<arg>${EXECDIR}/resources/httpstat-graphwalker-response-output.log</arg>
<doc>Returns the contents of a specified file.</doc>
<status status="PASS" start="2024-05-06T04:52:13.679994" elapsed="0.001533"/>
</kw>
<kw name="Log" owner="BuiltIn">
<msg time="2024-05-06T04:52:13.681965" level="INFO">--------------
URL: http://0.0.0.0:8080/store/order/9
Method: GET
Status Code: 200
--------------
Response Body:
{"id":-9007199254740991,"petId":-9007199254740991,"quantity":-2147483648,"shipDate":"2019-08-24T14:15:22Z","status":"placed","complete":false}
--------------
Metrics:
DNS lookup:           0 ms
TCP connection:       0 ms
TLS handshake:        0 ms
Server processing: 10025 ms
Content transfer:     0 ms

Name Lookup:       0 ms
Connect:           0 ms
Pre Transfer:      0 ms
Start Transfer: 10026 ms
Total:          10026 ms

</msg>
<arg>${HTTPSTAT_RESPONSE_CONTENTS}</arg>
<doc>Logs the given message with the given level.</doc>
<status status="PASS" start="2024-05-06T04:52:13.681779" elapsed="0.000250"/>
</kw>
<kw name="Should Not Contain Any" owner="BuiltIn">
<arg>${HTTPSTAT_RESPONSE_CONTENTS}</arg>
<arg>ERROR</arg>
<arg>error</arg>
<arg>errors</arg>
<arg>Not Allowed</arg>
<arg>no method</arg>
<arg>NO_METHOD_MATCHED_ERROR</arg>
<doc>Fails if ``container`` contains one or more of the ``*items``.</doc>
<status status="PASS" start="2024-05-06T04:52:13.682167" elapsed="0.000184"/>
</kw>
<status status="PASS" start="2024-05-06T04:52:13.679665" elapsed="0.002778"/>
</kw>
<arg>${GRAPHWALKER_PATH_KEYWORD}</arg>
<doc>Executes the given keyword with the given arguments.</doc>
<status status="PASS" start="2024-05-06T04:52:13.679279" elapsed="0.003214"/>
</kw>
<var name="${GRAPHWALKER_PATH_KEYWORD}">check_api_response_log_files</var>
<status status="PASS" start="2024-05-06T04:52:13.679079" elapsed="0.003453"/>
</iter>
<iter>
<kw name="Run Keyword" owner="BuiltIn">
<kw name="send_post_request_to_order_endpoint">
<kw name="Run HTTPStat POST Request">
<kw name="Remove File" owner="OperatingSystem">
<msg time="2024-05-06T04:52:13.685176" level="INFO" html="true">Removed file '&lt;a href="file:///tests/resources/httpstat-graphwalker-response-output.log"&gt;/tests/resources/httpstat-graphwalker-response-output.log&lt;/a&gt;'.</msg>
<arg>${EXECDIR}/resources/httpstat-graphwalker-response-output.log</arg>
<doc>Removes a file with the given path.</doc>
<status status="PASS" start="2024-05-06T04:52:13.683735" elapsed="0.002302"/>
</kw>
<kw name="Run Keyword And Ignore Error" owner="BuiltIn">
<kw name="Run" owner="OperatingSystem">
<msg time="2024-05-06T04:52:13.687359" level="INFO">Running command 'go run httpstat-test-runner.go -url "http://0.0.0.0:8080/store/order" -method "POST" -body '{"id": 9, "petId": 9, "quantity": 1, "shipDate": "2021-07-29T00:00:00.000Z", "status": "placed", "complete": true}' &gt; /tests/resources/httpstat-graphwalker-response-output.log'.</msg>
<arg>go run httpstat-test-runner.go -url "${TARGET_URL}" -method "${REQUEST_METHOD}" -body ${REQUEST_BODY} &gt; ${EXECDIR}/resources/httpstat-graphwalker-response-output.log</arg>
<doc>Runs the given command in the system and returns the output.</doc>
<status status="PASS" start="2024-05-06T04:52:13.686439" elapsed="10.400649"/>
</kw>
<arg>Run</arg>
<arg>go run httpstat-test-runner.go -url "${TARGET_URL}" -method "${REQUEST_METHOD}" -body ${REQUEST_BODY} &gt; ${EXECDIR}/resources/httpstat-graphwalker-response-output.log</arg>
<doc>Runs the given keyword with the given arguments and ignores possible error.</doc>
<status status="PASS" start="2024-05-06T04:52:13.686237" elapsed="10.400978"/>
</kw>
<arg>http://0.0.0.0:8080/store/order</arg>
<arg>POST</arg>
<arg>'{"id": 9, "petId": 9, "quantity": 1, "shipDate": "2021-07-29T00:00:00.000Z", "status": "placed", "complete": true}'</arg>
<status status="PASS" start="2024-05-06T04:52:13.683411" elapsed="10.403911"/>
</kw>
[...]
<doc>Logs the given message to the console.</doc>
<status status="PASS" start="2024-05-06T05:18:17.074741" elapsed="0.000555"/>
</kw>
<status status="PASS" start="2024-05-06T05:18:17.073865" elapsed="0.001583"/>
</kw>
<kw name="Run Custom Vegeta Load Test Connected To Toxiproxy">
<kw name="Remove File" owner="OperatingSystem">
<msg time="2024-05-06T05:18:17.085620" level="INFO" html="true">File '&lt;a href="file:///tests/*.bin"&gt;/tests/*.bin&lt;/a&gt;' does not exist.</msg>
<arg>${EXECDIR}/*.bin</arg>
<doc>Removes a file with the given path.</doc>
<status status="PASS" start="2024-05-06T05:18:17.084354" elapsed="0.001361"/>
</kw>
<kw name="Run Specific Parameters Vegeta Load Test" owner="VegetaLoadTestLibrary">
<msg time="2024-05-06T05:18:37.460816" level="INFO">Running Vegeta load test: go run vegeta-load-test-runner.go -rate 100 -duration 10s -url http://0.0.0.0:8080/store/order/9 -method GET -body  -output results.bin
Vegeta load test executed successfully: Vegeta Load Test Runner - Results
Requests: 1000
Success Rate: 100 %</msg>
<arg>${USER_DEFINED_TEST_RATE}</arg>
<arg>${USER_DEFINED_TEST_DURATION}</arg>
<arg>${USER_DEFINED_URL}</arg>
<arg>${USER_DEFINED_METHOD}</arg>
<arg>${USER_DEFINED_TEST_REQUEST_BODY}</arg>
<arg>${USER_DEFINED_TEST_OUTPUT_FILE}</arg>
<doc>Runs the vegeta-load-test-runner.go automation with specific given parameters for more customization.</doc>
<status status="PASS" start="2024-05-06T05:18:17.085880" elapsed="20.375055"/>
</kw>
<kw name="Move Files" owner="OperatingSystem">
<msg time="2024-05-06T05:18:37.465551" level="INFO" html="true">Moved file from '&lt;a href="file:///tests/results.bin"&gt;/tests/results.bin&lt;/a&gt;' to '&lt;a href="file:///tests/results/results.bin"&gt;/tests/results/results.bin&lt;/a&gt;'.</msg>
<arg>${EXECDIR}/*.bin</arg>
<arg>${EXECDIR}/results/</arg>
<doc>Moves specified files to the target directory.</doc>
<status status="PASS" start="2024-05-06T05:18:37.461290" elapsed="0.004437"/>
</kw>
<kw name="Log To Console" owner="BuiltIn">
<arg>Vegeta Load Test Completed</arg>
<doc>Logs the given message to the console.</doc>
<status status="PASS" start="2024-05-06T05:18:37.465955" elapsed="0.000360"/>
</kw>
<kw name="Log To Console" owner="BuiltIn">
<arg>Check the results.bin files found in... ${EXECDIR}/results</arg>
<doc>Logs the given message to the console.</doc>
<status status="PASS" start="2024-05-06T05:18:37.466493" elapsed="0.000456"/>
</kw>
<arg>http://0.0.0.0:8080/store/order/9</arg>
<arg>${EMPTY}</arg>
<arg>GET</arg>
<status status="PASS" start="2024-05-06T05:18:17.075864" elapsed="20.391356"/>
</kw>
<kw name="Log Lines To Console">
<kw name="Log To Console" owner="BuiltIn">
<arg>...\n...\n...\n...</arg>
<doc>Logs the given message to the console.</doc>
<status status="PASS" start="2024-05-06T05:18:37.468452" elapsed="0.000306"/>
</kw>
<status status="PASS" start="2024-05-06T05:18:37.467717" elapsed="0.001135"/>
</kw>
<kw name="Trigger Only After Failure" type="TEARDOWN">
<kw name="Run Keyword If Test Failed" owner="BuiltIn">
<arg>Automation Failure Detected Notify Team</arg>
<doc>Runs the given keyword with the given arguments, if the test failed.</doc>
<status status="PASS" start="2024-05-06T05:18:37.469613" elapsed="0.000116"/>
</kw>
<status status="PASS" start="2024-05-06T05:18:37.469282" elapsed="0.000529"/>
</kw>
<tag>Chaos_Tests</tag>
<tag>Jira_ID4</tag>
<tag>Load_Tests</tag>
<tag>Run_All_Tests</tag>
<tag>Test_ID4</tag>
<status status="PASS" start="2024-05-06T05:18:17.068448" elapsed="20.401494"/>
</test>
<test id="s1-t8" name="GO TEST FUNCTIONAL TESTS - GET /USER/USERNAME : Analyze the Go Httpstat functional test for a GET request on the /user/vitae API endpoint" line="72">
<kw name="Log Lines To Console">
<kw name="Log To Console" owner="BuiltIn">
<arg>...\n...\n...\n...</arg>
<doc>Logs the given message to the console.</doc>
<status status="PASS" start="2024-05-06T05:18:37.471954" elapsed="0.000434"/>
</kw>
<status status="PASS" start="2024-05-06T05:18:37.471645" elapsed="0.000910"/>
</kw>
<kw name="Analyze Go Test Results">
<kw name="Run" owner="OperatingSystem">
<msg time="2024-05-06T05:18:37.474560" level="INFO">Running command 'cat /tests/resources/go-test-console-results.log | grep vitae 2&gt;&amp;1'.</msg>
<msg time="2024-05-06T05:18:37.485558" level="INFO">${GO_TEST_OUTPUT_CONTENTS} =   "Output": "    --- PASS: TestHTTPRequests/GET_http://0.0.0.0:4010/user/vitae (0.10s)\n"</msg>
<var>${GO_TEST_OUTPUT_CONTENTS}</var>
<arg>cat ${EXECDIR}/resources/go-test-console-results.log | grep ${GO_TEST_OUTPUT_CHECK1}</arg>
<doc>Runs the given command in the system and returns the output.</doc>
<status status="PASS" start="2024-05-06T05:18:37.473635" elapsed="0.011970"/>
</kw>
<kw name="Log" owner="BuiltIn">
<msg time="2024-05-06T05:18:37.485945" level="INFO">  "Output": "    --- PASS: TestHTTPRequests/GET_http://0.0.0.0:4010/user/vitae (0.10s)\n"</msg>
<arg>${GO_TEST_OUTPUT_CONTENTS}</arg>
<doc>Logs the given message with the given level.</doc>
<status status="PASS" start="2024-05-06T05:18:37.485783" elapsed="0.000205"/>
</kw>
<kw name="Should Contain" owner="BuiltIn">
<arg>${GO_TEST_OUTPUT_CONTENTS}</arg>
<arg>${GO_TEST_OUTPUT_CHECK2}</arg>
<doc>Fails if ``container`` does not contain ``item`` one or more times.</doc>
<status status="PASS" start="2024-05-06T05:18:37.486096" elapsed="0.000363"/>
</kw>
<arg>vitae</arg>
<arg>PASS</arg>
<status status="PASS" start="2024-05-06T05:18:37.472969" elapsed="0.013559"/>
</kw>
<kw name="Log Lines To Console">
<kw name="Log To Console" owner="BuiltIn">
<arg>...\n...\n...\n...</arg>
<doc>Logs the given message to the console.</doc>
<status status="PASS" start="2024-05-06T05:18:37.487029" elapsed="0.000288"/>
</kw>
<status status="PASS" start="2024-05-06T05:18:37.486778" elapsed="0.000608"/>
</kw>
<kw name="Trigger Only After Failure" type="TEARDOWN">
<kw name="Run Keyword If Test Failed" owner="BuiltIn">
<arg>Automation Failure Detected Notify Team</arg>
<doc>Runs the given keyword with the given arguments, if the test failed.</doc>
<status status="PASS" start="2024-05-06T05:18:37.488049" elapsed="0.000203"/>
</kw>
<status status="PASS" start="2024-05-06T05:18:37.487707" elapsed="0.000637"/>
</kw>
<tag>Functional_Tests</tag>
<tag>Functional_Tests_Analysis</tag>
<tag>Jira_ID5</tag>
<tag>Run_All_Tests</tag>
<tag>Test_ID5</tag>
<status status="PASS" start="2024-05-06T05:18:37.470666" elapsed="0.017794"/>
</test>
<test id="s1-t9" name="GO TEST FUNCTIONAL TESTS - GET /NO_AUTH/PETS/FINDBYSTATUS : Analyze the Go Httpstat functional test for a GET request on the /no_auth/pets/findByStatus API endpoint" line="78">
<kw name="Log Lines To Console">
<kw name="Log To Console" owner="BuiltIn">
<arg>...\n...\n...\n...</arg>
<doc>Logs the given message to the console.</doc>
<status status="PASS" start="2024-05-06T05:18:37.490246" elapsed="0.000254"/>
</kw>
<status status="PASS" start="2024-05-06T05:18:37.489739" elapsed="0.000865"/>
</kw>
<kw name="Analyze Go Test Results">
<kw name="Run" owner="OperatingSystem">
<msg time="2024-05-06T05:18:37.492190" level="INFO">Running command 'cat /tests/resources/go-test-console-results.log | grep findByStatus 2&gt;&amp;1'.</msg>
<msg time="2024-05-06T05:18:37.495544" level="INFO">${GO_TEST_OUTPUT_CONTENTS} =   "Output": "    --- PASS: TestHTTPRequests/GET_http://0.0.0.0:4010/no_auth/pets/findByStatus?status=available (0.02s)\n"</msg>
<var>${GO_TEST_OUTPUT_CONTENTS}</var>
<arg>cat ${EXECDIR}/resources/go-test-console-results.log | grep ${GO_TEST_OUTPUT_CHECK1}</arg>
<doc>Runs the given command in the system and returns the output.</doc>
<status status="PASS" start="2024-05-06T05:18:37.491409" elapsed="0.004180"/>
</kw>
<kw name="Log" owner="BuiltIn">
<msg time="2024-05-06T05:18:37.496555" level="INFO">  "Output": "    --- PASS: TestHTTPRequests/GET_http://0.0.0.0:4010/no_auth/pets/findByStatus?status=available (0.02s)\n"</msg>
<arg>${GO_TEST_OUTPUT_CONTENTS}</arg>
<doc>Logs the given message with the given level.</doc>
<status status="PASS" start="2024-05-06T05:18:37.496363" elapsed="0.000242"/>
</kw>
<kw name="Should Contain" owner="BuiltIn">
<arg>${GO_TEST_OUTPUT_CONTENTS}</arg>
<arg>${GO_TEST_OUTPUT_CHECK2}</arg>
<doc>Fails if ``container`` does not contain ``item`` one or more times.</doc>
<status status="PASS" start="2024-05-06T05:18:37.496723" elapsed="0.000168"/>
</kw>
<arg>findByStatus</arg>
<arg>PASS</arg>
<status status="PASS" start="2024-05-06T05:18:37.490859" elapsed="0.006101"/>
</kw>
<kw name="Log Lines To Console">
<kw name="Log To Console" owner="BuiltIn">
<arg>...\n...\n...\n...</arg>
<doc>Logs the given message to the console.</doc>
<status status="PASS" start="2024-05-06T05:18:37.497597" elapsed="0.000193"/>
</kw>
<status status="PASS" start="2024-05-06T05:18:37.497329" elapsed="0.000546"/>
</kw>
<kw name="Trigger Only After Failure" type="TEARDOWN">
<kw name="Run Keyword If Test Failed" owner="BuiltIn">
<arg>Automation Failure Detected Notify Team</arg>
<doc>Runs the given keyword with the given arguments, if the test failed.</doc>
<status status="PASS" start="2024-05-06T05:18:37.498701" elapsed="0.000109"/>
</kw>
<status status="PASS" start="2024-05-06T05:18:37.498374" elapsed="0.000509"/>
</kw>
<tag>Functional_Tests</tag>
<tag>Functional_Tests_Analysis</tag>
<tag>Jira_ID6</tag>
<tag>Run_All_Tests</tag>
<tag>Test_ID6</tag>
<status status="PASS" start="2024-05-06T05:18:37.488922" elapsed="0.010085"/>
</test>
<test id="s1-t10" name="GO TEST FUNCTIONAL TESTS - GET /STORE/ORDER/NUMBER : Analyze the Go Httpstat functional test for a GET request on the /store/order/9 API endpoint" line="84">
<kw name="Log Lines To Console">
<kw name="Log To Console" owner="BuiltIn">
<arg>...\n...\n...\n...</arg>
<doc>Logs the given message to the console.</doc>
<status status="PASS" start="2024-05-06T05:18:37.500443" elapsed="0.000200"/>
</kw>
<status status="PASS" start="2024-05-06T05:18:37.500039" elapsed="0.000709"/>
</kw>
<kw name="Analyze Go Test Results">
<kw name="Run" owner="OperatingSystem">
<msg time="2024-05-06T05:18:37.502806" level="INFO">Running command 'cat /tests/resources/go-test-console-results.log | grep store/order/9 2&gt;&amp;1'.</msg>
<msg time="2024-05-06T05:18:37.506146" level="INFO">${GO_TEST_OUTPUT_CONTENTS} =   "Output": "    --- PASS: TestHTTPRequests/GET_http://0.0.0.0:4010/store/order/9 (0.02s)\n"</msg>
<var>${GO_TEST_OUTPUT_CONTENTS}</var>
<arg>cat ${EXECDIR}/resources/go-test-console-results.log | grep ${GO_TEST_OUTPUT_CHECK1}</arg>
<doc>Runs the given command in the system and returns the output.</doc>
<status status="PASS" start="2024-05-06T05:18:37.501441" elapsed="0.004750"/>
</kw>
<kw name="Log" owner="BuiltIn">
<msg time="2024-05-06T05:18:37.506545" level="INFO">  "Output": "    --- PASS: TestHTTPRequests/GET_http://0.0.0.0:4010/store/order/9 (0.02s)\n"</msg>
<arg>${GO_TEST_OUTPUT_CONTENTS}</arg>
<doc>Logs the given message with the given level.</doc>
<status status="PASS" start="2024-05-06T05:18:37.506377" elapsed="0.000216"/>
</kw>
<kw name="Should Contain" owner="BuiltIn">
<arg>${GO_TEST_OUTPUT_CONTENTS}</arg>
<arg>${GO_TEST_OUTPUT_CHECK2}</arg>
<doc>Fails if ``container`` does not contain ``item`` one or more times.</doc>
<status status="PASS" start="2024-05-06T05:18:37.506707" elapsed="0.000157"/>
</kw>
<arg>store/order/9</arg>
<arg>PASS</arg>
<status status="PASS" start="2024-05-06T05:18:37.500974" elapsed="0.005954"/>
</kw>
<kw name="Log Lines To Console">
<kw name="Log To Console" owner="BuiltIn">
<arg>...\n...\n...\n...</arg>
<doc>Logs the given message to the console.</doc>
<status status="PASS" start="2024-05-06T05:18:37.510725" elapsed="0.000313"/>
</kw>
<status status="PASS" start="2024-05-06T05:18:37.507206" elapsed="0.003994"/>
</kw>
<kw name="Trigger Only After Failure" type="TEARDOWN">
<kw name="Run Keyword If Test Failed" owner="BuiltIn">
<arg>Automation Failure Detected Notify Team</arg>
<doc>Runs the given keyword with the given arguments, if the test failed.</doc>
<status status="PASS" start="2024-05-06T05:18:37.511785" elapsed="0.000085"/>
</kw>
<status status="PASS" start="2024-05-06T05:18:37.511502" elapsed="0.000429"/>
</kw>
<tag>Functional_Tests</tag>
<tag>Functional_Tests_Analysis</tag>
<tag>Jira_ID7</tag>
<tag>Run_All_Tests</tag>
<tag>Test_ID7</tag>
<status status="PASS" start="2024-05-06T05:18:37.499385" elapsed="0.012652"/>
</test>
<test id="s1-t11" name="GO TEST FUNCTIONAL TESTS - POST /STORE/ORDER : Analyze the Go Httpstat functional test for a POST request on the /store/order API endpoint. This will create a new order." line="90">
<kw name="Log Lines To Console">
<kw name="Log To Console" owner="BuiltIn">
<arg>...\n...\n...\n...</arg>
<doc>Logs the given message to the console.</doc>
<status status="PASS" start="2024-05-06T05:18:37.513606" elapsed="0.000248"/>
</kw>
<status status="PASS" start="2024-05-06T05:18:37.513318" elapsed="0.000626"/>
</kw>
<kw name="Analyze Go Test Results">
<kw name="Run" owner="OperatingSystem">
<msg time="2024-05-06T05:18:37.515676" level="INFO">Running command 'cat /tests/resources/go-test-console-results.log | grep POST_http://0.0.0.0:4010/store/order 2&gt;&amp;1'.</msg>
<msg time="2024-05-06T05:18:37.522123" level="INFO">${GO_TEST_OUTPUT_CONTENTS} =   "Output": "    --- PASS: TestHTTPRequests/POST_http://0.0.0.0:4010/store/order (0.02s)\n"</msg>
<var>${GO_TEST_OUTPUT_CONTENTS}</var>
<arg>cat ${EXECDIR}/resources/go-test-console-results.log | grep ${GO_TEST_OUTPUT_CHECK1}</arg>
<doc>Runs the given command in the system and returns the output.</doc>
<status status="PASS" start="2024-05-06T05:18:37.514727" elapsed="0.007665"/>
</kw>
<kw name="Log" owner="BuiltIn">
<msg time="2024-05-06T05:18:37.523086" level="INFO">  "Output": "    --- PASS: TestHTTPRequests/POST_http://0.0.0.0:4010/store/order (0.02s)\n"</msg>
<arg>${GO_TEST_OUTPUT_CONTENTS}</arg>
<doc>Logs the given message with the given level.</doc>
<status status="PASS" start="2024-05-06T05:18:37.522857" elapsed="0.000468"/>
</kw>
<kw name="Should Contain" owner="BuiltIn">
<arg>${GO_TEST_OUTPUT_CONTENTS}</arg>
<arg>${GO_TEST_OUTPUT_CHECK2}</arg>
<doc>Fails if ``container`` does not contain ``item`` one or more times.</doc>
<status status="PASS" start="2024-05-06T05:18:37.523689" elapsed="0.000359"/>
</kw>
<arg>POST_http://0.0.0.0:4010/store/order</arg>
<arg>PASS</arg>
<status status="PASS" start="2024-05-06T05:18:37.514345" elapsed="0.009981"/>
</kw>
<kw name="Log Lines To Console">
<kw name="Log To Console" owner="BuiltIn">
<arg>...\n...\n...\n...</arg>
<doc>Logs the given message to the console.</doc>
<status status="PASS" start="2024-05-06T05:18:37.526418" elapsed="0.000661"/>
</kw>
<status status="PASS" start="2024-05-06T05:18:37.525398" elapsed="0.001939"/>
</kw>
<kw name="Trigger Only After Failure" type="TEARDOWN">
<kw name="Run Keyword If Test Failed" owner="BuiltIn">
<arg>Automation Failure Detected Notify Team</arg>
<doc>Runs the given keyword with the given arguments, if the test failed.</doc>
<status status="PASS" start="2024-05-06T05:18:37.528851" elapsed="0.000105"/>
</kw>
<status status="PASS" start="2024-05-06T05:18:37.528293" elapsed="0.000738"/>
</kw>
<tag>Functional_Tests</tag>
<tag>Functional_Tests_Analysis</tag>
<tag>Jira_ID8</tag>
<tag>Run_All_Tests</tag>
<tag>Test_ID8</tag>
<status status="PASS" start="2024-05-06T05:18:37.512464" elapsed="0.016694"/>
</test>
<test id="s1-t12" name="GO TEST FUNCTIONAL TESTS - POST /USER : Analyze the Go Httpstat functional test for a POST request on the /user API endpoint. This will create a new user." line="96">
<kw name="Log Lines To Console">
<kw name="Log To Console" owner="BuiltIn">
<arg>...\n...\n...\n...</arg>
<doc>Logs the given message to the console.</doc>
<status status="PASS" start="2024-05-06T05:18:37.530914" elapsed="0.000370"/>
</kw>
<status status="PASS" start="2024-05-06T05:18:37.530528" elapsed="0.001910"/>
</kw>
<kw name="Analyze Go Test Results">
<kw name="Run" owner="OperatingSystem">
<msg time="2024-05-06T05:18:37.534132" level="INFO">Running command 'cat /tests/resources/go-test-console-results.log | grep POST_http://0.0.0.0:4010/user 2&gt;&amp;1'.</msg>
<msg time="2024-05-06T05:18:37.537812" level="INFO">${GO_TEST_OUTPUT_CONTENTS} =   "Output": "    --- PASS: TestHTTPRequests/POST_http://0.0.0.0:4010/user (0.02s)\n"</msg>
<var>${GO_TEST_OUTPUT_CONTENTS}</var>
<arg>cat ${EXECDIR}/resources/go-test-console-results.log | grep ${GO_TEST_OUTPUT_CHECK1}</arg>
<doc>Runs the given command in the system and returns the output.</doc>
<status status="PASS" start="2024-05-06T05:18:37.533240" elapsed="0.004618"/>
</kw>
<kw name="Log" owner="BuiltIn">
<msg time="2024-05-06T05:18:37.538348" level="INFO">  "Output": "    --- PASS: TestHTTPRequests/POST_http://0.0.0.0:4010/user (0.02s)\n"</msg>
<arg>${GO_TEST_OUTPUT_CONTENTS}</arg>
<doc>Logs the given message with the given level.</doc>
<status status="PASS" start="2024-05-06T05:18:37.538153" elapsed="0.000243"/>
</kw>
<kw name="Should Contain" owner="BuiltIn">
<arg>${GO_TEST_OUTPUT_CONTENTS}</arg>
<arg>${GO_TEST_OUTPUT_CHECK2}</arg>
<doc>Fails if ``container`` does not contain ``item`` one or more times.</doc>
<status status="PASS" start="2024-05-06T05:18:37.538516" elapsed="0.000159"/>
</kw>
<arg>POST_http://0.0.0.0:4010/user</arg>
<arg>PASS</arg>
<status status="PASS" start="2024-05-06T05:18:37.532754" elapsed="0.005988"/>
</kw>
<kw name="Log Lines To Console">
<kw name="Log To Console" owner="BuiltIn">
<arg>...\n...\n...\n...</arg>
<doc>Logs the given message to the console.</doc>
<status status="PASS" start="2024-05-06T05:18:37.539406" elapsed="0.000247"/>
</kw>
<status status="PASS" start="2024-05-06T05:18:37.538963" elapsed="0.000789"/>
</kw>
<kw name="Trigger Only After Failure" type="TEARDOWN">
<kw name="Run Keyword If Test Failed" owner="BuiltIn">
<arg>Automation Failure Detected Notify Team</arg>
<doc>Runs the given keyword with the given arguments, if the test failed.</doc>
<status status="PASS" start="2024-05-06T05:18:37.540789" elapsed="0.000118"/>
</kw>
<status status="PASS" start="2024-05-06T05:18:37.540303" elapsed="0.000685"/>
</kw>
<tag>Functional_Tests</tag>
<tag>Functional_Tests_Analysis</tag>
<tag>Jira_ID9</tag>
<tag>Run_All_Tests</tag>
<tag>Test_ID9</tag>
<status status="PASS" start="2024-05-06T05:18:37.529633" elapsed="0.011484"/>
</test>
<status status="PASS" start="2024-05-06T04:50:20.613003" elapsed="1696.933382"/>
</suite>
<statistics>
<total>
<stat pass="12" fail="0" skip="0">All Tests</stat>
</total>
<tag>
<stat pass="4" fail="0" skip="0">Chaos_Tests</stat>
<stat pass="1" fail="0" skip="0">Exploratory_Tests</stat>
<stat pass="5" fail="0" skip="0">Functional_Tests</stat>
<stat pass="5" fail="0" skip="0">Functional_Tests_Analysis</stat>
<stat pass="1" fail="0" skip="0">Jira_ID1</stat>
<stat pass="1" fail="0" skip="0">Jira_ID2</stat>
<stat pass="1" fail="0" skip="0">Jira_ID3</stat>
<stat pass="1" fail="0" skip="0">Jira_ID4</stat>
<stat pass="1" fail="0" skip="0">Jira_ID5</stat>
<stat pass="1" fail="0" skip="0">Jira_ID6</stat>
<stat pass="1" fail="0" skip="0">Jira_ID7</stat>
<stat pass="1" fail="0" skip="0">Jira_ID8</stat>
<stat pass="1" fail="0" skip="0">Jira_ID9</stat>
<stat pass="3" fail="0" skip="0">Load_Tests</stat>
<stat pass="1" fail="0" skip="0">Model-Based_Tests</stat>
<stat pass="12" fail="0" skip="0">Run_All_Tests</stat>
<stat pass="1" fail="0" skip="0">Test_ID1</stat>
<stat pass="1" fail="0" skip="0">Test_ID2</stat>
<stat pass="1" fail="0" skip="0">Test_ID3</stat>
<stat pass="1" fail="0" skip="0">Test_ID4</stat>
<stat pass="1" fail="0" skip="0">Test_ID5</stat>
<stat pass="1" fail="0" skip="0">Test_ID6</stat>
<stat pass="1" fail="0" skip="0">Test_ID7</stat>
<stat pass="1" fail="0" skip="0">Test_ID8</stat>
<stat pass="1" fail="0" skip="0">Test_ID9</stat>
<stat pass="3" fail="0" skip="0">Tests_Setup</stat>
</tag>
<suite>
<stat pass="12" fail="0" skip="0" id="s1" name="Generic-Automation">Generic-Automation</stat>
</suite>
</statistics>
<errors>
</errors>
</robot>
