<?xml version="1.0" encoding="UTF-8"?>
<robot generator="Robot 7.0 (Python 3.12.3 on linux)" generated="2024-05-02T21:18:17.828138" rpa="false" schemaversion="5">
<suite id="s1" name="Generic-Automation" source="/tests/generic-automation.robot">
<test id="s1-t1" name="FUNCTIONAL TESTS SETUP : Start the Prism API Mock Server for the Go Httpstat functional tests and Vegeta Load Tests." line="25">
<kw name="Automation Section For Slack Notifications">
<kw name="Set Suite Variable" owner="BuiltIn">
<msg time="2024-05-02T21:18:17.911407" level="INFO">${AUTOMATION_SECTION_NAME} = FUNCTIONAL TESTS SETUP</msg>
<arg>${AUTOMATION_SECTION_NAME}</arg>
<arg>${AUTOMATION_SECTION}</arg>
<doc>Makes a variable available everywhere within the scope of the current suite.</doc>
<status status="PASS" start="2024-05-02T21:18:17.910348" elapsed="0.001127"/>
</kw>
<arg>FUNCTIONAL TESTS SETUP</arg>
<status status="PASS" start="2024-05-02T21:18:17.909135" elapsed="0.002455"/>
</kw>
<kw name="Log Lines To Console">
<kw name="Log To Console" owner="BuiltIn">
<arg>...\n...\n...\n...</arg>
<doc>Logs the given message to the console.</doc>
<status status="PASS" start="2024-05-02T21:18:17.912303" elapsed="0.000273"/>
</kw>
<status status="PASS" start="2024-05-02T21:18:17.911924" elapsed="0.000755"/>
</kw>
<kw name="Start Prism API Mock Server">
<kw name="Remove File" owner="OperatingSystem">
<msg time="2024-05-02T21:18:17.914250" level="INFO" html="true">Removed file '&lt;a href="file:///tests/resources/api-application.log"&gt;/tests/resources/api-application.log&lt;/a&gt;'.</msg>
<arg>${EXECDIR}/resources/api-application.log</arg>
<doc>Removes a file with the given path.</doc>
<status status="PASS" start="2024-05-02T21:18:17.913354" elapsed="0.000987"/>
</kw>
<kw name="Download And Install Prism" owner="PrismMockServerLibrary">
<doc>Downloads and installs the Prism tool.</doc>
<status status="PASS" start="2024-05-02T21:18:17.914509" elapsed="5.195004"/>
</kw>
<kw name="Start Prism Mock Server" owner="PrismMockServerLibrary">
<doc>Start the Prism tool and create a mock API server.</doc>
<status status="PASS" start="2024-05-02T21:18:23.109760" elapsed="5.009763"/>
</kw>
<kw name="Log To Console" owner="BuiltIn">
<arg>Prism Mock Server Started</arg>
<doc>Logs the given message to the console.</doc>
<status status="PASS" start="2024-05-02T21:18:28.120038" elapsed="0.000501"/>
</kw>
<kw name="Log To Console" owner="BuiltIn">
<arg>Check the Mock API log found in... ${EXECDIR}/resources/api-application.log</arg>
<doc>Logs the given message to the console.</doc>
<status status="PASS" start="2024-05-02T21:18:28.120894" elapsed="0.000782"/>
</kw>
<status status="PASS" start="2024-05-02T21:18:17.913065" elapsed="10.208850"/>
</kw>
<kw name="Log Lines To Console">
<kw name="Log To Console" owner="BuiltIn">
<arg>...\n...\n...\n...</arg>
<doc>Logs the given message to the console.</doc>
<status status="PASS" start="2024-05-02T21:18:28.123753" elapsed="0.000526"/>
</kw>
<status status="PASS" start="2024-05-02T21:18:28.122812" elapsed="0.001634"/>
</kw>
<kw name="Trigger Only After Failure" type="TEARDOWN">
<kw name="Run Keyword If Test Failed" owner="BuiltIn">
<arg>Automation Failure Detected Notify Team</arg>
<doc>Runs the given keyword with the given arguments, if the test failed.</doc>
<status status="PASS" start="2024-05-02T21:18:28.125735" elapsed="0.000187"/>
</kw>
<status status="PASS" start="2024-05-02T21:18:28.125167" elapsed="0.001087"/>
</kw>
<tag>Run_All_Tests</tag>
<tag>Tests_Setup</tag>
<status status="PASS" start="2024-05-02T21:18:17.907670" elapsed="10.218783"/>
</test>
<test id="s1-t2" name="CHAOS AND LOAD TESTS SETUP : Start the Toxiproxy TCP Chaos Proxy." line="32">
<kw name="Automation Section For Slack Notifications">
<kw name="Set Suite Variable" owner="BuiltIn">
<msg time="2024-05-02T21:18:28.129364" level="INFO">${AUTOMATION_SECTION_NAME} = CHAOS AND LOAD TESTS SETUP</msg>
<arg>${AUTOMATION_SECTION_NAME}</arg>
<arg>${AUTOMATION_SECTION}</arg>
<doc>Makes a variable available everywhere within the scope of the current suite.</doc>
<status status="PASS" start="2024-05-02T21:18:28.128855" elapsed="0.000582"/>
</kw>
<arg>CHAOS AND LOAD TESTS SETUP</arg>
<status status="PASS" start="2024-05-02T21:18:28.128364" elapsed="0.001212"/>
</kw>
<kw name="Log Lines To Console">
<kw name="Log To Console" owner="BuiltIn">
<arg>...\n...\n...\n...</arg>
<doc>Logs the given message to the console.</doc>
<status status="PASS" start="2024-05-02T21:18:28.130362" elapsed="0.000254"/>
</kw>
<status status="PASS" start="2024-05-02T21:18:28.129875" elapsed="0.000921"/>
</kw>
<kw name="Start Toxiproxy TCP Proxy">
<kw name="Remove File" owner="OperatingSystem">
<msg time="2024-05-02T21:18:28.133256" level="INFO" html="true">Removed file '&lt;a href="file:///tests/resources/toxiproxy.log"&gt;/tests/resources/toxiproxy.log&lt;/a&gt;'.</msg>
<arg>${EXECDIR}/resources/toxiproxy.log</arg>
<doc>Removes a file with the given path.</doc>
<status status="PASS" start="2024-05-02T21:18:28.131651" elapsed="0.001734"/>
</kw>
<kw name="Start Toxiproxy Server" owner="ToxiproxyChaosTestLibrary">
<doc>Start the Toxiproxy server.</doc>
<status status="PASS" start="2024-05-02T21:18:28.133610" elapsed="5.003734"/>
</kw>
<kw name="Create TCP Chaos Proxy" owner="ToxiproxyChaosTestLibrary">
<doc>Create a TCP Chaos Proxy for the Vegeta load tests.</doc>
<status status="PASS" start="2024-05-02T21:18:33.137759" elapsed="5.008446"/>
</kw>
<kw name="Add Limited Bandwidth Toxic" owner="ToxiproxyChaosTestLibrary">
<doc>Add the Limited Bandwidth Toxic to the Vegeta load tests. It will limit a connection to a maximum number of kilobytes per second.</doc>
<status status="PASS" start="2024-05-02T21:18:38.146700" elapsed="5.009996"/>
</kw>
<kw name="Add Slow Close Toxic" owner="ToxiproxyChaosTestLibrary">
<doc>Add the Slow Close Toxic to the Vegeta load tests. It will delay the TCP socket from closing until delay has elapsed.</doc>
<status status="PASS" start="2024-05-02T21:18:43.157219" elapsed="4.993009"/>
</kw>
<kw name="Add Latency Toxic" owner="ToxiproxyChaosTestLibrary">
<doc>Add the Latency Toxic to the Vegeta load tests. It will add a delay to all data going through the proxy.</doc>
<status status="PASS" start="2024-05-02T21:18:48.150808" elapsed="5.007048"/>
</kw>
<kw name="Log To Console" owner="BuiltIn">
<arg>Toxiproxy Server Started</arg>
<doc>Logs the given message to the console.</doc>
<status status="PASS" start="2024-05-02T21:18:53.158172" elapsed="0.000288"/>
</kw>
<kw name="Log To Console" owner="BuiltIn">
<arg>Check the Toxiproxy log found in... ${EXECDIR}/resources/toxiproxy.log</arg>
<doc>Logs the given message to the console.</doc>
<status status="PASS" start="2024-05-02T21:18:53.158638" elapsed="0.000326"/>
</kw>
<status status="PASS" start="2024-05-02T21:18:28.131319" elapsed="25.027888"/>
</kw>
<kw name="Log Lines To Console">
<kw name="Log To Console" owner="BuiltIn">
<arg>...\n...\n...\n...</arg>
<doc>Logs the given message to the console.</doc>
<status status="PASS" start="2024-05-02T21:18:53.160085" elapsed="0.000281"/>
</kw>
<status status="PASS" start="2024-05-02T21:18:53.159571" elapsed="0.000896"/>
</kw>
<kw name="Trigger Only After Failure" type="TEARDOWN">
<kw name="Run Keyword If Test Failed" owner="BuiltIn">
<arg>Automation Failure Detected Notify Team</arg>
<doc>Runs the given keyword with the given arguments, if the test failed.</doc>
<status status="PASS" start="2024-05-02T21:18:53.161392" elapsed="0.000132"/>
</kw>
<status status="PASS" start="2024-05-02T21:18:53.160969" elapsed="0.000653"/>
</kw>
<tag>Run_All_Tests</tag>
<tag>Tests_Setup</tag>
<status status="PASS" start="2024-05-02T21:18:28.127340" elapsed="25.034460"/>
</test>
<test id="s1-t3" name="MODEL-BASED CHAOS TESTS SETUP : Create a new Graphwalker Path File for the Model-Based Chaos Tests. The Graphwalker Model combines API Functional Test, Chaos Test, and Mutational Fuzz Test strategies." line="39">
<kw name="Automation Section For Slack Notifications">
<kw name="Set Suite Variable" owner="BuiltIn">
<msg time="2024-05-02T21:18:53.164084" level="INFO">${AUTOMATION_SECTION_NAME} = MODEL-BASED CHAOS TESTS SETUP</msg>
<arg>${AUTOMATION_SECTION_NAME}</arg>
<arg>${AUTOMATION_SECTION}</arg>
<doc>Makes a variable available everywhere within the scope of the current suite.</doc>
<status status="PASS" start="2024-05-02T21:18:53.163770" elapsed="0.000380"/>
</kw>
<arg>MODEL-BASED CHAOS TESTS SETUP</arg>
<status status="PASS" start="2024-05-02T21:18:53.163315" elapsed="0.001573"/>
</kw>
<kw name="Log Lines To Console">
<kw name="Log To Console" owner="BuiltIn">
<arg>...\n...\n...\n...</arg>
<doc>Logs the given message to the console.</doc>
<status status="PASS" start="2024-05-02T21:18:53.165456" elapsed="0.000275"/>
</kw>
<status status="PASS" start="2024-05-02T21:18:53.165164" elapsed="0.000667"/>
</kw>
<kw name="Create Graphwalker Path File">
<kw name="Remove File" owner="OperatingSystem">
<msg time="2024-05-02T21:18:53.168381" level="INFO" html="true">Removed file '&lt;a href="file:///tests/resources/GraphwalkerPath.csv"&gt;/tests/resources/GraphwalkerPath.csv&lt;/a&gt;'.</msg>
<arg>${EXECDIR}/resources/GraphwalkerPath.csv</arg>
<doc>Removes a file with the given path.</doc>
<status status="PASS" start="2024-05-02T21:18:53.166982" elapsed="0.001567"/>
</kw>
<kw name="Run Keyword And Ignore Error" owner="BuiltIn">
<kw name="Run" owner="OperatingSystem">
<msg time="2024-05-02T21:18:53.169767" level="INFO">Running command 'java -jar /usr/bin/graphwalker-cli-4.3.2.jar offline --start-element send_get_request_to_user_endpoint --model /tests/resources/GraphwalkerModel.graphml "random(edge_coverage(100))" | jq -r '.currentElementName' &gt;&gt; /tests/resources/GraphwalkerPath.csv'.</msg>
<arg>java -jar /usr/bin/graphwalker-cli-4.3.2.jar offline --start-element send_get_request_to_user_endpoint --model ${EXECDIR}/resources/GraphwalkerModel.graphml "random(edge_coverage(100))" | jq -r '.currentElementName' &gt;&gt; ${EXECDIR}/resources/GraphwalkerPath.csv</arg>
<doc>Runs the given command in the system and returns the output.</doc>
<status status="PASS" start="2024-05-02T21:18:53.169003" elapsed="2.882442"/>
</kw>
<arg>Run</arg>
<arg>java -jar /usr/bin/graphwalker-cli-4.3.2.jar offline --start-element send_get_request_to_user_endpoint --model ${EXECDIR}/resources/GraphwalkerModel.graphml "random(edge_coverage(100))" | jq -r '.currentElementName' &gt;&gt; ${EXECDIR}/resources/GraphwalkerPath.csv</arg>
<doc>Runs the given keyword with the given arguments and ignores possible error.</doc>
<status status="PASS" start="2024-05-02T21:18:53.168815" elapsed="2.882781"/>
</kw>
<kw name="Log To Console" owner="BuiltIn">
<arg>Graphwalker Path File Created</arg>
<doc>Logs the given message to the console.</doc>
<status status="PASS" start="2024-05-02T21:18:56.051878" elapsed="0.000239"/>
</kw>
<kw name="Log To Console" owner="BuiltIn">
<arg>Check the Graphwalker Path File found in... ${EXECDIR}/resources/GraphwalkerPath.csv</arg>
<doc>Logs the given message to the console.</doc>
<status status="PASS" start="2024-05-02T21:18:56.052258" elapsed="0.000357"/>
</kw>
<status status="PASS" start="2024-05-02T21:18:53.166182" elapsed="2.886587"/>
</kw>
<kw name="Log Lines To Console">
<kw name="Log To Console" owner="BuiltIn">
<arg>...\n...\n...\n...</arg>
<doc>Logs the given message to the console.</doc>
<status status="PASS" start="2024-05-02T21:18:56.053366" elapsed="0.000218"/>
</kw>
<status status="PASS" start="2024-05-02T21:18:56.053067" elapsed="0.000714"/>
</kw>
<kw name="Trigger Only After Failure" type="TEARDOWN">
<kw name="Run Keyword If Test Failed" owner="BuiltIn">
<arg>Automation Failure Detected Notify Team</arg>
<doc>Runs the given keyword with the given arguments, if the test failed.</doc>
<status status="PASS" start="2024-05-02T21:18:56.054699" elapsed="0.000142"/>
</kw>
<status status="PASS" start="2024-05-02T21:18:56.054279" elapsed="0.000672"/>
</kw>
<tag>Run_All_Tests</tag>
<tag>Tests_Setup</tag>
<status status="PASS" start="2024-05-02T21:18:53.162273" elapsed="2.892810"/>
</test>
<test id="s1-t4" name="MODEL-BASED CHAOS TESTS RUNNER : Run the Graphwalker Path File for the Model-Based Chaos Tests. The Graphwalker Model combines API Functional Test, Chaos Test, and Mutational Fuzz Test strategies." line="46">
<kw name="Automation Section For Slack Notifications">
<kw name="Set Suite Variable" owner="BuiltIn">
<msg time="2024-05-02T21:18:56.057951" level="INFO">${AUTOMATION_SECTION_NAME} = MODEL-BASED CHAOS TESTS RUNNER</msg>
<arg>${AUTOMATION_SECTION_NAME}</arg>
<arg>${AUTOMATION_SECTION}</arg>
<doc>Makes a variable available everywhere within the scope of the current suite.</doc>
<status status="PASS" start="2024-05-02T21:18:56.057411" elapsed="0.000603"/>
</kw>
<arg>MODEL-BASED CHAOS TESTS RUNNER</arg>
<status status="PASS" start="2024-05-02T21:18:56.056790" elapsed="0.001317"/>
</kw>
<kw name="Log Lines To Console">
<kw name="Log To Console" owner="BuiltIn">
<arg>...\n...\n...\n...</arg>
<doc>Logs the given message to the console.</doc>
<status status="PASS" start="2024-05-02T21:18:56.058616" elapsed="0.000232"/>
</kw>
<status status="PASS" start="2024-05-02T21:18:56.058324" elapsed="0.000603"/>
</kw>
<kw name="Run Graphwalker Model Based Tests">
<kw name="Get File" owner="OperatingSystem">
<msg time="2024-05-02T21:18:56.059681" level="INFO" html="true">Getting file '&lt;a href="file:///tests/resources/GraphwalkerPath.csv"&gt;/tests/resources/GraphwalkerPath.csv&lt;/a&gt;'.</msg>
<msg time="2024-05-02T21:18:56.060960" level="INFO">${GRAPHWALKER_CSV_FILE_CONTENTS} = send_get_request_to_user_endpoint
check_api_response_log_files
send_post_request_to_user_endpoint
check_server_log_files
send_get_request_to_pets_endpoint
check_api_response_log_files
send_post_reques...</msg>
<var>${GRAPHWALKER_CSV_FILE_CONTENTS}</var>
<arg>${EXECDIR}/resources/${GRAPHWALKER_CSV_FILE}</arg>
<doc>Returns the contents of a specified file.</doc>
<status status="PASS" start="2024-05-02T21:18:56.059434" elapsed="0.001571"/>
</kw>
<kw name="Log" owner="BuiltIn">
<msg time="2024-05-02T21:18:56.061337" level="INFO">send_get_request_to_user_endpoint
check_api_response_log_files
send_post_request_to_user_endpoint
check_server_log_files
send_get_request_to_pets_endpoint
check_api_response_log_files
send_post_request_to_user_endpoint
check_server_log_files
send_post_request_to_order_endpoint_with_fuzzed_data
check_server_log_files
send_get_request_to_pets_endpoint
check_api_response_log_files
send_post_request_to_order_endpoint
check_server_log_files
send_post_request_to_user_endpoint_with_fuzzed_data
check_server_log_files
restart_server
check_server_log_files
send_post_request_to_order_endpoint_with_fuzzed_data
check_server_log_files
send_post_request_to_user_endpoint_with_fuzzed_data
check_server_log_files
restart_server
check_server_log_files
send_post_request_to_order_endpoint_with_fuzzed_data
check_server_log_files
send_post_request_to_user_endpoint_with_fuzzed_data
check_server_log_files
send_get_request_to_pets_endpoint
check_api_response_log_files
add_toxiproxy_limited_bandwidth_then_send_user_get_request
check_api_response_log_files
add_toxiproxy_slow_close_then_send_user_get_request
check_api_response_log_files
add_toxiproxy_limited_bandwidth_then_send_user_get_request
check_api_response_log_files
send_post_request_to_user_endpoint
check_server_log_files
send_post_request_to_user_endpoint_with_fuzzed_data
check_server_log_files
restart_server
check_server_log_files
restart_server
check_server_log_files
send_post_request_to_order_endpoint_with_fuzzed_data
check_server_log_files
send_get_request_to_order_endpoint
check_api_response_log_files
send_post_request_to_order_endpoint
check_server_log_files
send_post_request_to_user_endpoint_with_fuzzed_data
check_server_log_files
send_get_request_to_pets_endpoint
check_api_response_log_files
add_toxiproxy_limited_bandwidth_then_send_user_get_request
check_api_response_log_files
add_toxiproxy_latency_then_send_user_get_request
check_api_response_log_files
</msg>
<arg>${GRAPHWALKER_CSV_FILE_CONTENTS}</arg>
<doc>Logs the given message with the given level.</doc>
<status status="PASS" start="2024-05-02T21:18:56.061181" elapsed="0.000228"/>
</kw>
<kw name="Get Graphwalker Path Keywords From CSV File">
<kw name="Split To Lines" owner="String">
<msg time="2024-05-02T21:18:56.062073" level="INFO">58 lines returned</msg>
<msg time="2024-05-02T21:18:56.062739" level="INFO">@{GRAPHWALKER_LINES} = [ send_get_request_to_user_endpoint | check_api_response_log_files | send_post_request_to_user_endpoint | check_server_log_files | send_get_request_to_pets_endpoint | check_api_response_log_files | se...</msg>
<var>@{GRAPHWALKER_LINES}</var>
<arg>${GRAPHWALKER_CSV_CONTENT}</arg>
<doc>Splits the given string to lines.</doc>
<status status="PASS" start="2024-05-02T21:18:56.061924" elapsed="0.000853"/>
</kw>
<return>
<value>@{GRAPHWALKER_LINES}</value>
<status status="PASS" start="2024-05-02T21:18:56.062863" elapsed="0.000083"/>
</return>
<msg time="2024-05-02T21:18:56.063153" level="INFO">@{GRAPHWALKER_PATH_LINES} = [ send_get_request_to_user_endpoint | check_api_response_log_files | send_post_request_to_user_endpoint | check_server_log_files | send_get_request_to_pets_endpoint | check_api_response_log_files | se...</msg>
<var>@{GRAPHWALKER_PATH_LINES}</var>
<arg>${GRAPHWALKER_CSV_FILE_CONTENTS}</arg>
<status status="PASS" start="2024-05-02T21:18:56.061574" elapsed="0.001610"/>
</kw>
<kw name="Run Graphwalker Path Keywords">
<for flavor="IN">
<iter>
<kw name="Run Keyword" owner="BuiltIn">
<kw name="send_get_request_to_user_endpoint">
<kw name="Run HTTPStat GET Request">
<kw name="Remove File" owner="OperatingSystem">
<msg time="2024-05-02T21:18:56.065920" level="INFO" html="true">Removed file '&lt;a href="file:///tests/resources/httpstat-graphwalker-response-output.log"&gt;/tests/resources/httpstat-graphwalker-response-output.log&lt;/a&gt;'.</msg>
<arg>${EXECDIR}/resources/httpstat-graphwalker-response-output.log</arg>
<doc>Removes a file with the given path.</doc>
<status status="PASS" start="2024-05-02T21:18:56.065204" elapsed="0.000800"/>
</kw>
<kw name="Run Keyword And Ignore Error" owner="BuiltIn">
<kw name="Run" owner="OperatingSystem">
<msg time="2024-05-02T21:18:56.067009" level="INFO">Running command 'go run httpstat-test-runner.go -url "http://0.0.0.0:8080/user/vitae" -method "GET" &gt; /tests/resources/httpstat-graphwalker-response-output.log'.</msg>
<arg>go run httpstat-test-runner.go -url "${TARGET_URL}" -method "${REQUEST_METHOD}" &gt; ${EXECDIR}/resources/httpstat-graphwalker-response-output.log</arg>
<doc>Runs the given command in the system and returns the output.</doc>
<status status="PASS" start="2024-05-02T21:18:56.066352" elapsed="10.682127"/>
</kw>
<arg>Run</arg>
<arg>go run httpstat-test-runner.go -url "${TARGET_URL}" -method "${REQUEST_METHOD}" &gt; ${EXECDIR}/resources/httpstat-graphwalker-response-output.log</arg>
<doc>Runs the given keyword with the given arguments and ignores possible error.</doc>
<status status="PASS" start="2024-05-02T21:18:56.066178" elapsed="10.682539"/>
</kw>
<arg>http://0.0.0.0:8080/user/vitae</arg>
<arg>GET</arg>
<status status="PASS" start="2024-05-02T21:18:56.064953" elapsed="10.683874"/>
</kw>
<status status="PASS" start="2024-05-02T21:18:56.064632" elapsed="10.684265"/>
</kw>
<arg>${GRAPHWALKER_PATH_KEYWORD}</arg>
<doc>Executes the given keyword with the given arguments.</doc>
<status status="PASS" start="2024-05-02T21:18:56.064196" elapsed="10.684759"/>
</kw>
<var name="${GRAPHWALKER_PATH_KEYWORD}">send_get_request_to_user_endpoint</var>
<status status="PASS" start="2024-05-02T21:18:56.064011" elapsed="10.684989"/>
</iter>
<iter>
<kw name="Run Keyword" owner="BuiltIn">
<kw name="check_api_response_log_files">
<kw name="Get File" owner="OperatingSystem">
<msg time="2024-05-02T21:19:06.750278" level="INFO" html="true">Getting file '&lt;a href="file:///tests/resources/httpstat-graphwalker-response-output.log"&gt;/tests/resources/httpstat-graphwalker-response-output.log&lt;/a&gt;'.</msg>
<msg time="2024-05-02T21:19:06.751746" level="INFO">${HTTPSTAT_RESPONSE_CONTENTS} = --------------
URL: http://0.0.0.0:8080/user/vitae
Method: GET
Status Code: 200
--------------
Response Body:
{"id":-9007199254740991,"username":"string","firstName":"string","lastName":"string","emai...</msg>
<var>${HTTPSTAT_RESPONSE_CONTENTS}</var>
<arg>${EXECDIR}/resources/httpstat-graphwalker-response-output.log</arg>
<doc>Returns the contents of a specified file.</doc>
<status status="PASS" start="2024-05-02T21:19:06.750107" elapsed="0.001686"/>
</kw>
<kw name="Log" owner="BuiltIn">
<msg time="2024-05-02T21:19:06.752148" level="INFO">--------------
URL: http://0.0.0.0:8080/user/vitae
Method: GET
Status Code: 200
--------------
Response Body:
{"id":-9007199254740991,"username":"string","firstName":"string","lastName":"string","email":"string","password":"string","phone":"string","userStatus":-2147483648}
--------------
Metrics:
DNS lookup:           0 ms
TCP connection:       0 ms
TLS handshake:        0 ms
Server processing: 10079 ms
Content transfer:     0 ms

Name Lookup:       0 ms
Connect:           0 ms
Pre Transfer:      0 ms
Start Transfer: 10079 ms
Total:          10079 ms

</msg>
<arg>${HTTPSTAT_RESPONSE_CONTENTS}</arg>
<doc>Logs the given message with the given level.</doc>
<status status="PASS" start="2024-05-02T21:19:06.751982" elapsed="0.000221"/>
</kw>
<kw name="Should Not Contain Any" owner="BuiltIn">
<arg>${HTTPSTAT_RESPONSE_CONTENTS}</arg>
<arg>ERROR</arg>
<arg>error</arg>
<arg>errors</arg>
<arg>Not Allowed</arg>
<arg>no method</arg>
<arg>NO_METHOD_MATCHED_ERROR</arg>
<doc>Fails if ``container`` contains one or more of the ``*items``.</doc>
<status status="PASS" start="2024-05-02T21:19:06.752325" elapsed="0.000159"/>
</kw>
<status status="PASS" start="2024-05-02T21:19:06.749830" elapsed="0.002744"/>
</kw>
<arg>${GRAPHWALKER_PATH_KEYWORD}</arg>
<doc>Executes the given keyword with the given arguments.</doc>
<status status="PASS" start="2024-05-02T21:19:06.749349" elapsed="0.003280"/>
</kw>
<var name="${GRAPHWALKER_PATH_KEYWORD}">check_api_response_log_files</var>
<status status="PASS" start="2024-05-02T21:19:06.749190" elapsed="0.003482"/>
</iter>
<iter>
<kw name="Run Keyword" owner="BuiltIn">
<kw name="send_post_request_to_user_endpoint">
<kw name="Run HTTPStat POST Request">
<kw name="Remove File" owner="OperatingSystem">
<msg time="2024-05-02T21:19:06.754486" level="INFO" html="true">Removed file '&lt;a href="file:///tests/resources/httpstat-graphwalker-response-output.log"&gt;/tests/resources/httpstat-graphwalker-response-output.log&lt;/a&gt;'.</msg>
<arg>${EXECDIR}/resources/httpstat-graphwalker-response-output.log</arg>
<doc>Removes a file with the given path.</doc>
<status status="PASS" start="2024-05-02T21:19:06.753768" elapsed="0.000816"/>
</kw>
<kw name="Run Keyword And Ignore Error" owner="BuiltIn">
<kw name="Run" owner="OperatingSystem">
<msg time="2024-05-02T21:19:06.756074" level="INFO">Running command 'go run httpstat-test-runner.go -url "http://0.0.0.0:8080/user" -method "POST" -body '{"id": 1, "username": "user1", "firstName": "John", "lastName": "Doe", "email": "john.doe@example.com", "password": "123456", "phone": "1234567890", "userStatus": 1}' &gt; /tests/resources/httpstat-graphwalker-response-output.log'.</msg>
<arg>go run httpstat-test-runner.go -url "${TARGET_URL}" -method "${REQUEST_METHOD}" -body ${REQUEST_BODY} &gt; ${EXECDIR}/resources/httpstat-graphwalker-response-output.log</arg>
<doc>Runs the given command in the system and returns the output.</doc>
<status status="PASS" start="2024-05-02T21:19:06.755097" elapsed="10.332436"/>
</kw>
<arg>Run</arg>
<arg>go run httpstat-test-runner.go -url "${TARGET_URL}" -method "${REQUEST_METHOD}" -body ${REQUEST_BODY} &gt; ${EXECDIR}/resources/httpstat-graphwalker-response-output.log</arg>
<doc>Runs the given keyword with the given arguments and ignores possible error.</doc>
<status status="PASS" start="2024-05-02T21:19:06.754891" elapsed="10.332971"/>
</kw>
<arg>http://0.0.0.0:8080/user</arg>
<arg>POST</arg>
<arg>'{"id": 1, "username": "user1", "firstName": "John", "lastName": "Doe", "email": "john.doe@example.com", "password": "123456", "phone": "1234567890", "userStatus": 1}'</arg>
<status status="PASS" start="2024-05-02T21:19:06.753511" elapsed="10.334511"/>
</kw>
<status status="PASS" start="2024-05-02T21:19:06.753270" elapsed="10.334849"/>
</kw>
<arg>${GRAPHWALKER_PATH_KEYWORD}</arg>
<doc>Executes the given keyword with the given arguments.</doc>
<status status="PASS" start="2024-05-02T21:19:06.752906" elapsed="10.335289"/>
</kw>
<var name="${GRAPHWALKER_PATH_KEYWORD}">send_post_request_to_user_endpoint</var>
<status status="PASS" start="2024-05-02T21:19:06.752803" elapsed="10.336506"/>
</iter>
<iter>
<kw name="Run Keyword" owner="BuiltIn">
<kw name="check_server_log_files">
<kw name="Get File" owner="OperatingSystem">
<msg time="2024-05-02T21:19:17.090854" level="INFO" html="true">Getting file '&lt;a href="file:///tests/resources/api-application.log"&gt;/tests/resources/api-application.log&lt;/a&gt;'.</msg>
<msg time="2024-05-02T21:19:17.092433" level="INFO">${API_SERVER_LOG_CONTENTS} = [9:18:24 PM] › [CLI] …  awaiting  Starting Prism…
[9:18:24 PM] › [CLI] ✖  fatal     
prism mock &lt;document&gt;

Start a mock server with the given document file

Positionals:
  document  Path to a documen...</msg>
<var>${API_SERVER_LOG_CONTENTS}</var>
<arg>${EXECDIR}/resources/api-application.log</arg>
<doc>Returns the contents of a specified file.</doc>
<status status="PASS" start="2024-05-02T21:19:17.090651" elapsed="0.001843"/>
</kw>
<kw name="Log" owner="BuiltIn">
<msg time="2024-05-02T21:19:17.092906" level="INFO">[9:18:24 PM] › [CLI] …  awaiting  Starting Prism…
[9:18:24 PM] › [CLI] ✖  fatal     
prism mock &lt;document&gt;

Start a mock server with the given document file

Positionals:
  document  Path to a document file. Can be both a file or a fetchable resource on the web.  [string] [required]

Options:
      --version                           Show version number  [boolean]
      --help                              Show help  [boolean]
  -p, --port                              Port that Prism will run on.  [number] [required] [default: 4010]
  -h, --host                              Host that Prism will listen to.  [string] [required] [default: "127.0.0.1"]
      --cors                              Enables CORS headers.  [boolean] [default: true]
  -m, --multiprocess                      Forks the http server from the CLI for faster log processing.  [boolean] [default: false]
      --errors                            Specifies whether request/response violations marked as errors will produce an error response  [boolean] [required] [default: false]
  -v, --verboseLevel                      Turns on verbose logging.  [required] [choices: "trace", "debug", "info", "warn", "error", "fatal", "silent"] [default: "info"]
  -d, --dynamic                           Dynamically generate examples.  [boolean] [default: false]
      --json-schema-faker-fillProperties  Generate additional properties when using dynamic generation.  [boolean]
      --ignoreExamples                    Tell Prism to treat the spec as though it has no examples. When in static mode,
                                                                  returns an example that has not been generated using json-schema-faker, but was
                                                                  created by Prism. When in dynamic mode, this flag is ignored, since in dynamic mode,
                                                                  examples are not consulted and json-schema-faker is used to generate a response based
                                                                  on the schema defined in the spec  [boolean] [default: false]

listen EADDRINUSE: address already in use 0.0.0.0:4010
</msg>
<arg>${API_SERVER_LOG_CONTENTS}</arg>
<doc>Logs the given message with the given level.</doc>
<status status="PASS" start="2024-05-02T21:19:17.092711" elapsed="0.000293"/>
</kw>
<kw name="Should Not Contain Any" owner="BuiltIn">
<arg>${API_SERVER_LOG_CONTENTS}</arg>
<arg>UnhandledPromiseRejectionWarning</arg>
<arg>Unhandled</arg>
<arg>ERR_INVALID_CHAR</arg>
<arg>rejection</arg>
<arg>exception</arg>
<doc>Fails if ``container`` contains one or more of the ``*items``.</doc>
<status status="PASS" start="2024-05-02T21:19:17.093136" elapsed="0.000164"/>
</kw>
<status status="PASS" start="2024-05-02T21:19:17.090231" elapsed="0.003193"/>
</kw>
<arg>${GRAPHWALKER_PATH_KEYWORD}</arg>
<doc>Executes the given keyword with the given arguments.</doc>
<status status="PASS" start="2024-05-02T21:19:17.089775" elapsed="0.003964"/>
</kw>
<var name="${GRAPHWALKER_PATH_KEYWORD}">check_server_log_files</var>
<status status="PASS" start="2024-05-02T21:19:17.089579" elapsed="0.004303"/>
</iter>
<iter>
<kw name="Run Keyword" owner="BuiltIn">
<kw name="send_get_request_to_pets_endpoint">
<kw name="Run HTTPStat GET Request">
<kw name="Remove File" owner="OperatingSystem">
<msg time="2024-05-02T21:19:17.096167" level="INFO" html="true">Removed file '&lt;a href="file:///tests/resources/httpstat-graphwalker-response-output.log"&gt;/tests/resources/httpstat-graphwalker-response-output.log&lt;/a&gt;'.</msg>
<arg>${EXECDIR}/resources/httpstat-graphwalker-response-output.log</arg>
<doc>Removes a file with the given path.</doc>
<status status="PASS" start="2024-05-02T21:19:17.095244" elapsed="0.001089"/>
</kw>
<kw name="Run Keyword And Ignore Error" owner="BuiltIn">
<kw name="Run" owner="OperatingSystem">
<msg time="2024-05-02T21:19:17.097862" level="INFO">Running command 'go run httpstat-test-runner.go -url "http://0.0.0.0:8080/no_auth/pets/findByStatus?status=available" -method "GET" &gt; /tests/resources/httpstat-graphwalker-response-output.log'.</msg>
<arg>go run httpstat-test-runner.go -url "${TARGET_URL}" -method "${REQUEST_METHOD}" &gt; ${EXECDIR}/resources/httpstat-graphwalker-response-output.log</arg>
<doc>Runs the given command in the system and returns the output.</doc>
<status status="PASS" start="2024-05-02T21:19:17.096725" elapsed="10.324895"/>
</kw>
<arg>Run</arg>
<arg>go run httpstat-test-runner.go -url "${TARGET_URL}" -method "${REQUEST_METHOD}" &gt; ${EXECDIR}/resources/httpstat-graphwalker-response-output.log</arg>
<doc>Runs the given keyword with the given arguments and ignores possible error.</doc>
<status status="PASS" start="2024-05-02T21:19:17.096529" elapsed="10.325328"/>
</kw>
<arg>http://0.0.0.0:8080/no_auth/pets/findByStatus?status=available</arg>
<arg>GET</arg>
<status status="PASS" start="2024-05-02T21:19:17.094962" elapsed="10.327034"/>
</kw>
<status status="PASS" start="2024-05-02T21:19:17.094693" elapsed="10.327372"/>
</kw>
<arg>${GRAPHWALKER_PATH_KEYWORD}</arg>
<doc>Executes the given keyword with the given arguments.</doc>
<status status="PASS" start="2024-05-02T21:19:17.094269" elapsed="10.327853"/>
</kw>
<var name="${GRAPHWALKER_PATH_KEYWORD}">send_get_request_to_pets_endpoint</var>
<status status="PASS" start="2024-05-02T21:19:17.094108" elapsed="10.328060"/>
</iter>
<iter>
<kw name="Run Keyword" owner="BuiltIn">
<kw name="check_api_response_log_files">
<kw name="Get File" owner="OperatingSystem">
<msg time="2024-05-02T21:19:27.423412" level="INFO" html="true">Getting file '&lt;a href="file:///tests/resources/httpstat-graphwalker-response-output.log"&gt;/tests/resources/httpstat-graphwalker-response-output.log&lt;/a&gt;'.</msg>
<msg time="2024-05-02T21:19:27.424800" level="INFO">${HTTPSTAT_RESPONSE_CONTENTS} = --------------
URL: http://0.0.0.0:8080/no_auth/pets/findByStatus?status=available
Method: GET
Status Code: 200
--------------
Response Body:
[{"id":-9007199254740991,"category":{"id":-900719925474099...</msg>
<var>${HTTPSTAT_RESPONSE_CONTENTS}</var>
<arg>${EXECDIR}/resources/httpstat-graphwalker-response-output.log</arg>
<doc>Returns the contents of a specified file.</doc>
<status status="PASS" start="2024-05-02T21:19:27.423249" elapsed="0.001609"/>
</kw>
<kw name="Log" owner="BuiltIn">
<msg time="2024-05-02T21:19:27.425233" level="INFO">--------------
URL: http://0.0.0.0:8080/no_auth/pets/findByStatus?status=available
Method: GET
Status Code: 200
--------------
Response Body:
[{"id":-9007199254740991,"category":{"id":-9007199254740991,"name":"string"},"name":"doggie","photoUrls":["string"],"tags":[{"id":-9007199254740991,"name":"string"}],"status":"available"}]
--------------
Metrics:
DNS lookup:           0 ms
TCP connection:       0 ms
TLS handshake:        0 ms
Server processing: 10020 ms
Content transfer:     0 ms

Name Lookup:       0 ms
Connect:           0 ms
Pre Transfer:      0 ms
Start Transfer: 10020 ms
Total:          10020 ms

</msg>
<arg>${HTTPSTAT_RESPONSE_CONTENTS}</arg>
<doc>Logs the given message with the given level.</doc>
<status status="PASS" start="2024-05-02T21:19:27.425059" elapsed="0.000786"/>
</kw>
<kw name="Should Not Contain Any" owner="BuiltIn">
<arg>${HTTPSTAT_RESPONSE_CONTENTS}</arg>
<arg>ERROR</arg>
<arg>error</arg>
<arg>errors</arg>
<arg>Not Allowed</arg>
<arg>no method</arg>
<arg>NO_METHOD_MATCHED_ERROR</arg>
<doc>Fails if ``container`` contains one or more of the ``*items``.</doc>
<status status="PASS" start="2024-05-02T21:19:27.426026" elapsed="0.000196"/>
</kw>
<status status="PASS" start="2024-05-02T21:19:27.422980" elapsed="0.003343"/>
</kw>
<arg>${GRAPHWALKER_PATH_KEYWORD}</arg>
<doc>Executes the given keyword with the given arguments.</doc>
<status status="PASS" start="2024-05-02T21:19:27.422516" elapsed="0.003864"/>
</kw>
<var name="${GRAPHWALKER_PATH_KEYWORD}">check_api_response_log_files</var>
<status status="PASS" start="2024-05-02T21:19:27.422349" elapsed="0.004075"/>
</iter>
<iter>
<kw name="Run Keyword" owner="BuiltIn">
<kw name="send_post_request_to_user_endpoint">
<kw name="Run HTTPStat POST Request">
<kw name="Remove File" owner="OperatingSystem">
<msg time="2024-05-02T21:19:27.428311" level="INFO" html="true">Removed file '&lt;a href="file:///tests/resources/httpstat-graphwalker-response-output.log"&gt;/tests/resources/httpstat-graphwalker-response-output.log&lt;/a&gt;'.</msg>
<arg>${EXECDIR}/resources/httpstat-graphwalker-response-output.log</arg>
<doc>Removes a file with the given path.</doc>
<status status="PASS" start="2024-05-02T21:19:27.427655" elapsed="0.000777"/>
</kw>
<kw name="Run Keyword And Ignore Error" owner="BuiltIn">
<kw name="Run" owner="OperatingSystem">
<msg time="2024-05-02T21:19:27.430891" level="INFO">Running command 'go run httpstat-test-runner.go -url "http://0.0.0.0:8080/user" -method "POST" -body '{"id": 1, "username": "user1", "firstName": "John", "lastName": "Doe", "email": "john.doe@example.com", "password": "123456", "phone": "1234567890", "userStatus": 1}' &gt; /tests/resources/httpstat-graphwalker-response-output.log'.</msg>
<arg>go run httpstat-test-runner.go -url "${TARGET_URL}" -method "${REQUEST_METHOD}" -body ${REQUEST_BODY} &gt; ${EXECDIR}/resources/httpstat-graphwalker-response-output.log</arg>
<doc>Runs the given command in the system and returns the output.</doc>
<status status="PASS" start="2024-05-02T21:19:27.428856" elapsed="10.312076"/>
</kw>
<arg>Run</arg>
<arg>go run httpstat-test-runner.go -url "${TARGET_URL}" -method "${REQUEST_METHOD}" -body ${REQUEST_BODY} &gt; ${EXECDIR}/resources/httpstat-graphwalker-response-output.log</arg>
<doc>Runs the given keyword with the given arguments and ignores possible error.</doc>
<status status="PASS" start="2024-05-02T21:19:27.428675" elapsed="10.312418"/>
</kw>
<arg>http://0.0.0.0:8080/user</arg>
<arg>POST</arg>
<arg>'{"id": 1, "username": "user1", "firstName": "John", "lastName": "Doe", "email": "john.doe@example.com", "password": "123456", "phone": "1234567890", "userStatus": 1}'</arg>
<status status="PASS" start="2024-05-02T21:19:27.427351" elapsed="10.313853"/>
</kw>
<status status="PASS" start="2024-05-02T21:19:27.427096" elapsed="10.314192"/>
</kw>
<arg>${GRAPHWALKER_PATH_KEYWORD}</arg>
<doc>Executes the given keyword with the given arguments.</doc>
<status status="PASS" start="2024-05-02T21:19:27.426782" elapsed="10.314568"/>
</kw>
<var name="${GRAPHWALKER_PATH_KEYWORD}">send_post_request_to_user_endpoint</var>
<status status="PASS" start="2024-05-02T21:19:27.426650" elapsed="10.314750"/>
</iter>
<iter>
<kw name="Run Keyword" owner="BuiltIn">
<kw name="check_server_log_files">
<kw name="Get File" owner="OperatingSystem">
<msg time="2024-05-02T21:19:37.742672" level="INFO" html="true">Getting file '&lt;a href="file:///tests/resources/api-application.log"&gt;/tests/resources/api-application.log&lt;/a&gt;'.</msg>
<msg time="2024-05-02T21:19:37.743637" level="INFO">${API_SERVER_LOG_CONTENTS} = [9:18:24 PM] › [CLI] …  awaiting  Starting Prism…
[9:18:24 PM] › [CLI] ✖  fatal     
prism mock &lt;document&gt;

Start a mock server with the given document file

Positionals:
  document  Path to a documen...</msg>
<var>${API_SERVER_LOG_CONTENTS}</var>
<arg>${EXECDIR}/resources/api-application.log</arg>
<doc>Returns the contents of a specified file.</doc>
<status status="PASS" start="2024-05-02T21:19:37.742510" elapsed="0.001170"/>
</kw>
<kw name="Log" owner="BuiltIn">
<msg time="2024-05-02T21:19:37.743990" level="INFO">[9:18:24 PM] › [CLI] …  awaiting  Starting Prism…
[9:18:24 PM] › [CLI] ✖  fatal     
prism mock &lt;document&gt;

Start a mock server with the given document file

Positionals:
  document  Path to a document file. Can be both a file or a fetchable resource on the web.  [string] [required]

Options:
      --version                           Show version number  [boolean]
      --help                              Show help  [boolean]
  -p, --port                              Port that Prism will run on.  [number] [required] [default: 4010]
  -h, --host                              Host that Prism will listen to.  [string] [required] [default: "127.0.0.1"]
      --cors                              Enables CORS headers.  [boolean] [default: true]
  -m, --multiprocess                      Forks the http server from the CLI for faster log processing.  [boolean] [default: false]
      --errors                            Specifies whether request/response violations marked as errors will produce an error response  [boolean] [required] [default: false]
  -v, --verboseLevel                      Turns on verbose logging.  [required] [choices: "trace", "debug", "info", "warn", "error", "fatal", "silent"] [default: "info"]
  -d, --dynamic                           Dynamically generate examples.  [boolean] [default: false]
      --json-schema-faker-fillProperties  Generate additional properties when using dynamic generation.  [boolean]
      --ignoreExamples                    Tell Prism to treat the spec as though it has no examples. When in static mode,
                                                                  returns an example that has not been generated using json-schema-faker, but was
                                                                  created by Prism. When in dynamic mode, this flag is ignored, since in dynamic mode,
                                                                  examples are not consulted and json-schema-faker is used to generate a response based
                                                                  on the schema defined in the spec  [boolean] [default: false]

listen EADDRINUSE: address already in use 0.0.0.0:4010
</msg>
<arg>${API_SERVER_LOG_CONTENTS}</arg>
<doc>Logs the given message with the given level.</doc>
<status status="PASS" start="2024-05-02T21:19:37.743837" elapsed="0.000256"/>
</kw>
<kw name="Should Not Contain Any" owner="BuiltIn">
<arg>${API_SERVER_LOG_CONTENTS}</arg>
<arg>UnhandledPromiseRejectionWarning</arg>
<arg>Unhandled</arg>
<arg>ERR_INVALID_CHAR</arg>
<arg>rejection</arg>
<arg>exception</arg>
<doc>Fails if ``container`` contains one or more of the ``*items``.</doc>
<status status="PASS" start="2024-05-02T21:19:37.744220" elapsed="0.000158"/>
</kw>
<status status="PASS" start="2024-05-02T21:19:37.742222" elapsed="0.002240"/>
</kw>
<arg>${GRAPHWALKER_PATH_KEYWORD}</arg>
<doc>Executes the given keyword with the given arguments.</doc>
<status status="PASS" start="2024-05-02T21:19:37.741865" elapsed="0.002651"/>
</kw>
<var name="${GRAPHWALKER_PATH_KEYWORD}">check_server_log_files</var>
<status status="PASS" start="2024-05-02T21:19:37.741671" elapsed="0.002887"/>
</iter>
<iter>
<kw name="Run Keyword" owner="BuiltIn">
<kw name="send_post_request_to_order_endpoint_with_fuzzed_data">
<kw name="Run Keyword And Ignore Error" owner="BuiltIn">
<kw name="Run" owner="OperatingSystem">
<msg time="2024-05-02T21:19:37.746891" level="INFO">Running command 'echo '{"id": 9, "petId": 9, "quantity": 1, "shipDate": "2021-07-29T00:00:00.000Z", "status": "placed", "complete": true}' | radamsa &gt; /tests/resources/mutational-fuzz-data-order-test.dat'.</msg>
<arg>echo '{"id": 9, "petId": 9, "quantity": 1, "shipDate": "2021-07-29T00:00:00.000Z", "status": "placed", "complete": true}' | radamsa &gt; ${EXECDIR}/resources/mutational-fuzz-data-order-test.dat</arg>
<doc>Runs the given command in the system and returns the output.</doc>
<status status="PASS" start="2024-05-02T21:19:37.746229" elapsed="0.011198"/>
</kw>
<arg>Run</arg>
<arg>echo '{"id": 9, "petId": 9, "quantity": 1, "shipDate": "2021-07-29T00:00:00.000Z", "status": "placed", "complete": true}' | radamsa &gt; ${EXECDIR}/resources/mutational-fuzz-data-order-test.dat</arg>
<doc>Runs the given keyword with the given arguments and ignores possible error.</doc>
<status status="PASS" start="2024-05-02T21:19:37.746083" elapsed="0.011483"/>
</kw>
<kw name="Run Keyword And Ignore Error" owner="BuiltIn">
<kw name="Run" owner="OperatingSystem">
<msg time="2024-05-02T21:19:37.758960" level="INFO">Running command 'httpstat -o /tests/resources/httpstat-response-mutational-fuzz-data-order-output.json -X POST -H 'Content-Type: application/json' -d @/tests/resources/mutational-fuzz-data-order-test.dat http://0.0.0.0:8080/store/order 2&gt;&amp;1'.</msg>
<arg>httpstat -o ${EXECDIR}/resources/httpstat-response-mutational-fuzz-data-order-output.json -X POST -H 'Content-Type: application/json' -d @${EXECDIR}/resources/mutational-fuzz-data-order-test.dat http://0.0.0.0:8080/store/order</arg>
<doc>Runs the given command in the system and returns the output.</doc>
<status status="PASS" start="2024-05-02T21:19:37.758036" elapsed="10.013837"/>
</kw>
<arg>Run</arg>
<arg>httpstat -o ${EXECDIR}/resources/httpstat-response-mutational-fuzz-data-order-output.json -X POST -H 'Content-Type: application/json' -d @${EXECDIR}/resources/mutational-fuzz-data-order-test.dat http://0.0.0.0:8080/store/order</arg>
<doc>Runs the given keyword with the given arguments and ignores possible error.</doc>
<status status="PASS" start="2024-05-02T21:19:37.757827" elapsed="10.014217"/>
</kw>
<kw name="Run Keyword And Ignore Error" owner="BuiltIn">
<kw name="Run" owner="OperatingSystem">
<msg time="2024-05-02T21:19:47.773734" level="INFO">Running command 'TIMESTAMP=$(date); echo "======== :: Fuzz Test Data Tracker for mutational-fuzz-data-order-test.dat -- Logged this on.... $TIMESTAMP :: ========" &gt;&gt; /tests/results/mutational-fuzz-data-targeted-at-order-endpoint.log'.</msg>
<arg>TIMESTAMP=$(date); echo "======== :: Fuzz Test Data Tracker for mutational-fuzz-data-order-test.dat -- Logged this on.... $TIMESTAMP :: ========" &gt;&gt; ${EXECDIR}/results/mutational-fuzz-data-targeted-at-order-endpoint.log</arg>
<doc>Runs the given command in the system and returns the output.</doc>
<status status="PASS" start="2024-05-02T21:19:47.772682" elapsed="0.006354"/>
</kw>
<arg>Run</arg>
<arg>TIMESTAMP=$(date); echo "======== :: Fuzz Test Data Tracker for mutational-fuzz-data-order-test.dat -- Logged this on.... $TIMESTAMP :: ========" &gt;&gt; ${EXECDIR}/results/mutational-fuzz-data-targeted-at-order-endpoint.log</arg>
<doc>Runs the given keyword with the given arguments and ignores possible error.</doc>
<status status="PASS" start="2024-05-02T21:19:47.772411" elapsed="0.006826"/>
</kw>
<kw name="Run Keyword And Ignore Error" owner="BuiltIn">
<kw name="Run" owner="OperatingSystem">
<msg time="2024-05-02T21:19:47.781182" level="INFO">Running command 'echo " " &gt;&gt; /tests/results/mutational-fuzz-data-targeted-at-order-endpoint.log'.</msg>
<arg>echo " " &gt;&gt; ${EXECDIR}/results/mutational-fuzz-data-targeted-at-order-endpoint.log</arg>
<doc>Runs the given command in the system and returns the output.</doc>
<status status="PASS" start="2024-05-02T21:19:47.779931" elapsed="0.003280"/>
</kw>
<arg>Run</arg>
<arg>echo " " &gt;&gt; ${EXECDIR}/results/mutational-fuzz-data-targeted-at-order-endpoint.log</arg>
<doc>Runs the given keyword with the given arguments and ignores possible error.</doc>
<status status="PASS" start="2024-05-02T21:19:47.779513" elapsed="0.003828"/>
</kw>
<kw name="Run Keyword And Ignore Error" owner="BuiltIn">
<kw name="Run" owner="OperatingSystem">
<msg time="2024-05-02T21:19:47.784681" level="INFO">Running command 'cat /tests/resources/mutational-fuzz-data-order-test.dat &gt;&gt; /tests/results/mutational-fuzz-data-targeted-at-order-endpoint.log'.</msg>
<arg>cat ${EXECDIR}/resources/mutational-fuzz-data-order-test.dat &gt;&gt; ${EXECDIR}/results/mutational-fuzz-data-targeted-at-order-endpoint.log</arg>
<doc>Runs the given command in the system and returns the output.</doc>
<status status="PASS" start="2024-05-02T21:19:47.783775" elapsed="0.004559"/>
</kw>
<arg>Run</arg>
<arg>cat ${EXECDIR}/resources/mutational-fuzz-data-order-test.dat &gt;&gt; ${EXECDIR}/results/mutational-fuzz-data-targeted-at-order-endpoint.log</arg>
<doc>Runs the given keyword with the given arguments and ignores possible error.</doc>
<status status="PASS" start="2024-05-02T21:19:47.783555" elapsed="0.004908"/>
</kw>
<kw name="Run Keyword And Ignore Error" owner="BuiltIn">
<kw name="Run" owner="OperatingSystem">
<msg time="2024-05-02T21:19:47.789531" level="INFO">Running command 'echo " " &gt;&gt; /tests/results/mutational-fuzz-data-targeted-at-order-endpoint.log'.</msg>
<arg>echo " " &gt;&gt; ${EXECDIR}/results/mutational-fuzz-data-targeted-at-order-endpoint.log</arg>
<doc>Runs the given command in the system and returns the output.</doc>
<status status="PASS" start="2024-05-02T21:19:47.788867" elapsed="0.002675"/>
</kw>
<arg>Run</arg>
<arg>echo " " &gt;&gt; ${EXECDIR}/results/mutational-fuzz-data-targeted-at-order-endpoint.log</arg>
<doc>Runs the given keyword with the given arguments and ignores possible error.</doc>
<status status="PASS" start="2024-05-02T21:19:47.788665" elapsed="0.003038"/>
</kw>
<status status="PASS" start="2024-05-02T21:19:37.745846" elapsed="10.045956"/>
</kw>
<arg>${GRAPHWALKER_PATH_KEYWORD}</arg>
<doc>Executes the given keyword with the given arguments.</doc>
<status status="PASS" start="2024-05-02T21:19:37.745516" elapsed="10.046348"/>
</kw>
<var name="${GRAPHWALKER_PATH_KEYWORD}">send_post_request_to_order_endpoint_with_fuzzed_data</var>
<status status="PASS" start="2024-05-02T21:19:37.745378" elapsed="10.046532"/>
</iter>
<iter>
<kw name="Run Keyword" owner="BuiltIn">
<kw name="check_server_log_files">
<kw name="Get File" owner="OperatingSystem">
<msg time="2024-05-02T21:19:47.792978" level="INFO" html="true">Getting file '&lt;a href="file:///tests/resources/api-application.log"&gt;/tests/resources/api-application.log&lt;/a&gt;'.</msg>
<msg time="2024-05-02T21:19:47.793781" level="INFO">${API_SERVER_LOG_CONTENTS} = [9:18:24 PM] › [CLI] …  awaiting  Starting Prism…
[9:18:24 PM] › [CLI] ✖  fatal     
prism mock &lt;document&gt;

Start a mock server with the given document file

Positionals:
  document  Path to a documen...</msg>
<var>${API_SERVER_LOG_CONTENTS}</var>
<arg>${EXECDIR}/resources/api-application.log</arg>
<doc>Returns the contents of a specified file.</doc>
<status status="PASS" start="2024-05-02T21:19:47.792828" elapsed="0.001000"/>
</kw>
<kw name="Log" owner="BuiltIn">
<msg time="2024-05-02T21:19:47.794198" level="INFO">[9:18:24 PM] › [CLI] …  awaiting  Starting Prism…
[9:18:24 PM] › [CLI] ✖  fatal     
prism mock &lt;document&gt;

Start a mock server with the given document file

Positionals:
  document  Path to a document file. Can be both a file or a fetchable resource on the web.  [string] [required]

Options:
      --version                           Show version number  [boolean]
      --help                              Show help  [boolean]
  -p, --port                              Port that Prism will run on.  [number] [required] [default: 4010]
  -h, --host                              Host that Prism will listen to.  [string] [required] [default: "127.0.0.1"]
      --cors                              Enables CORS headers.  [boolean] [default: true]
  -m, --multiprocess                      Forks the http server from the CLI for faster log processing.  [boolean] [default: false]
      --errors                            Specifies whether request/response violations marked as errors will produce an error response  [boolean] [required] [default: false]
  -v, --verboseLevel                      Turns on verbose logging.  [required] [choices: "trace", "debug", "info", "warn", "error", "fatal", "silent"] [default: "info"]
  -d, --dynamic                           Dynamically generate examples.  [boolean] [default: false]
      --json-schema-faker-fillProperties  Generate additional properties when using dynamic generation.  [boolean]
      --ignoreExamples                    Tell Prism to treat the spec as though it has no examples. When in static mode,
                                                                  returns an example that has not been generated using json-schema-faker, but was
                                                                  created by Prism. When in dynamic mode, this flag is ignored, since in dynamic mode,
                                                                  examples are not consulted and json-schema-faker is used to generate a response based
                                                                  on the schema defined in the spec  [boolean] [default: false]

listen EADDRINUSE: address already in use 0.0.0.0:4010
</msg>
<arg>${API_SERVER_LOG_CONTENTS}</arg>
<doc>Logs the given message with the given level.</doc>
<status status="PASS" start="2024-05-02T21:19:47.793993" elapsed="0.000840"/>
</kw>
<kw name="Should Not Contain Any" owner="BuiltIn">
<arg>${API_SERVER_LOG_CONTENTS}</arg>
<arg>UnhandledPromiseRejectionWarning</arg>
<arg>Unhandled</arg>
<arg>ERR_INVALID_CHAR</arg>
<arg>rejection</arg>
<arg>exception</arg>
<doc>Fails if ``container`` contains one or more of the ``*items``.</doc>
<status status="PASS" start="2024-05-02T21:19:47.795012" elapsed="0.000252"/>
</kw>
<status status="PASS" start="2024-05-02T21:19:47.792593" elapsed="0.002776"/>
</kw>
<arg>${GRAPHWALKER_PATH_KEYWORD}</arg>
<doc>Executes the given keyword with the given arguments.</doc>
<status status="PASS" start="2024-05-02T21:19:47.792254" elapsed="0.003173"/>
</kw>
<var name="${GRAPHWALKER_PATH_KEYWORD}">check_server_log_files</var>
<status status="PASS" start="2024-05-02T21:19:47.792069" elapsed="0.003404"/>
</iter>
<iter>
<kw name="Run Keyword" owner="BuiltIn">
<kw name="send_get_request_to_pets_endpoint">
<kw name="Run HTTPStat GET Request">
<kw name="Remove File" owner="OperatingSystem">
<msg time="2024-05-02T21:19:47.797525" level="INFO" html="true">Removed file '&lt;a href="file:///tests/resources/httpstat-graphwalker-response-output.log"&gt;/tests/resources/httpstat-graphwalker-response-output.log&lt;/a&gt;'.</msg>
<arg>${EXECDIR}/resources/httpstat-graphwalker-response-output.log</arg>
<doc>Removes a file with the given path.</doc>
<status status="PASS" start="2024-05-02T21:19:47.796685" elapsed="0.000958"/>
</kw>
<kw name="Run Keyword And Ignore Error" owner="BuiltIn">
<kw name="Run" owner="OperatingSystem">
<msg time="2024-05-02T21:19:47.798862" level="INFO">Running command 'go run httpstat-test-runner.go -url "http://0.0.0.0:8080/no_auth/pets/findByStatus?status=available" -method "GET" &gt; /tests/resources/httpstat-graphwalker-response-output.log'.</msg>
<arg>go run httpstat-test-runner.go -url "${TARGET_URL}" -method "${REQUEST_METHOD}" &gt; ${EXECDIR}/resources/httpstat-graphwalker-response-output.log</arg>
<doc>Runs the given command in the system and returns the output.</doc>
<status status="PASS" start="2024-05-02T21:19:47.798104" elapsed="10.325395"/>
</kw>
<arg>Run</arg>
<arg>go run httpstat-test-runner.go -url "${TARGET_URL}" -method "${REQUEST_METHOD}" &gt; ${EXECDIR}/resources/httpstat-graphwalker-response-output.log</arg>
<doc>Runs the given keyword with the given arguments and ignores possible error.</doc>
<status status="PASS" start="2024-05-02T21:19:47.797869" elapsed="10.325792"/>
</kw>
<arg>http://0.0.0.0:8080/no_auth/pets/findByStatus?status=available</arg>
<arg>GET</arg>
<status status="PASS" start="2024-05-02T21:19:47.796359" elapsed="10.327423"/>
</kw>
<status status="PASS" start="2024-05-02T21:19:47.796059" elapsed="10.327844"/>
</kw>
<arg>${GRAPHWALKER_PATH_KEYWORD}</arg>
<doc>Executes the given keyword with the given arguments.</doc>
<status status="PASS" start="2024-05-02T21:19:47.795738" elapsed="10.328232"/>
</kw>
<var name="${GRAPHWALKER_PATH_KEYWORD}">send_get_request_to_pets_endpoint</var>
<status status="PASS" start="2024-05-02T21:19:47.795609" elapsed="10.328412"/>
</iter>
<iter>
<kw name="Run Keyword" owner="BuiltIn">
<kw name="check_api_response_log_files">
<kw name="Get File" owner="OperatingSystem">
<msg time="2024-05-02T21:19:58.125236" level="INFO" html="true">Getting file '&lt;a href="file:///tests/resources/httpstat-graphwalker-response-output.log"&gt;/tests/resources/httpstat-graphwalker-response-output.log&lt;/a&gt;'.</msg>
<msg time="2024-05-02T21:19:58.126671" level="INFO">${HTTPSTAT_RESPONSE_CONTENTS} = --------------
URL: http://0.0.0.0:8080/no_auth/pets/findByStatus?status=available
Method: GET
Status Code: 200
--------------
Response Body:
[{"id":-9007199254740991,"category":{"id":-900719925474099...</msg>
<var>${HTTPSTAT_RESPONSE_CONTENTS}</var>
<arg>${EXECDIR}/resources/httpstat-graphwalker-response-output.log</arg>
<doc>Returns the contents of a specified file.</doc>
<status status="PASS" start="2024-05-02T21:19:58.125070" elapsed="0.001646"/>
</kw>
<kw name="Log" owner="BuiltIn">
<msg time="2024-05-02T21:19:58.127070" level="INFO">--------------
URL: http://0.0.0.0:8080/no_auth/pets/findByStatus?status=available
Method: GET
Status Code: 200
--------------
Response Body:
[{"id":-9007199254740991,"category":{"id":-9007199254740991,"name":"string"},"name":"doggie","photoUrls":["string"],"tags":[{"id":-9007199254740991,"name":"string"}],"status":"available"}]
--------------
Metrics:
DNS lookup:           0 ms
TCP connection:       0 ms
TLS handshake:        0 ms
Server processing: 10012 ms
Content transfer:     0 ms

Name Lookup:       0 ms
Connect:           0 ms
Pre Transfer:      0 ms
Start Transfer: 10012 ms
Total:          10012 ms

</msg>
<arg>${HTTPSTAT_RESPONSE_CONTENTS}</arg>
<doc>Logs the given message with the given level.</doc>
<status status="PASS" start="2024-05-02T21:19:58.126905" elapsed="0.000225"/>
</kw>
<kw name="Should Not Contain Any" owner="BuiltIn">
<arg>${HTTPSTAT_RESPONSE_CONTENTS}</arg>
<arg>ERROR</arg>
<arg>error</arg>
<arg>errors</arg>
<arg>Not Allowed</arg>
<arg>no method</arg>
<arg>NO_METHOD_MATCHED_ERROR</arg>
<doc>Fails if ``container`` contains one or more of the ``*items``.</doc>
<status status="PASS" start="2024-05-02T21:19:58.127355" elapsed="0.000180"/>
</kw>
<status status="PASS" start="2024-05-02T21:19:58.124810" elapsed="0.002824"/>
</kw>
<arg>${GRAPHWALKER_PATH_KEYWORD}</arg>
<doc>Executes the given keyword with the given arguments.</doc>
<status status="PASS" start="2024-05-02T21:19:58.124438" elapsed="0.003257"/>
</kw>
<var name="${GRAPHWALKER_PATH_KEYWORD}">check_api_response_log_files</var>
<status status="PASS" start="2024-05-02T21:19:58.124195" elapsed="0.003549"/>
</iter>
<iter>
<kw name="Run Keyword" owner="BuiltIn">
<kw name="send_post_request_to_order_endpoint">
<kw name="Run HTTPStat POST Request">
<kw name="Remove File" owner="OperatingSystem">
<msg time="2024-05-02T21:19:58.130222" level="INFO" html="true">Removed file '&lt;a href="file:///tests/resources/httpstat-graphwalker-response-output.log"&gt;/tests/resources/httpstat-graphwalker-response-output.log&lt;/a&gt;'.</msg>
<arg>${EXECDIR}/resources/httpstat-graphwalker-response-output.log</arg>
<doc>Removes a file with the given path.</doc>
<status status="PASS" start="2024-05-02T21:19:58.129649" elapsed="0.000655"/>
</kw>
<kw name="Run Keyword And Ignore Error" owner="BuiltIn">
<kw name="Run" owner="OperatingSystem">
<msg time="2024-05-02T21:19:58.131284" level="INFO">Running command 'go run httpstat-test-runner.go -url "http://0.0.0.0:8080/store/order" -method "POST" -body '{"id": 9, "petId": 9, "quantity": 1, "shipDate": "2021-07-29T00:00:00.000Z", "status": "placed", "complete": true}' &gt; /tests/resources/httpstat-graphwalker-response-output.log'.</msg>
<arg>go run httpstat-test-runner.go -url "${TARGET_URL}" -method "${REQUEST_METHOD}" -body ${REQUEST_BODY} &gt; ${EXECDIR}/resources/httpstat-graphwalker-response-output.log</arg>
<doc>Runs the given command in the system and returns the output.</doc>
<status status="PASS" start="2024-05-02T21:19:58.130620" elapsed="10.318096"/>
</kw>
<arg>Run</arg>
<arg>go run httpstat-test-runner.go -url "${TARGET_URL}" -method "${REQUEST_METHOD}" -body ${REQUEST_BODY} &gt; ${EXECDIR}/resources/httpstat-graphwalker-response-output.log</arg>
<doc>Runs the given keyword with the given arguments and ignores possible error.</doc>
<status status="PASS" start="2024-05-02T21:19:58.130455" elapsed="10.318410"/>
</kw>
<arg>http://0.0.0.0:8080/store/order</arg>
<arg>POST</arg>
<arg>'{"id": 9, "petId": 9, "quantity": 1, "shipDate": "2021-07-29T00:00:00.000Z", "status": "placed", "complete": true}'</arg>
<status status="PASS" start="2024-05-02T21:19:58.128592" elapsed="10.320384"/>
</kw>
<status status="PASS" start="2024-05-02T21:19:58.128327" elapsed="10.320735"/>
</kw>
<arg>${GRAPHWALKER_PATH_KEYWORD}</arg>
<doc>Executes the given keyword with the given arguments.</doc>
<status status="PASS" start="2024-05-02T21:19:58.127987" elapsed="10.321208"/>
</kw>
<var name="${GRAPHWALKER_PATH_KEYWORD}">send_post_request_to_order_endpoint</var>
<status status="PASS" start="2024-05-02T21:19:58.127873" elapsed="10.321382"/>
</iter>
<iter>
<kw name="Run Keyword" owner="BuiltIn">
<kw name="check_server_log_files">
<kw name="Get File" owner="OperatingSystem">
<msg time="2024-05-02T21:20:08.450612" level="INFO" html="true">Getting file '&lt;a href="file:///tests/resources/api-application.log"&gt;/tests/resources/api-application.log&lt;/a&gt;'.</msg>
<msg time="2024-05-02T21:20:08.451697" level="INFO">${API_SERVER_LOG_CONTENTS} = [9:18:24 PM] › [CLI] …  awaiting  Starting Prism…
[9:18:24 PM] › [CLI] ✖  fatal     
prism mock &lt;document&gt;

Start a mock server with the given document file

Positionals:
  document  Path to a documen...</msg>
<var>${API_SERVER_LOG_CONTENTS}</var>
<arg>${EXECDIR}/resources/api-application.log</arg>
<doc>Returns the contents of a specified file.</doc>
<status status="PASS" start="2024-05-02T21:20:08.450429" elapsed="0.001318"/>
</kw>
<kw name="Log" owner="BuiltIn">
<msg time="2024-05-02T21:20:08.452082" level="INFO">[9:18:24 PM] › [CLI] …  awaiting  Starting Prism…
[9:18:24 PM] › [CLI] ✖  fatal     
prism mock &lt;document&gt;

Start a mock server with the given document file

Positionals:
  document  Path to a document file. Can be both a file or a fetchable resource on the web.  [string] [required]

Options:
      --version                           Show version number  [boolean]
      --help                              Show help  [boolean]
  -p, --port                              Port that Prism will run on.  [number] [required] [default: 4010]
  -h, --host                              Host that Prism will listen to.  [string] [required] [default: "127.0.0.1"]
      --cors                              Enables CORS headers.  [boolean] [default: true]
  -m, --multiprocess                      Forks the http server from the CLI for faster log processing.  [boolean] [default: false]
      --errors                            Specifies whether request/response violations marked as errors will produce an error response  [boolean] [required] [default: false]
  -v, --verboseLevel                      Turns on verbose logging.  [required] [choices: "trace", "debug", "info", "warn", "error", "fatal", "silent"] [default: "info"]
  -d, --dynamic                           Dynamically generate examples.  [boolean] [default: false]
      --json-schema-faker-fillProperties  Generate additional properties when using dynamic generation.  [boolean]
      --ignoreExamples                    Tell Prism to treat the spec as though it has no examples. When in static mode,
                                                                  returns an example that has not been generated using json-schema-faker, but was
                                                                  created by Prism. When in dynamic mode, this flag is ignored, since in dynamic mode,
                                                                  examples are not consulted and json-schema-faker is used to generate a response based
                                                                  on the schema defined in the spec  [boolean] [default: false]

listen EADDRINUSE: address already in use 0.0.0.0:4010
</msg>
<arg>${API_SERVER_LOG_CONTENTS}</arg>
<doc>Logs the given message with the given level.</doc>
<status status="PASS" start="2024-05-02T21:20:08.451914" elapsed="0.000340"/>
</kw>
<kw name="Should Not Contain Any" owner="BuiltIn">
<arg>${API_SERVER_LOG_CONTENTS}</arg>
<arg>UnhandledPromiseRejectionWarning</arg>
<arg>Unhandled</arg>
<arg>ERR_INVALID_CHAR</arg>
<arg>rejection</arg>
<arg>exception</arg>
<doc>Fails if ``container`` contains one or more of the ``*items``.</doc>
<status status="PASS" start="2024-05-02T21:20:08.452395" elapsed="0.000260"/>
</kw>
<status status="PASS" start="2024-05-02T21:20:08.449958" elapsed="0.002857"/>
</kw>
<arg>${GRAPHWALKER_PATH_KEYWORD}</arg>
<doc>Executes the given keyword with the given arguments.</doc>
<status status="PASS" start="2024-05-02T21:20:08.449593" elapsed="0.003367"/>
</kw>
<var name="${GRAPHWALKER_PATH_KEYWORD}">check_server_log_files</var>
<status status="PASS" start="2024-05-02T21:20:08.449433" elapsed="0.003577"/>
</iter>
<iter>
<kw name="Run Keyword" owner="BuiltIn">
<kw name="send_post_request_to_user_endpoint_with_fuzzed_data">
<kw name="Run Keyword And Ignore Error" owner="BuiltIn">
<kw name="Run" owner="OperatingSystem">
<msg time="2024-05-02T21:20:08.454958" level="INFO">Running command 'echo '{"id": 1, "username": "user1", "firstName": "John", "lastName": "Doe", "email": "john.doe@example.com", "password": "123456", "phone": "1234567890", "userStatus": 1}' | radamsa &gt; /tests/resources/mutational-fuzz-data-user-test.dat'.</msg>
<arg>echo '{"id": 1, "username": "user1", "firstName": "John", "lastName": "Doe", "email": "john.doe@example.com", "password": "123456", "phone": "1234567890", "userStatus": 1}' | radamsa &gt; ${EXECDIR}/resources/mutational-fuzz-data-user-test.dat</arg>
<doc>Runs the given command in the system and returns the output.</doc>
<status status="PASS" start="2024-05-02T21:20:08.454132" elapsed="0.011614"/>
</kw>
<arg>Run</arg>
<arg>echo '{"id": 1, "username": "user1", "firstName": "John", "lastName": "Doe", "email": "john.doe@example.com", "password": "123456", "phone": "1234567890", "userStatus": 1}' | radamsa &gt; ${EXECDIR}/resources/mutational-fuzz-data-user-test.dat</arg>
<doc>Runs the given keyword with the given arguments and ignores possible error.</doc>
<status status="PASS" start="2024-05-02T21:20:08.453986" elapsed="0.011904"/>
</kw>
<kw name="Run Keyword And Ignore Error" owner="BuiltIn">
<kw name="Run" owner="OperatingSystem">
<msg time="2024-05-02T21:20:08.467678" level="INFO">Running command 'httpstat -o /tests/resources/httpstat-response-mutational-fuzz-data-user-output.json -X POST -H 'Content-Type: application/json' -d @/tests/resources/mutational-fuzz-data-user-test.dat http://0.0.0.0:8080/user 2&gt;&amp;1'.</msg>
<arg>httpstat -o ${EXECDIR}/resources/httpstat-response-mutational-fuzz-data-user-output.json -X POST -H 'Content-Type: application/json' -d @${EXECDIR}/resources/mutational-fuzz-data-user-test.dat http://0.0.0.0:8080/user</arg>
<doc>Runs the given command in the system and returns the output.</doc>
<status status="PASS" start="2024-05-02T21:20:08.466585" elapsed="10.020627"/>
</kw>
<arg>Run</arg>
<arg>httpstat -o ${EXECDIR}/resources/httpstat-response-mutational-fuzz-data-user-output.json -X POST -H 'Content-Type: application/json' -d @${EXECDIR}/resources/mutational-fuzz-data-user-test.dat http://0.0.0.0:8080/user</arg>
<doc>Runs the given keyword with the given arguments and ignores possible error.</doc>
<status status="PASS" start="2024-05-02T21:20:08.466250" elapsed="10.021274"/>
</kw>
<kw name="Run Keyword And Ignore Error" owner="BuiltIn">
<kw name="Run" owner="OperatingSystem">
<msg time="2024-05-02T21:20:18.489339" level="INFO">Running command 'TIMESTAMP=$(date); echo "======== :: Fuzz Test Data Tracker for mutational-fuzz-data-user-test.dat -- Logged this on... $TIMESTAMP :: ========" &gt;&gt; /tests/results/mutational-fuzz-data-targeted-at-user-endpoint.log'.</msg>
<arg>TIMESTAMP=$(date); echo "======== :: Fuzz Test Data Tracker for mutational-fuzz-data-user-test.dat -- Logged this on... $TIMESTAMP :: ========" &gt;&gt; ${EXECDIR}/results/mutational-fuzz-data-targeted-at-user-endpoint.log</arg>
<doc>Runs the given command in the system and returns the output.</doc>
<status status="PASS" start="2024-05-02T21:20:18.488161" elapsed="0.006324"/>
</kw>
<arg>Run</arg>
<arg>TIMESTAMP=$(date); echo "======== :: Fuzz Test Data Tracker for mutational-fuzz-data-user-test.dat -- Logged this on... $TIMESTAMP :: ========" &gt;&gt; ${EXECDIR}/results/mutational-fuzz-data-targeted-at-user-endpoint.log</arg>
<doc>Runs the given keyword with the given arguments and ignores possible error.</doc>
<status status="PASS" start="2024-05-02T21:20:18.487830" elapsed="0.006862"/>
</kw>
<kw name="Run Keyword And Ignore Error" owner="BuiltIn">
<kw name="Run" owner="OperatingSystem">
<msg time="2024-05-02T21:20:18.496541" level="INFO">Running command 'echo " " &gt;&gt; /tests/results/mutational-fuzz-data-targeted-at-user-endpoint.log'.</msg>
<arg>echo " " &gt;&gt; ${EXECDIR}/results/mutational-fuzz-data-targeted-at-user-endpoint.log</arg>
<doc>Runs the given command in the system and returns the output.</doc>
<status status="PASS" start="2024-05-02T21:20:18.495284" elapsed="0.003849"/>
</kw>
<arg>Run</arg>
<arg>echo " " &gt;&gt; ${EXECDIR}/results/mutational-fuzz-data-targeted-at-user-endpoint.log</arg>
<doc>Runs the given keyword with the given arguments and ignores possible error.</doc>
<status status="PASS" start="2024-05-02T21:20:18.495035" elapsed="0.004424"/>
</kw>
<kw name="Run Keyword And Ignore Error" owner="BuiltIn">
<kw name="Run" owner="OperatingSystem">
<msg time="2024-05-02T21:20:18.500858" level="INFO">Running command 'cat /tests/resources/mutational-fuzz-data-user-test.dat &gt;&gt; /tests/results/mutational-fuzz-data-targeted-at-user-endpoint.log'.</msg>
<arg>cat ${EXECDIR}/resources/mutational-fuzz-data-user-test.dat &gt;&gt; ${EXECDIR}/results/mutational-fuzz-data-targeted-at-user-endpoint.log</arg>
<doc>Runs the given command in the system and returns the output.</doc>
<status status="PASS" start="2024-05-02T21:20:18.499979" elapsed="0.006497"/>
</kw>
<arg>Run</arg>
<arg>cat ${EXECDIR}/resources/mutational-fuzz-data-user-test.dat &gt;&gt; ${EXECDIR}/results/mutational-fuzz-data-targeted-at-user-endpoint.log</arg>
<doc>Runs the given keyword with the given arguments and ignores possible error.</doc>
<status status="PASS" start="2024-05-02T21:20:18.499737" elapsed="0.006870"/>
</kw>
<kw name="Run Keyword And Ignore Error" owner="BuiltIn">
<kw name="Run" owner="OperatingSystem">
<msg time="2024-05-02T21:20:18.507750" level="INFO">Running command 'echo " " &gt;&gt; /tests/results/mutational-fuzz-data-targeted-at-user-endpoint.log'.</msg>
<arg>echo " " &gt;&gt; ${EXECDIR}/results/mutational-fuzz-data-targeted-at-user-endpoint.log</arg>
<doc>Runs the given command in the system and returns the output.</doc>
<status status="PASS" start="2024-05-02T21:20:18.507007" elapsed="0.002762"/>
</kw>
<arg>Run</arg>
<arg>echo " " &gt;&gt; ${EXECDIR}/results/mutational-fuzz-data-targeted-at-user-endpoint.log</arg>
<doc>Runs the given keyword with the given arguments and ignores possible error.</doc>
<status status="PASS" start="2024-05-02T21:20:18.506821" elapsed="0.003116"/>
</kw>
<status status="PASS" start="2024-05-02T21:20:08.453747" elapsed="10.056380"/>
</kw>
<arg>${GRAPHWALKER_PATH_KEYWORD}</arg>
<doc>Executes the given keyword with the given arguments.</doc>
<status status="PASS" start="2024-05-02T21:20:08.453415" elapsed="10.056894"/>
</kw>
<var name="${GRAPHWALKER_PATH_KEYWORD}">send_post_request_to_user_endpoint_with_fuzzed_data</var>
<status status="PASS" start="2024-05-02T21:20:08.453270" elapsed="10.057102"/>
</iter>
<iter>
<kw name="Run Keyword" owner="BuiltIn">
<kw name="check_server_log_files">
<kw name="Get File" owner="OperatingSystem">
<msg time="2024-05-02T21:20:18.512004" level="INFO" html="true">Getting file '&lt;a href="file:///tests/resources/api-application.log"&gt;/tests/resources/api-application.log&lt;/a&gt;'.</msg>
<msg time="2024-05-02T21:20:18.512896" level="INFO">${API_SERVER_LOG_CONTENTS} = [9:18:24 PM] › [CLI] …  awaiting  Starting Prism…
[9:18:24 PM] › [CLI] ✖  fatal     
prism mock &lt;document&gt;

Start a mock server with the given document file

Positionals:
  document  Path to a documen...</msg>
<var>${API_SERVER_LOG_CONTENTS}</var>
<arg>${EXECDIR}/resources/api-application.log</arg>
<doc>Returns the contents of a specified file.</doc>
<status status="PASS" start="2024-05-02T21:20:18.511829" elapsed="0.001113"/>
</kw>
<kw name="Log" owner="BuiltIn">
<msg time="2024-05-02T21:20:18.513296" level="INFO">[9:18:24 PM] › [CLI] …  awaiting  Starting Prism…
[9:18:24 PM] › [CLI] ✖  fatal     
prism mock &lt;document&gt;

Start a mock server with the given document file

Positionals:
  document  Path to a document file. Can be both a file or a fetchable resource on the web.  [string] [required]

Options:
      --version                           Show version number  [boolean]
      --help                              Show help  [boolean]
  -p, --port                              Port that Prism will run on.  [number] [required] [default: 4010]
  -h, --host                              Host that Prism will listen to.  [string] [required] [default: "127.0.0.1"]
      --cors                              Enables CORS headers.  [boolean] [default: true]
  -m, --multiprocess                      Forks the http server from the CLI for faster log processing.  [boolean] [default: false]
      --errors                            Specifies whether request/response violations marked as errors will produce an error response  [boolean] [required] [default: false]
  -v, --verboseLevel                      Turns on verbose logging.  [required] [choices: "trace", "debug", "info", "warn", "error", "fatal", "silent"] [default: "info"]
  -d, --dynamic                           Dynamically generate examples.  [boolean] [default: false]
      --json-schema-faker-fillProperties  Generate additional properties when using dynamic generation.  [boolean]
      --ignoreExamples                    Tell Prism to treat the spec as though it has no examples. When in static mode,
                                                                  returns an example that has not been generated using json-schema-faker, but was
                                                                  created by Prism. When in dynamic mode, this flag is ignored, since in dynamic mode,
                                                                  examples are not consulted and json-schema-faker is used to generate a response based
                                                                  on the schema defined in the spec  [boolean] [default: false]

listen EADDRINUSE: address already in use 0.0.0.0:4010
</msg>
<arg>${API_SERVER_LOG_CONTENTS}</arg>
<doc>Logs the given message with the given level.</doc>
<status status="PASS" start="2024-05-02T21:20:18.513124" elapsed="0.000941"/>
</kw>
<kw name="Should Not Contain Any" owner="BuiltIn">
<arg>${API_SERVER_LOG_CONTENTS}</arg>
<arg>UnhandledPromiseRejectionWarning</arg>
<arg>Unhandled</arg>
<arg>ERR_INVALID_CHAR</arg>
<arg>rejection</arg>
<arg>exception</arg>
<doc>Fails if ``container`` contains one or more of the ``*items``.</doc>
<status status="PASS" start="2024-05-02T21:20:18.514329" elapsed="0.000244"/>
</kw>
<status status="PASS" start="2024-05-02T21:20:18.511515" elapsed="0.003171"/>
</kw>
<arg>${GRAPHWALKER_PATH_KEYWORD}</arg>
<doc>Executes the given keyword with the given arguments.</doc>
<status status="PASS" start="2024-05-02T21:20:18.510767" elapsed="0.003983"/>
</kw>
<var name="${GRAPHWALKER_PATH_KEYWORD}">check_server_log_files</var>
<status status="PASS" start="2024-05-02T21:20:18.510580" elapsed="0.004217"/>
</iter>
<iter>
<kw name="Run Keyword" owner="BuiltIn">
<kw name="restart_server">
<kw name="Run Keyword And Ignore Error" owner="BuiltIn">
<kw name="Run" owner="OperatingSystem">
<msg time="2024-05-02T21:20:18.516249" level="FAIL">Keyword 'OperatingSystem.Run' expected 1 argument, got 3.</msg>
<arg>pkill prism</arg>
<arg>&gt; /dev/null 2&gt;&amp;1; pgrep prism | xargs kill &gt; /dev/null 2&gt;&amp;1; killall prism</arg>
<arg>&gt; /dev/null 2&gt;&amp;1</arg>
<doc>Runs the given command in the system and returns the output.</doc>
<status status="FAIL" start="2024-05-02T21:20:18.516008" elapsed="0.000308">Keyword 'OperatingSystem.Run' expected 1 argument, got 3.</status>
</kw>
<arg>Run</arg>
<arg>pkill prism</arg>
<arg>&gt; /dev/null 2&gt;&amp;1; pgrep prism | xargs kill &gt; /dev/null 2&gt;&amp;1; killall prism</arg>
<arg>&gt; /dev/null 2&gt;&amp;1</arg>
<doc>Runs the given keyword with the given arguments and ignores possible error.</doc>
<status status="PASS" start="2024-05-02T21:20:18.515801" elapsed="0.000637"/>
</kw>
<kw name="Sleep" owner="BuiltIn">
<msg time="2024-05-02T21:20:48.517298" level="INFO">Slept 30 seconds.</msg>
<arg>30 seconds</arg>
<doc>Pauses the test executed for the given time.</doc>
<status status="PASS" start="2024-05-02T21:20:18.516697" elapsed="30.000725"/>
</kw>
<kw name="Start Prism Mock Server" owner="PrismMockServerLibrary">
<doc>Start the Prism tool and create a mock API server.</doc>
<status status="PASS" start="2024-05-02T21:20:48.517634" elapsed="5.004884"/>
</kw>
<kw name="Sleep" owner="BuiltIn">
<msg time="2024-05-02T21:21:23.524058" level="INFO">Slept 30 seconds.</msg>
<arg>30 seconds</arg>
<doc>Pauses the test executed for the given time.</doc>
<status status="PASS" start="2024-05-02T21:20:53.523124" elapsed="30.001138"/>
</kw>
<status status="PASS" start="2024-05-02T21:20:18.515440" elapsed="65.009049"/>
</kw>
<arg>${GRAPHWALKER_PATH_KEYWORD}</arg>
<doc>Executes the given keyword with the given arguments.</doc>
<status status="PASS" start="2024-05-02T21:20:18.515066" elapsed="65.009533"/>
</kw>
<var name="${GRAPHWALKER_PATH_KEYWORD}">restart_server</var>
<status status="PASS" start="2024-05-02T21:20:18.514943" elapsed="65.009758"/>
</iter>
<iter>
<kw name="Run Keyword" owner="BuiltIn">
<kw name="check_server_log_files">
<kw name="Get File" owner="OperatingSystem">
<msg time="2024-05-02T21:21:23.527314" level="INFO" html="true">Getting file '&lt;a href="file:///tests/resources/api-application.log"&gt;/tests/resources/api-application.log&lt;/a&gt;'.</msg>
<msg time="2024-05-02T21:21:23.528649" level="INFO">${API_SERVER_LOG_CONTENTS} = [9:20:49 PM] › [CLI] …  awaiting  Starting Prism…
[9:20:49 PM] › [CLI] ✖  fatal     
prism mock &lt;document&gt;

Start a mock server with the given document file

Positionals:
  document  Path to a documen...</msg>
<var>${API_SERVER_LOG_CONTENTS}</var>
<arg>${EXECDIR}/resources/api-application.log</arg>
<doc>Returns the contents of a specified file.</doc>
<status status="PASS" start="2024-05-02T21:21:23.527079" elapsed="0.001635"/>
</kw>
<kw name="Log" owner="BuiltIn">
<msg time="2024-05-02T21:21:23.529264" level="INFO">[9:20:49 PM] › [CLI] …  awaiting  Starting Prism…
[9:20:49 PM] › [CLI] ✖  fatal     
prism mock &lt;document&gt;

Start a mock server with the given document file

Positionals:
  document  Path to a document file. Can be both a file or a fetchable resource on the web.  [string] [required]

Options:
      --version                           Show version number  [boolean]
      --help                              Show help  [boolean]
  -p, --port                              Port that Prism will run on.  [number] [required] [default: 4010]
  -h, --host                              Host that Prism will listen to.  [string] [required] [default: "127.0.0.1"]
      --cors                              Enables CORS headers.  [boolean] [default: true]
  -m, --multiprocess                      Forks the http server from the CLI for faster log processing.  [boolean] [default: false]
      --errors                            Specifies whether request/response violations marked as errors will produce an error response  [boolean] [required] [default: false]
  -v, --verboseLevel                      Turns on verbose logging.  [required] [choices: "trace", "debug", "info", "warn", "error", "fatal", "silent"] [default: "info"]
  -d, --dynamic                           Dynamically generate examples.  [boolean] [default: false]
      --json-schema-faker-fillProperties  Generate additional properties when using dynamic generation.  [boolean]
      --ignoreExamples                    Tell Prism to treat the spec as though it has no examples. When in static mode,
                                                                  returns an example that has not been generated using json-schema-faker, but was
                                                                  created by Prism. When in dynamic mode, this flag is ignored, since in dynamic mode,
                                                                  examples are not consulted and json-schema-faker is used to generate a response based
                                                                  on the schema defined in the spec  [boolean] [default: false]

listen EADDRINUSE: address already in use 0.0.0.0:4010
</msg>
<arg>${API_SERVER_LOG_CONTENTS}</arg>
<doc>Logs the given message with the given level.</doc>
<status status="PASS" start="2024-05-02T21:21:23.529036" elapsed="0.001059"/>
</kw>
<kw name="Should Not Contain Any" owner="BuiltIn">
<arg>${API_SERVER_LOG_CONTENTS}</arg>
<arg>UnhandledPromiseRejectionWarning</arg>
<arg>Unhandled</arg>
<arg>ERR_INVALID_CHAR</arg>
<arg>rejection</arg>
<arg>exception</arg>
<doc>Fails if ``container`` contains one or more of the ``*items``.</doc>
<status status="PASS" start="2024-05-02T21:21:23.530317" elapsed="0.000259"/>
</kw>
<status status="PASS" start="2024-05-02T21:21:23.526199" elapsed="0.004513"/>
</kw>
<arg>${GRAPHWALKER_PATH_KEYWORD}</arg>
<doc>Executes the given keyword with the given arguments.</doc>
<status status="PASS" start="2024-05-02T21:21:23.525449" elapsed="0.005347"/>
</kw>
<var name="${GRAPHWALKER_PATH_KEYWORD}">check_server_log_files</var>
[...]
<kw name="Automation Section For Slack Notifications">
<kw name="Set Suite Variable" owner="BuiltIn">
<msg time="2024-05-02T21:41:34.871289" level="INFO">${AUTOMATION_SECTION_NAME} = VVEGETA CHAOS LOAD TESTS - CUSTOMIZED PARAMETERS</msg>
<arg>${AUTOMATION_SECTION_NAME}</arg>
<arg>${AUTOMATION_SECTION}</arg>
<doc>Makes a variable available everywhere within the scope of the current suite.</doc>
<status status="PASS" start="2024-05-02T21:41:34.870362" elapsed="0.001034"/>
</kw>
<arg>VVEGETA CHAOS LOAD TESTS - CUSTOMIZED PARAMETERS</arg>
<status status="PASS" start="2024-05-02T21:41:34.869779" elapsed="0.001853"/>
</kw>
<kw name="Log Lines To Console">
<kw name="Log To Console" owner="BuiltIn">
<arg>...\n...\n...\n...</arg>
<doc>Logs the given message to the console.</doc>
<status status="PASS" start="2024-05-02T21:41:34.872682" elapsed="0.000442"/>
</kw>
<status status="PASS" start="2024-05-02T21:41:34.872008" elapsed="0.001286"/>
</kw>
<kw name="Run Custom Vegeta Load Test Connected To Toxiproxy">
<kw name="Remove File" owner="OperatingSystem">
<msg time="2024-05-02T21:41:34.876810" level="INFO" html="true">File '&lt;a href="file:///tests/*.bin"&gt;/tests/*.bin&lt;/a&gt;' does not exist.</msg>
<arg>${EXECDIR}/*.bin</arg>
<doc>Removes a file with the given path.</doc>
<status status="PASS" start="2024-05-02T21:41:34.874739" elapsed="0.002196"/>
</kw>
<kw name="Run Specific Parameters Vegeta Load Test" owner="VegetaLoadTestLibrary">
<msg time="2024-05-02T21:41:55.245096" level="INFO">Running Vegeta load test: go run vegeta-load-test-runner.go -rate 100 -duration 10s -url http://0.0.0.0:8080/store/order/9 -method GET -body  -output results.bin
Vegeta load test executed successfully: 

Vegeta Load Test Runner - Results


Requests: 1000
StatusCodes: map[200:1000]
Errors []
Success Rate: 100 %
Latencies (ms):
 - Mean: 10.008181761s
 - 50th percentile: 10.007061351s
 - 95th percentile: 10.010310765s
 - 99th percentile: 10.043751597s
 - Max: 10.095628553s</msg>
<arg>${USER_DEFINED_TEST_RATE}</arg>
<arg>${USER_DEFINED_TEST_DURATION}</arg>
<arg>${USER_DEFINED_URL}</arg>
<arg>${USER_DEFINED_METHOD}</arg>
<arg>${USER_DEFINED_TEST_REQUEST_BODY}</arg>
<arg>${USER_DEFINED_TEST_OUTPUT_FILE}</arg>
<doc>Runs the vegeta-load-test-runner.go automation with specific given parameters for more customization.</doc>
<status status="PASS" start="2024-05-02T21:41:34.877163" elapsed="20.369182"/>
</kw>
<kw name="Move Files" owner="OperatingSystem">
<msg time="2024-05-02T21:41:55.251601" level="INFO" html="true">Moved file from '&lt;a href="file:///tests/results.bin"&gt;/tests/results.bin&lt;/a&gt;' to '&lt;a href="file:///tests/results/results.bin"&gt;/tests/results/results.bin&lt;/a&gt;'.</msg>
<arg>${EXECDIR}/*.bin</arg>
<arg>${EXECDIR}/results/</arg>
<doc>Moves specified files to the target directory.</doc>
<status status="PASS" start="2024-05-02T21:41:55.246667" elapsed="0.005086"/>
</kw>
<kw name="Log To Console" owner="BuiltIn">
<arg>Vegeta Load Test Completed</arg>
<doc>Logs the given message to the console.</doc>
<status status="PASS" start="2024-05-02T21:41:55.252111" elapsed="0.000301"/>
</kw>
<kw name="Log To Console" owner="BuiltIn">
<arg>Check the results.bin files found in... ${EXECDIR}/results</arg>
<doc>Logs the given message to the console.</doc>
<status status="PASS" start="2024-05-02T21:41:55.252623" elapsed="0.000432"/>
</kw>
<arg>http://0.0.0.0:8080/store/order/9</arg>
<status status="PASS" start="2024-05-02T21:41:34.874029" elapsed="20.379179"/>
</kw>
<kw name="Log Lines To Console">
<kw name="Log To Console" owner="BuiltIn">
<arg>...\n...\n...\n...</arg>
<doc>Logs the given message to the console.</doc>
<status status="PASS" start="2024-05-02T21:41:55.254366" elapsed="0.000295"/>
</kw>
<status status="PASS" start="2024-05-02T21:41:55.253684" elapsed="0.001098"/>
</kw>
<kw name="Trigger Only After Failure" type="TEARDOWN">
<kw name="Run Keyword If Test Failed" owner="BuiltIn">
<arg>Automation Failure Detected Notify Team</arg>
<doc>Runs the given keyword with the given arguments, if the test failed.</doc>
<status status="PASS" start="2024-05-02T21:41:55.255795" elapsed="0.000334"/>
</kw>
<status status="PASS" start="2024-05-02T21:41:55.255376" elapsed="0.000873"/>
</kw>
<tag>Chaos_Tests</tag>
<tag>Load_Tests</tag>
<tag>Run_All_Tests</tag>
<status status="PASS" start="2024-05-02T21:41:34.868020" elapsed="20.388383"/>
</test>
<test id="s1-t7" name="GO TEST FUNCTIONAL TESTS - GET /USER/USERNAME : Analyze the Go Httpstat functional test for a GET request on the /user/vitae API endpoint" line="67">
<kw name="Log Lines To Console">
<kw name="Log To Console" owner="BuiltIn">
<arg>...\n...\n...\n...</arg>
<doc>Logs the given message to the console.</doc>
<status status="PASS" start="2024-05-02T21:41:55.258224" elapsed="0.000316"/>
</kw>
<status status="PASS" start="2024-05-02T21:41:55.257710" elapsed="0.000950"/>
</kw>
<kw name="Analyze Go Test Results">
<kw name="Run" owner="OperatingSystem">
<msg time="2024-05-02T21:41:55.260670" level="INFO">Running command 'cat /tests/resources/go-test-console-results.log | grep vitae 2&gt;&amp;1'.</msg>
<msg time="2024-05-02T21:41:55.265644" level="INFO">${GO_TEST_OUTPUT_CONTENTS} =   "Output": "    --- PASS: TestHTTPRequests/GET_http://0.0.0.0:4010/user/vitae (0.08s)\n"</msg>
<var>${GO_TEST_OUTPUT_CONTENTS}</var>
<arg>cat ${EXECDIR}/resources/go-test-console-results.log | grep ${GO_TEST_OUTPUT_CHECK1}</arg>
<doc>Runs the given command in the system and returns the output.</doc>
<status status="PASS" start="2024-05-02T21:41:55.259649" elapsed="0.006073"/>
</kw>
<kw name="Log" owner="BuiltIn">
<msg time="2024-05-02T21:41:55.266345" level="INFO">  "Output": "    --- PASS: TestHTTPRequests/GET_http://0.0.0.0:4010/user/vitae (0.08s)\n"</msg>
<arg>${GO_TEST_OUTPUT_CONTENTS}</arg>
<doc>Logs the given message with the given level.</doc>
<status status="PASS" start="2024-05-02T21:41:55.266109" elapsed="0.000320"/>
</kw>
<kw name="Should Contain" owner="BuiltIn">
<arg>${GO_TEST_OUTPUT_CONTENTS}</arg>
<arg>${GO_TEST_OUTPUT_CHECK2}</arg>
<doc>Fails if ``container`` does not contain ``item`` one or more times.</doc>
<status status="PASS" start="2024-05-02T21:41:55.266666" elapsed="0.000301"/>
</kw>
<arg>vitae</arg>
<arg>PASS</arg>
<status status="PASS" start="2024-05-02T21:41:55.259110" elapsed="0.007962"/>
</kw>
<kw name="Log Lines To Console">
<kw name="Log To Console" owner="BuiltIn">
<arg>...\n...\n...\n...</arg>
<doc>Logs the given message to the console.</doc>
<status status="PASS" start="2024-05-02T21:41:55.267669" elapsed="0.000405"/>
</kw>
<status status="PASS" start="2024-05-02T21:41:55.267357" elapsed="0.000856"/>
</kw>
<kw name="Trigger Only After Failure" type="TEARDOWN">
<kw name="Run Keyword If Test Failed" owner="BuiltIn">
<arg>Automation Failure Detected Notify Team</arg>
<doc>Runs the given keyword with the given arguments, if the test failed.</doc>
<status status="PASS" start="2024-05-02T21:41:55.269283" elapsed="0.000163"/>
</kw>
<status status="PASS" start="2024-05-02T21:41:55.268677" elapsed="0.000864"/>
</kw>
<tag>Functional_Tests</tag>
<tag>Functional_Tests_Analysis</tag>
<tag>robot:skip-on-failure</tag>
<tag>Run_All_Tests</tag>
<status status="PASS" start="2024-05-02T21:41:55.256901" elapsed="0.012789"/>
</test>
<test id="s1-t8" name="GO TEST FUNCTIONAL TESTS - GET /NO_AUTH/PETS/FINDBYSTATUS : Analyze the Go Httpstat functional test for a GET request on the /no_auth/pets/findByStatus API endpoint" line="73">
<kw name="Log Lines To Console">
<kw name="Log To Console" owner="BuiltIn">
<arg>...\n...\n...\n...</arg>
<doc>Logs the given message to the console.</doc>
<status status="PASS" start="2024-05-02T21:41:55.271635" elapsed="0.000794"/>
</kw>
<status status="PASS" start="2024-05-02T21:41:55.271221" elapsed="0.001385"/>
</kw>
<kw name="Analyze Go Test Results">
<kw name="Run" owner="OperatingSystem">
<msg time="2024-05-02T21:41:55.275001" level="INFO">Running command 'cat /tests/resources/go-test-console-results.log | grep findByStatus 2&gt;&amp;1'.</msg>
<msg time="2024-05-02T21:41:55.278925" level="INFO">${GO_TEST_OUTPUT_CONTENTS} =   "Output": "    --- PASS: TestHTTPRequests/GET_http://0.0.0.0:4010/no_auth/pets/findByStatus?status=available (0.03s)\n"</msg>
<var>${GO_TEST_OUTPUT_CONTENTS}</var>
<arg>cat ${EXECDIR}/resources/go-test-console-results.log | grep ${GO_TEST_OUTPUT_CHECK1}</arg>
<doc>Runs the given command in the system and returns the output.</doc>
<status status="PASS" start="2024-05-02T21:41:55.273863" elapsed="0.005118"/>
</kw>
<kw name="Log" owner="BuiltIn">
<msg time="2024-05-02T21:41:55.279368" level="INFO">  "Output": "    --- PASS: TestHTTPRequests/GET_http://0.0.0.0:4010/no_auth/pets/findByStatus?status=available (0.03s)\n"</msg>
<arg>${GO_TEST_OUTPUT_CONTENTS}</arg>
<doc>Logs the given message with the given level.</doc>
<status status="PASS" start="2024-05-02T21:41:55.279190" elapsed="0.000227"/>
</kw>
<kw name="Should Contain" owner="BuiltIn">
<arg>${GO_TEST_OUTPUT_CONTENTS}</arg>
<arg>${GO_TEST_OUTPUT_CHECK2}</arg>
<doc>Fails if ``container`` does not contain ``item`` one or more times.</doc>
<status status="PASS" start="2024-05-02T21:41:55.279539" elapsed="0.000169"/>
</kw>
<arg>findByStatus</arg>
<arg>PASS</arg>
<status status="PASS" start="2024-05-02T21:41:55.273076" elapsed="0.006709"/>
</kw>
<kw name="Log Lines To Console">
<kw name="Log To Console" owner="BuiltIn">
<arg>...\n...\n...\n...</arg>
<doc>Logs the given message to the console.</doc>
<status status="PASS" start="2024-05-02T21:41:55.280405" elapsed="0.000235"/>
</kw>
<status status="PASS" start="2024-05-02T21:41:55.280069" elapsed="0.000689"/>
</kw>
<kw name="Trigger Only After Failure" type="TEARDOWN">
<kw name="Run Keyword If Test Failed" owner="BuiltIn">
<arg>Automation Failure Detected Notify Team</arg>
<doc>Runs the given keyword with the given arguments, if the test failed.</doc>
<status status="PASS" start="2024-05-02T21:41:55.282617" elapsed="0.000125"/>
</kw>
<status status="PASS" start="2024-05-02T21:41:55.281326" elapsed="0.001588"/>
</kw>
<tag>Functional_Tests</tag>
<tag>Functional_Tests_Analysis</tag>
<tag>robot:skip-on-failure</tag>
<tag>Run_All_Tests</tag>
<status status="PASS" start="2024-05-02T21:41:55.270255" elapsed="0.012804"/>
</test>
<test id="s1-t9" name="GO TEST FUNCTIONAL TESTS - GET /STORE/ORDER/NUMBER : Analyze the Go Httpstat functional test for a GET request on the /store/order/9 API endpoint" line="79">
<kw name="Log Lines To Console">
<kw name="Log To Console" owner="BuiltIn">
<arg>...\n...\n...\n...</arg>
<doc>Logs the given message to the console.</doc>
<status status="PASS" start="2024-05-02T21:41:55.284585" elapsed="0.000246"/>
</kw>
<status status="PASS" start="2024-05-02T21:41:55.284257" elapsed="0.000806"/>
</kw>
<kw name="Analyze Go Test Results">
<kw name="Run" owner="OperatingSystem">
<msg time="2024-05-02T21:41:55.286420" level="INFO">Running command 'cat /tests/resources/go-test-console-results.log | grep store/order/9 2&gt;&amp;1'.</msg>
<msg time="2024-05-02T21:41:55.289763" level="INFO">${GO_TEST_OUTPUT_CONTENTS} =   "Output": "    --- PASS: TestHTTPRequests/GET_http://0.0.0.0:4010/store/order/9 (0.02s)\n"</msg>
<var>${GO_TEST_OUTPUT_CONTENTS}</var>
<arg>cat ${EXECDIR}/resources/go-test-console-results.log | grep ${GO_TEST_OUTPUT_CHECK1}</arg>
<doc>Runs the given command in the system and returns the output.</doc>
<status status="PASS" start="2024-05-02T21:41:55.285645" elapsed="0.004175"/>
</kw>
<kw name="Log" owner="BuiltIn">
<msg time="2024-05-02T21:41:55.290397" level="INFO">  "Output": "    --- PASS: TestHTTPRequests/GET_http://0.0.0.0:4010/store/order/9 (0.02s)\n"</msg>
<arg>${GO_TEST_OUTPUT_CONTENTS}</arg>
<doc>Logs the given message with the given level.</doc>
<status status="PASS" start="2024-05-02T21:41:55.290125" elapsed="0.000340"/>
</kw>
<kw name="Should Contain" owner="BuiltIn">
<arg>${GO_TEST_OUTPUT_CONTENTS}</arg>
<arg>${GO_TEST_OUTPUT_CHECK2}</arg>
<doc>Fails if ``container`` does not contain ``item`` one or more times.</doc>
<status status="PASS" start="2024-05-02T21:41:55.290638" elapsed="0.000201"/>
</kw>
<arg>store/order/9</arg>
<arg>PASS</arg>
<status status="PASS" start="2024-05-02T21:41:55.285332" elapsed="0.005594"/>
</kw>
<kw name="Log Lines To Console">
<kw name="Log To Console" owner="BuiltIn">
<arg>...\n...\n...\n...</arg>
<doc>Logs the given message to the console.</doc>
<status status="PASS" start="2024-05-02T21:41:55.291554" elapsed="0.000342"/>
</kw>
<status status="PASS" start="2024-05-02T21:41:55.291232" elapsed="0.003930"/>
</kw>
<kw name="Trigger Only After Failure" type="TEARDOWN">
<kw name="Run Keyword If Test Failed" owner="BuiltIn">
<arg>Automation Failure Detected Notify Team</arg>
<doc>Runs the given keyword with the given arguments, if the test failed.</doc>
<status status="PASS" start="2024-05-02T21:41:55.296669" elapsed="0.000145"/>
</kw>
<status status="PASS" start="2024-05-02T21:41:55.296159" elapsed="0.000756"/>
</kw>
<tag>Functional_Tests</tag>
<tag>Functional_Tests_Analysis</tag>
<tag>robot:skip-on-failure</tag>
<tag>Run_All_Tests</tag>
<status status="PASS" start="2024-05-02T21:41:55.283512" elapsed="0.013648"/>
</test>
<test id="s1-t10" name="GO TEST FUNCTIONAL TESTS - POST /STORE/ORDER : Analyze the Go Httpstat functional test for a POST request on the /store/order API endpoint. This will create a new order." line="85">
<kw name="Log Lines To Console">
<kw name="Log To Console" owner="BuiltIn">
<arg>...\n...\n...\n...</arg>
<doc>Logs the given message to the console.</doc>
<status status="PASS" start="2024-05-02T21:41:55.299302" elapsed="0.000758"/>
</kw>
<status status="PASS" start="2024-05-02T21:41:55.298752" elapsed="0.001685"/>
</kw>
<kw name="Analyze Go Test Results">
<kw name="Run" owner="OperatingSystem">
<msg time="2024-05-02T21:41:55.304550" level="INFO">Running command 'cat /tests/resources/go-test-console-results.log | grep POST_http://0.0.0.0:4010/store/order 2&gt;&amp;1'.</msg>
<msg time="2024-05-02T21:41:55.308743" level="INFO">${GO_TEST_OUTPUT_CONTENTS} =   "Output": "    --- PASS: TestHTTPRequests/POST_http://0.0.0.0:4010/store/order (0.03s)\n"</msg>
<var>${GO_TEST_OUTPUT_CONTENTS}</var>
<arg>cat ${EXECDIR}/resources/go-test-console-results.log | grep ${GO_TEST_OUTPUT_CHECK1}</arg>
<doc>Runs the given command in the system and returns the output.</doc>
<status status="PASS" start="2024-05-02T21:41:55.302611" elapsed="0.006183"/>
</kw>
<kw name="Log" owner="BuiltIn">
<msg time="2024-05-02T21:41:55.309287" level="INFO">  "Output": "    --- PASS: TestHTTPRequests/POST_http://0.0.0.0:4010/store/order (0.03s)\n"</msg>
<arg>${GO_TEST_OUTPUT_CONTENTS}</arg>
<doc>Logs the given message with the given level.</doc>
<status status="PASS" start="2024-05-02T21:41:55.309001" elapsed="0.000331"/>
</kw>
<kw name="Should Contain" owner="BuiltIn">
<arg>${GO_TEST_OUTPUT_CONTENTS}</arg>
<arg>${GO_TEST_OUTPUT_CHECK2}</arg>
<doc>Fails if ``container`` does not contain ``item`` one or more times.</doc>
<status status="PASS" start="2024-05-02T21:41:55.309454" elapsed="0.000160"/>
</kw>
<arg>POST_http://0.0.0.0:4010/store/order</arg>
<arg>PASS</arg>
<status status="PASS" start="2024-05-02T21:41:55.301337" elapsed="0.008387"/>
</kw>
<kw name="Log Lines To Console">
<kw name="Log To Console" owner="BuiltIn">
<arg>...\n...\n...\n...</arg>
<doc>Logs the given message to the console.</doc>
<status status="PASS" start="2024-05-02T21:41:55.310521" elapsed="0.000239"/>
</kw>
<status status="PASS" start="2024-05-02T21:41:55.310185" elapsed="0.000795"/>
</kw>
<kw name="Trigger Only After Failure" type="TEARDOWN">
<kw name="Run Keyword If Test Failed" owner="BuiltIn">
<arg>Automation Failure Detected Notify Team</arg>
<doc>Runs the given keyword with the given arguments, if the test failed.</doc>
<status status="PASS" start="2024-05-02T21:41:55.311907" elapsed="0.000144"/>
</kw>
<status status="PASS" start="2024-05-02T21:41:55.311438" elapsed="0.000707"/>
</kw>
<tag>Functional_Tests</tag>
<tag>Functional_Tests_Analysis</tag>
<tag>robot:skip-on-failure</tag>
<tag>Run_All_Tests</tag>
<status status="PASS" start="2024-05-02T21:41:55.297695" elapsed="0.014586"/>
</test>
<test id="s1-t11" name="GO TEST FUNCTIONAL TESTS - POST /USER : Analyze the Go Httpstat functional test for a POST request on the /user API endpoint. This will create a new user." line="91">
<kw name="Log Lines To Console">
<kw name="Log To Console" owner="BuiltIn">
<arg>...\n...\n...\n...</arg>
<doc>Logs the given message to the console.</doc>
<status status="PASS" start="2024-05-02T21:41:55.316047" elapsed="0.000508"/>
</kw>
<status status="PASS" start="2024-05-02T21:41:55.315087" elapsed="0.001632"/>
</kw>
<kw name="Analyze Go Test Results">
<kw name="Run" owner="OperatingSystem">
<msg time="2024-05-02T21:41:55.319916" level="INFO">Running command 'cat /tests/resources/go-test-console-results.log | grep POST_http://0.0.0.0:4010/user 2&gt;&amp;1'.</msg>
<msg time="2024-05-02T21:41:55.323029" level="INFO">${GO_TEST_OUTPUT_CONTENTS} =   "Output": "    --- PASS: TestHTTPRequests/POST_http://0.0.0.0:4010/user (0.02s)\n"</msg>
<var>${GO_TEST_OUTPUT_CONTENTS}</var>
<arg>cat ${EXECDIR}/resources/go-test-console-results.log | grep ${GO_TEST_OUTPUT_CHECK1}</arg>
<doc>Runs the given command in the system and returns the output.</doc>
<status status="PASS" start="2024-05-02T21:41:55.318989" elapsed="0.004105"/>
</kw>
<kw name="Log" owner="BuiltIn">
<msg time="2024-05-02T21:41:55.323489" level="INFO">  "Output": "    --- PASS: TestHTTPRequests/POST_http://0.0.0.0:4010/user (0.02s)\n"</msg>
<arg>${GO_TEST_OUTPUT_CONTENTS}</arg>
<doc>Logs the given message with the given level.</doc>
<status status="PASS" start="2024-05-02T21:41:55.323314" elapsed="0.000225"/>
</kw>
<kw name="Should Contain" owner="BuiltIn">
<arg>${GO_TEST_OUTPUT_CONTENTS}</arg>
<arg>${GO_TEST_OUTPUT_CHECK2}</arg>
<doc>Fails if ``container`` does not contain ``item`` one or more times.</doc>
<status status="PASS" start="2024-05-02T21:41:55.323662" elapsed="0.000168"/>
</kw>
<arg>POST_http://0.0.0.0:4010/user</arg>
<arg>PASS</arg>
<status status="PASS" start="2024-05-02T21:41:55.317225" elapsed="0.007427"/>
</kw>
<kw name="Log Lines To Console">
<kw name="Log To Console" owner="BuiltIn">
<arg>...\n...\n...\n...</arg>
<doc>Logs the given message to the console.</doc>
<status status="PASS" start="2024-05-02T21:41:55.325264" elapsed="0.000198"/>
</kw>
<status status="PASS" start="2024-05-02T21:41:55.324980" elapsed="0.000586"/>
</kw>
<kw name="Trigger Only After Failure" type="TEARDOWN">
<kw name="Run Keyword If Test Failed" owner="BuiltIn">
<arg>Automation Failure Detected Notify Team</arg>
<doc>Runs the given keyword with the given arguments, if the test failed.</doc>
<status status="PASS" start="2024-05-02T21:41:55.326519" elapsed="0.000126"/>
</kw>
<status status="PASS" start="2024-05-02T21:41:55.326014" elapsed="0.000718"/>
</kw>
<tag>Functional_Tests</tag>
<tag>Functional_Tests_Analysis</tag>
<tag>robot:skip-on-failure</tag>
<tag>Run_All_Tests</tag>
<status status="PASS" start="2024-05-02T21:41:55.312798" elapsed="0.014076"/>
</test>
<status status="PASS" start="2024-05-02T21:18:17.842092" elapsed="1417.485525"/>
</suite>
<statistics>
<total>
<stat pass="11" fail="0" skip="0">All Tests</stat>
</total>
<tag>
<stat pass="3" fail="0" skip="0">Chaos_Tests</stat>
<stat pass="1" fail="0" skip="0">Exploratory_Tests</stat>
<stat pass="5" fail="0" skip="0">Functional_Tests</stat>
<stat pass="5" fail="0" skip="0">Functional_Tests_Analysis</stat>
<stat pass="2" fail="0" skip="0">Load_Tests</stat>
<stat pass="1" fail="0" skip="0">Model-Based_Tests</stat>
<stat pass="11" fail="0" skip="0">Run_All_Tests</stat>
<stat pass="3" fail="0" skip="0">Tests_Setup</stat>
</tag>
<suite>
<stat pass="11" fail="0" skip="0" id="s1" name="Generic-Automation">Generic-Automation</stat>
</suite>
</statistics>
<errors>
</errors>
</robot>
